
<!DOCTYPE html>
<html>
<head>
  <meta charset="utf-8">
  <meta name="viewport" content="width=device-width, initial-scale=1, shrink-to-fit=no">
  <title>Extent</title>
  <link rel="apple-touch-icon" href="https://cdn.rawgit.com/extent-framework/extent-github-cdn/d74480e/commons/img/logo.png">
  <link rel="shortcut icon" href="https://cdn.rawgit.com/extent-framework/extent-github-cdn/d74480e/commons/img/logo.png">
  <link href="https://cdn.rawgit.com/extent-framework/extent-github-cdn/cd00a5e/spark/css/style.css" rel="stylesheet" />
  <link href="https://stackpath.bootstrapcdn.com/font-awesome/4.7.0/css/font-awesome.min.css" rel="stylesheet">
  <style> 
                
            </style>
</head>
<script src="https://cdn.rawgit.com/extent-framework/extent-github-cdn/7cc78ce/spark/js/jsontree.js"></script>



<body class="test-view  standard">
    <div class="app header-dark side-nav-folded">
        <div class="layout">
            <div class="header navbar">
    <div class="header-container">
        <div class="nav-logo">
          <a href="index.html">
            <div class="logo logo-dark" style="background-image: url('https://cdn.rawgit.com/extent-framework/extent-github-cdn/d74480e/commons/img/logo.png')"></div>
            <div class="logo logo-white" style="background-image: url('https://cdn.rawgit.com/extent-framework/extent-github-cdn/d74480e/commons/img/logo.png')"></div>
          </a>
        </div>
        <ul class="nav-left">
          <li>
            <a class="sidenav-fold-toggler" href="javascript:void(0);">
              <i class="fa fa-bars"></i>
            </a>
            <a class="sidenav-expand-toggler" href="javascript:void(0);">
              <i class="fa fa-bars"></i>
            </a>
          </li>
          <li class="search-box">
            <a class="search-toggle" href="javascript:void(0);">
              <i class="search-icon fa fa-search"></i>
              <i class="search-icon-close fa fa-close"></i>
            </a>
          </li>
          <li class="search-input">
            <input id="search-tests" class="form-control" type="text" placeholder="Type to search...">
          </li>
        </ul>
        <ul class="nav-right">
          <li class="m-r-10">
            <a href="#">
              <span class="badge badge-primary">Automation Report</span>
            </a>
          </li>
            <li class="m-r-10">
                <a href="#">
                    <span class="badge badge-primary">10/31/2019 12:43:54 PM</span>
                </a>
            </li>
        </ul>
    </div>
</div>
            <div class="side-nav side-nav-folded">
  <div class="side-nav-inner">
    <ul class="side-nav-menu scrollable">
      <li class="nav-item dropdown">
        <a id="nav-test" class="dropdown-toggle" href="index.html">
          <span class="icon-holder">
            <i class="fa fa-align-left"></i>
          </span>
          <span class="title">Tests</span>
        </a>
      </li>
            <li class="nav-item dropdown">
        <a id="nav-dashboard" class="dropdown-toggle" href="dashboard.html">
          <span class="icon-holder">
            <i class="fa fa-bar-chart"></i>
          </span>
          <span class="title">Dashboard</span>
        </a>
      </li>
    </ul>
  </div>
  <div class="side-nav-controls">
    <ul>
      <li>
        <a href="#" class="lightsout" style="color:#8a8a8a;">
          <i class="fa fa-desktop"></i>"</a>
      </li>
    </ul>
  </div>
</div>

            <div class="page-container">
                <div class="main-content">
                    <div class="test-wrapper row">
                        <div class="test-list">
                            <div class="test-list-tools">
                                <ul class="tools pull-left">
                                    <li>
                                        <a href="">
                                            <span class="font-size-14">Tests</span>
                                        </a>
                                    </li> 
                                </ul>
                                <ul class="tools text-right">
									<li class="user-profile dropdown dropdown-animated scale-left">
										<a href="#" class="dropdown-toggle" data-toggle="dropdown">
											<i class="fa fa-exclamation-circle"></i>
										</a>
										<ul id="status-toggle" class="dropdown-menu dropdown-md p-v-0">
<a status="pass" class="dropdown-item" href="#"><span>Pass</span><span class="status success pull-right"></span></a>											<a status="fail" class="dropdown-item" href="#"><span>Fail</span><span class="status danger pull-right"></span></a>																																																							<div class="dropdown-divider"></div>
											<a status="clear" class="dropdown-item" href="#"><span>Clear</span><span class="pull-right"><i class="fa fa-close"></i></span></a>
										</ul>
									</li>
																		                                </ul>
                            </div>
                            <div class="test-list-wrapper scrollable">
                                <ul class="test-list-item">
										<li class="test-item" status="pass" author="" device="" tag=""> 
											<div class="status-avatar pass-bg">
												<i class="fa fa-check text-white"></i>
											</div>
											<div class="open-test">
												<div class="test-detail"> 
													<p class="name">AddNMCMemberThruMovieRewards</p> 
													<p class="duration text-sm">0h:0m:13s+897ms</p> 
													<span class="datetime">12:44:03 PM</span>
												</div>
											</div>
											<div class="test-contents d-none">
												<div class="detail-head">
													<div class="p-v-10 d-inline-block">	
														<div class="info">
															<h5 class="test-status text-pass">AddNMCMemberThruMovieRewards</h5>
															<span class='badge badge-success'>10/31/2019 12:44:03 PM</span>
															<span class='badge badge-danger'>10/31/2019 12:44:17 PM</span>
															<span class='badge badge-default'>0h:0m:13s+897ms</span>
														</div>
																											</div>
												</div>
<div class="detail-body mt-4">												
	
<table class="table table-sm">
	<thead><tr>
		<th class="status-col">Status</th>
		<th class="timestamp-col">Timestamp</th>
		<th class="details-col">Details</th>
	</tr></thead>
	<tbody>
			<tr class="event-row">
				<td><i class="fa fa-check text-pass"></i></td>
				<td>12:44:17</td>
				<td>
New Movie Club member is successfully added thru Movie Rewards - Passed									</td>
			</tr>
	</tbody>
</table>

</div>    
											</div>
										</li>
										<li class="test-item" status="pass" author="" device="" tag=""> 
											<div class="status-avatar pass-bg">
												<i class="fa fa-check text-white"></i>
											</div>
											<div class="open-test">
												<div class="test-detail"> 
													<p class="name">MoviePointsTest</p> 
													<p class="duration text-sm">0h:0m:0s+028ms</p> 
													<span class="datetime">12:44:17 PM</span>
												</div>
											</div>
											<div class="test-contents d-none">
												<div class="detail-head">
													<div class="p-v-10 d-inline-block">	
														<div class="info">
															<h5 class="test-status text-pass">MoviePointsTest</h5>
															<span class='badge badge-success'>10/31/2019 12:44:17 PM</span>
															<span class='badge badge-danger'>10/31/2019 12:44:17 PM</span>
															<span class='badge badge-default'>0h:0m:0s+028ms</span>
														</div>
																											</div>
												</div>
<div class="detail-body mt-4">												
	
<table class="table table-sm">
	<thead><tr>
		<th class="status-col">Status</th>
		<th class="timestamp-col">Timestamp</th>
		<th class="details-col">Details</th>
	</tr></thead>
	<tbody>
			<tr class="event-row">
				<td><i class="fa fa-check text-pass"></i></td>
				<td>12:44:17</td>
				<td>
Successfully earned 9 points for a new Club member - Passed									</td>
			</tr>
	</tbody>
</table>

</div>    
											</div>
										</li>
										<li class="test-item" status="pass" author="" device="" tag=""> 
											<div class="status-avatar pass-bg">
												<i class="fa fa-check text-white"></i>
											</div>
											<div class="open-test">
												<div class="test-detail"> 
													<p class="name">TicketTest</p> 
													<p class="duration text-sm">0h:0m:0s+000ms</p> 
													<span class="datetime">12:44:38 PM</span>
												</div>
											</div>
											<div class="test-contents d-none">
												<div class="detail-head">
													<div class="p-v-10 d-inline-block">	
														<div class="info">
															<h5 class="test-status text-pass">TicketTest</h5>
															<span class='badge badge-success'>10/31/2019 12:44:38 PM</span>
															<span class='badge badge-danger'>10/31/2019 12:44:38 PM</span>
															<span class='badge badge-default'>0h:0m:0s+000ms</span>
														</div>
																											</div>
												</div>
											</div>
										</li>
										<li class="test-item" status="pass" author="" device="" tag=""> 
											<div class="status-avatar pass-bg">
												<i class="fa fa-check text-white"></i>
											</div>
											<div class="open-test">
												<div class="test-detail"> 
													<p class="name">DuplicateNewClubMemberAdd</p> 
													<p class="duration text-sm">0h:0m:8s+732ms</p> 
													<span class="datetime">12:45:06 PM</span>
												</div>
											</div>
											<div class="test-contents d-none">
												<div class="detail-head">
													<div class="p-v-10 d-inline-block">	
														<div class="info">
															<h5 class="test-status text-pass">DuplicateNewClubMemberAdd</h5>
															<span class='badge badge-success'>10/31/2019 12:45:06 PM</span>
															<span class='badge badge-danger'>10/31/2019 12:45:15 PM</span>
															<span class='badge badge-default'>0h:0m:8s+732ms</span>
														</div>
																											</div>
												</div>
<div class="detail-body mt-4">												
	
<table class="table table-sm">
	<thead><tr>
		<th class="status-col">Status</th>
		<th class="timestamp-col">Timestamp</th>
		<th class="details-col">Details</th>
	</tr></thead>
	<tbody>
			<tr class="event-row">
				<td><i class="fa fa-check text-pass"></i></td>
				<td>12:45:15</td>
				<td>
Existing Movie Club Member restricted not to be added - Passed									</td>
			</tr>
	</tbody>
</table>

</div>    
											</div>
										</li>
										<li class="test-item" status="fail" author="" device="" tag=""> 
											<div class="status-avatar fail-bg">
												<i class="fa fa-times text-white"></i>
											</div>
											<div class="open-test">
												<div class="test-detail"> 
													<p class="name">RegisterNewAccount</p> 
													<p class="duration text-sm">0h:0m:9s+782ms</p> 
													<span class="datetime">12:45:39 PM</span>
												</div>
											</div>
											<div class="test-contents d-none">
												<div class="detail-head">
													<div class="p-v-10 d-inline-block">	
														<div class="info">
															<h5 class="test-status text-fail">RegisterNewAccount</h5>
															<span class='badge badge-success'>10/31/2019 12:45:39 PM</span>
															<span class='badge badge-danger'>10/31/2019 12:45:49 PM</span>
															<span class='badge badge-default'>0h:0m:9s+782ms</span>
														</div>
																											</div>
												</div>
<div class="detail-body mt-4">												
	
<table class="table table-sm">
	<thead><tr>
		<th class="status-col">Status</th>
		<th class="timestamp-col">Timestamp</th>
		<th class="details-col">Details</th>
	</tr></thead>
	<tbody>
			<tr class="event-row">
				<td><i class="fa fa-times text-fail"></i></td>
				<td>12:45:48</td>
				<td>
NUnit.Framework.AssertionException
   at NUnit.Framework.Assert.ReportFailure(String message) in D:\a\1\s\src\NUnitFramework\framework\Assert.cs:line 394
   at NUnit.Framework.Assert.Fail(String message, Object[] args) in D:\a\1\s\src\NUnitFramework\framework\Assert.cs:line 145
   at NUnit.Framework.Assert.Fail() in D:\a\1\s\src\NUnitFramework\framework\Assert.cs:line 164
   at Cinemark.com.cinemark.testscripts.AddNewMovieFanThruMovieRewardsTest.<RegisterNewAccount>b__4_0() in C:\Users\sanne\src\Repos\Internet-Tests\com.cinemark.testscripts\MovieClub\AddNewMovieFanThruMovieRewardsTest.cs:line 52
   at Cinemark.com.cinemark.testscripts.BaseTest.UITest(Action action) in C:\Users\sanne\src\Repos\Internet-Tests\com.cinemark.testscripts\BaseTest.cs:line 41									</td>
			</tr>
			<tr class="event-row">
				<td><i class="fa fa-times text-fail"></i></td>
				<td>12:45:49</td>
				<td>
Test ended with status *** Fail ***									</td>
			</tr>
			<tr class="event-row">
				<td><i class="fa fa-times text-fail"></i></td>
				<td>12:45:49</td>
				<td>
Snapshot below: AventStack.ExtentReports.ExtentTest									</td>
			</tr>
	</tbody>
</table>

</div>    
<div class="detail-foot">
	<ul class="attachments">
		<li>
			<a href="C:\Users\sanne\src\Repos\Internet-Tests\Automation_Report\OutPut\screenshots\screenshots_On_10-31-19\RegisterNewAccount_2019-10-31-12-45-48.png" data-featherlight="image">
				<div class="file-icon">
					<i class="fa fa-file-image-o"></i> 
				</div>
				<div class="file-info">
		                <span class="file-name">RegisterNewAccount_2019-10-31-12-45-48.png</span>
		                <span class="file-size"> 801228Kb</span>
				</div>
			</a>
		</li>
	</ul>
</div>
											</div>
										</li>
										<li class="test-item" status="fail" author="" device="" tag=""> 
											<div class="status-avatar fail-bg">
												<i class="fa fa-times text-white"></i>
											</div>
											<div class="open-test">
												<div class="test-detail"> 
													<p class="name">AddZeroDollarTicketThruMovieRewards</p> 
													<p class="duration text-sm">0h:0m:29s+859ms</p> 
													<span class="datetime">12:45:59 PM</span>
												</div>
											</div>
											<div class="test-contents d-none">
												<div class="detail-head">
													<div class="p-v-10 d-inline-block">	
														<div class="info">
															<h5 class="test-status text-fail">AddZeroDollarTicketThruMovieRewards</h5>
															<span class='badge badge-success'>10/31/2019 12:45:59 PM</span>
															<span class='badge badge-danger'>10/31/2019 12:46:29 PM</span>
															<span class='badge badge-default'>0h:0m:29s+859ms</span>
														</div>
																											</div>
												</div>
<div class="detail-body mt-4">												
	
<table class="table table-sm">
	<thead><tr>
		<th class="status-col">Status</th>
		<th class="timestamp-col">Timestamp</th>
		<th class="details-col">Details</th>
	</tr></thead>
	<tbody>
			<tr class="event-row">
				<td><i class="fa fa-times text-fail"></i></td>
				<td>12:46:28</td>
				<td>
Successfully added $0.00 ticket  for a Movie Club Member - Failed									</td>
			</tr>
			<tr class="event-row">
				<td><i class="fa fa-times text-fail"></i></td>
				<td>12:46:28</td>
				<td>
NUnit.Framework.AssertionException
   at NUnit.Framework.Assert.ReportFailure(String message) in D:\a\1\s\src\NUnitFramework\framework\Assert.cs:line 394
   at NUnit.Framework.Assert.Fail(String message, Object[] args) in D:\a\1\s\src\NUnitFramework\framework\Assert.cs:line 145
   at NUnit.Framework.Assert.Fail() in D:\a\1\s\src\NUnitFramework\framework\Assert.cs:line 164
   at Cinemark.com.cinemark.testscripts.AddZeroDollarTicketToNewMCMThruMovieRewardsTest.<AddZeroDollarTicketThruMovieRewards>b__10_0() in C:\Users\sanne\src\Repos\Internet-Tests\com.cinemark.testscripts\Purchases\AddZeroDollarTicketToNewMCMThruMovieRewardsTest.cs:line 76
   at Cinemark.com.cinemark.testscripts.BaseTest.UITest(Action action) in C:\Users\sanne\src\Repos\Internet-Tests\com.cinemark.testscripts\BaseTest.cs:line 41									</td>
			</tr>
			<tr class="event-row">
				<td><i class="fa fa-times text-fail"></i></td>
				<td>12:46:29</td>
				<td>
Test ended with status *** Fail ***									</td>
			</tr>
			<tr class="event-row">
				<td><i class="fa fa-times text-fail"></i></td>
				<td>12:46:29</td>
				<td>
Snapshot below: AventStack.ExtentReports.ExtentTest									</td>
			</tr>
	</tbody>
</table>

</div>    
<div class="detail-foot">
	<ul class="attachments">
		<li>
			<a href="C:\Users\sanne\src\Repos\Internet-Tests\Automation_Report\OutPut\screenshots\screenshots_On_10-31-19\AddZeroDollarTicketThruMovieRewards_2019-10-31-12-46-29.png" data-featherlight="image">
				<div class="file-icon">
					<i class="fa fa-file-image-o"></i> 
				</div>
				<div class="file-info">
		                <span class="file-name">AddZeroDollarTicketThruMovieRewards_2019-10-31-12-46-29.png</span>
		                <span class="file-size"> 520291Kb</span>
				</div>
			</a>
		</li>
	</ul>
</div>
											</div>
										</li>
										<li class="test-item" status="fail" author="" device="" tag=""> 
											<div class="status-avatar fail-bg">
												<i class="fa fa-times text-white"></i>
											</div>
											<div class="open-test">
												<div class="test-detail"> 
													<p class="name">PointsEarnedTest</p> 
													<p class="duration text-sm">0h:0m:6s+324ms</p> 
													<span class="datetime">12:46:29 PM</span>
												</div>
											</div>
											<div class="test-contents d-none">
												<div class="detail-head">
													<div class="p-v-10 d-inline-block">	
														<div class="info">
															<h5 class="test-status text-fail">PointsEarnedTest</h5>
															<span class='badge badge-success'>10/31/2019 12:46:29 PM</span>
															<span class='badge badge-danger'>10/31/2019 12:46:35 PM</span>
															<span class='badge badge-default'>0h:0m:6s+324ms</span>
														</div>
																											</div>
												</div>
<div class="detail-body mt-4">												
	
<table class="table table-sm">
	<thead><tr>
		<th class="status-col">Status</th>
		<th class="timestamp-col">Timestamp</th>
		<th class="details-col">Details</th>
	</tr></thead>
	<tbody>
			<tr class="event-row">
				<td><i class="fa fa-times text-fail"></i></td>
				<td>12:46:34</td>
				<td>
No points received for $0.00 ticket purchase - Failed									</td>
			</tr>
			<tr class="event-row">
				<td><i class="fa fa-times text-fail"></i></td>
				<td>12:46:35</td>
				<td>
NUnit.Framework.AssertionException
   at NUnit.Framework.Assert.ReportFailure(String message) in D:\a\1\s\src\NUnitFramework\framework\Assert.cs:line 394
   at NUnit.Framework.Assert.Fail(String message, Object[] args) in D:\a\1\s\src\NUnitFramework\framework\Assert.cs:line 145
   at NUnit.Framework.Assert.Fail() in D:\a\1\s\src\NUnitFramework\framework\Assert.cs:line 164
   at Cinemark.com.cinemark.testscripts.AddZeroDollarTicketToNewMCMThruMovieRewardsTest.<PointsEarnedTest>b__11_0() in C:\Users\sanne\src\Repos\Internet-Tests\com.cinemark.testscripts\Purchases\AddZeroDollarTicketToNewMCMThruMovieRewardsTest.cs:line 100
   at Cinemark.com.cinemark.testscripts.BaseTest.UITest(Action action) in C:\Users\sanne\src\Repos\Internet-Tests\com.cinemark.testscripts\BaseTest.cs:line 41									</td>
			</tr>
			<tr class="event-row">
				<td><i class="fa fa-times text-fail"></i></td>
				<td>12:46:35</td>
				<td>
Test ended with status *** Fail ***									</td>
			</tr>
			<tr class="event-row">
				<td><i class="fa fa-times text-fail"></i></td>
				<td>12:46:35</td>
				<td>
Snapshot below: AventStack.ExtentReports.ExtentTest									</td>
			</tr>
	</tbody>
</table>

</div>    
<div class="detail-foot">
	<ul class="attachments">
		<li>
			<a href="C:\Users\sanne\src\Repos\Internet-Tests\Automation_Report\OutPut\screenshots\screenshots_On_10-31-19\PointsEarnedTest_2019-10-31-12-46-35.png" data-featherlight="image">
				<div class="file-icon">
					<i class="fa fa-file-image-o"></i> 
				</div>
				<div class="file-info">
		                <span class="file-name">PointsEarnedTest_2019-10-31-12-46-35.png</span>
		                <span class="file-size"> 520291Kb</span>
				</div>
			</a>
		</li>
	</ul>
</div>
											</div>
										</li>
										<li class="test-item" status="fail" author="" device="" tag=""> 
											<div class="status-avatar fail-bg">
												<i class="fa fa-times text-white"></i>
											</div>
											<div class="open-test">
												<div class="test-detail"> 
													<p class="name">PurchaseATicketUsingNewMCMCredits</p> 
													<p class="duration text-sm">0h:0m:24s+982ms</p> 
													<span class="datetime">12:46:48 PM</span>
												</div>
											</div>
											<div class="test-contents d-none">
												<div class="detail-head">
													<div class="p-v-10 d-inline-block">	
														<div class="info">
															<h5 class="test-status text-fail">PurchaseATicketUsingNewMCMCredits</h5>
															<span class='badge badge-success'>10/31/2019 12:46:48 PM</span>
															<span class='badge badge-danger'>10/31/2019 12:47:13 PM</span>
															<span class='badge badge-default'>0h:0m:24s+982ms</span>
														</div>
																											</div>
												</div>
<div class="detail-body mt-4">												
	
<table class="table table-sm">
	<thead><tr>
		<th class="status-col">Status</th>
		<th class="timestamp-col">Timestamp</th>
		<th class="details-col">Details</th>
	</tr></thead>
	<tbody>
			<tr class="event-row">
				<td><i class="fa fa-times text-fail"></i></td>
				<td>12:47:11</td>
				<td>
Successful Ticket purchase - Failed									</td>
			</tr>
			<tr class="event-row">
				<td><i class="fa fa-times text-fail"></i></td>
				<td>12:47:12</td>
				<td>
NUnit.Framework.AssertionException
   at NUnit.Framework.Assert.ReportFailure(String message) in D:\a\1\s\src\NUnitFramework\framework\Assert.cs:line 394
   at NUnit.Framework.Assert.Fail(String message, Object[] args) in D:\a\1\s\src\NUnitFramework\framework\Assert.cs:line 145
   at NUnit.Framework.Assert.Fail() in D:\a\1\s\src\NUnitFramework\framework\Assert.cs:line 164
   at Cinemark.com.cinemark.testscripts.BuyATicketUncheckingMovieCreditsBoxTest.<PurchaseATicketUsingNewMCMCredits>b__9_0() in C:\Users\sanne\src\Repos\Internet-Tests\com.cinemark.testscripts\BuyATicketUncheckingMovieCreditsBoxTest.cs:line 86
   at Cinemark.com.cinemark.testscripts.BaseTest.UITest(Action action) in C:\Users\sanne\src\Repos\Internet-Tests\com.cinemark.testscripts\BaseTest.cs:line 41									</td>
			</tr>
			<tr class="event-row">
				<td><i class="fa fa-times text-fail"></i></td>
				<td>12:47:13</td>
				<td>
Test ended with status *** Fail ***									</td>
			</tr>
			<tr class="event-row">
				<td><i class="fa fa-times text-fail"></i></td>
				<td>12:47:13</td>
				<td>
Snapshot below: AventStack.ExtentReports.ExtentTest									</td>
			</tr>
	</tbody>
</table>

</div>    
<div class="detail-foot">
	<ul class="attachments">
		<li>
			<a href="C:\Users\sanne\src\Repos\Internet-Tests\Automation_Report\OutPut\screenshots\screenshots_On_10-31-19\PurchaseATicketUsingNewMCMCredits_2019-10-31-12-47-12.png" data-featherlight="image">
				<div class="file-icon">
					<i class="fa fa-file-image-o"></i> 
				</div>
				<div class="file-info">
		                <span class="file-name">PurchaseATicketUsingNewMCMCredits_2019-10-31-12-47-12.png</span>
		                <span class="file-size"> 649816Kb</span>
				</div>
			</a>
		</li>
	</ul>
</div>
											</div>
										</li>
										<li class="test-item" status="fail" author="" device="" tag=""> 
											<div class="status-avatar fail-bg">
												<i class="fa fa-times text-white"></i>
											</div>
											<div class="open-test">
												<div class="test-detail"> 
													<p class="name">TicketConfirmationNumber</p> 
													<p class="duration text-sm">0h:0m:6s+378ms</p> 
													<span class="datetime">12:47:13 PM</span>
												</div>
											</div>
											<div class="test-contents d-none">
												<div class="detail-head">
													<div class="p-v-10 d-inline-block">	
														<div class="info">
															<h5 class="test-status text-fail">TicketConfirmationNumber</h5>
															<span class='badge badge-success'>10/31/2019 12:47:13 PM</span>
															<span class='badge badge-danger'>10/31/2019 12:47:19 PM</span>
															<span class='badge badge-default'>0h:0m:6s+378ms</span>
														</div>
																											</div>
												</div>
<div class="detail-body mt-4">												
	
<table class="table table-sm">
	<thead><tr>
		<th class="status-col">Status</th>
		<th class="timestamp-col">Timestamp</th>
		<th class="details-col">Details</th>
	</tr></thead>
	<tbody>
			<tr class="event-row">
				<td><i class="fa fa-times text-fail"></i></td>
				<td>12:47:18</td>
				<td>
Ticket Confirmation Number displayed - Failed									</td>
			</tr>
			<tr class="event-row">
				<td><i class="fa fa-times text-fail"></i></td>
				<td>12:47:18</td>
				<td>
NUnit.Framework.AssertionException
   at NUnit.Framework.Assert.ReportFailure(String message) in D:\a\1\s\src\NUnitFramework\framework\Assert.cs:line 394
   at NUnit.Framework.Assert.Fail(String message, Object[] args) in D:\a\1\s\src\NUnitFramework\framework\Assert.cs:line 145
   at NUnit.Framework.Assert.Fail() in D:\a\1\s\src\NUnitFramework\framework\Assert.cs:line 164
   at Cinemark.com.cinemark.testscripts.BuyATicketUncheckingMovieCreditsBoxTest.<TicketConfirmationNumber>b__10_0() in C:\Users\sanne\src\Repos\Internet-Tests\com.cinemark.testscripts\BuyATicketUncheckingMovieCreditsBoxTest.cs:line 114
   at Cinemark.com.cinemark.testscripts.BaseTest.UITest(Action action) in C:\Users\sanne\src\Repos\Internet-Tests\com.cinemark.testscripts\BaseTest.cs:line 41									</td>
			</tr>
			<tr class="event-row">
				<td><i class="fa fa-times text-fail"></i></td>
				<td>12:47:19</td>
				<td>
Test ended with status *** Fail ***									</td>
			</tr>
			<tr class="event-row">
				<td><i class="fa fa-times text-fail"></i></td>
				<td>12:47:19</td>
				<td>
Snapshot below: AventStack.ExtentReports.ExtentTest									</td>
			</tr>
	</tbody>
</table>

</div>    
<div class="detail-foot">
	<ul class="attachments">
		<li>
			<a href="C:\Users\sanne\src\Repos\Internet-Tests\Automation_Report\OutPut\screenshots\screenshots_On_10-31-19\TicketConfirmationNumber_2019-10-31-12-47-18.png" data-featherlight="image">
				<div class="file-icon">
					<i class="fa fa-file-image-o"></i> 
				</div>
				<div class="file-info">
		                <span class="file-name">TicketConfirmationNumber_2019-10-31-12-47-18.png</span>
		                <span class="file-size"> 649816Kb</span>
				</div>
			</a>
		</li>
	</ul>
</div>
											</div>
										</li>
										<li class="test-item" status="fail" author="" device="" tag=""> 
											<div class="status-avatar fail-bg">
												<i class="fa fa-times text-white"></i>
											</div>
											<div class="open-test">
												<div class="test-detail"> 
													<p class="name">TicketPricesWithNoCredit</p> 
													<p class="duration text-sm">0h:1m:35s+014ms</p> 
													<span class="datetime">12:47:19 PM</span>
												</div>
											</div>
											<div class="test-contents d-none">
												<div class="detail-head">
													<div class="p-v-10 d-inline-block">	
														<div class="info">
															<h5 class="test-status text-fail">TicketPricesWithNoCredit</h5>
															<span class='badge badge-success'>10/31/2019 12:47:19 PM</span>
															<span class='badge badge-danger'>10/31/2019 12:48:54 PM</span>
															<span class='badge badge-default'>0h:1m:35s+014ms</span>
														</div>
																											</div>
												</div>
<div class="detail-body mt-4">												
	
<table class="table table-sm">
	<thead><tr>
		<th class="status-col">Status</th>
		<th class="timestamp-col">Timestamp</th>
		<th class="details-col">Details</th>
	</tr></thead>
	<tbody>
			<tr class="event-row">
				<td><i class="fa fa-times text-fail"></i></td>
				<td>12:48:53</td>
				<td>
Full price is added when Apply Credits is unchecked - Failed									</td>
			</tr>
			<tr class="event-row">
				<td><i class="fa fa-times text-fail"></i></td>
				<td>12:48:53</td>
				<td>
NUnit.Framework.AssertionException
   at NUnit.Framework.Assert.ReportFailure(String message) in D:\a\1\s\src\NUnitFramework\framework\Assert.cs:line 394
   at NUnit.Framework.Assert.Fail(String message, Object[] args) in D:\a\1\s\src\NUnitFramework\framework\Assert.cs:line 145
   at NUnit.Framework.Assert.Fail() in D:\a\1\s\src\NUnitFramework\framework\Assert.cs:line 164
   at Cinemark.com.cinemark.testscripts.BuyATicketUncheckingMovieCreditsBoxTest.<TicketPricesWithNoCredit>b__11_0() in C:\Users\sanne\src\Repos\Internet-Tests\com.cinemark.testscripts\BuyATicketUncheckingMovieCreditsBoxTest.cs:line 143
   at Cinemark.com.cinemark.testscripts.BaseTest.UITest(Action action) in C:\Users\sanne\src\Repos\Internet-Tests\com.cinemark.testscripts\BaseTest.cs:line 41									</td>
			</tr>
			<tr class="event-row">
				<td><i class="fa fa-times text-fail"></i></td>
				<td>12:48:54</td>
				<td>
Test ended with status *** Fail ***									</td>
			</tr>
			<tr class="event-row">
				<td><i class="fa fa-times text-fail"></i></td>
				<td>12:48:54</td>
				<td>
Snapshot below: AventStack.ExtentReports.ExtentTest									</td>
			</tr>
	</tbody>
</table>

</div>    
<div class="detail-foot">
	<ul class="attachments">
		<li>
			<a href="C:\Users\sanne\src\Repos\Internet-Tests\Automation_Report\OutPut\screenshots\screenshots_On_10-31-19\TicketPricesWithNoCredit_2019-10-31-12-48-53.png" data-featherlight="image">
				<div class="file-icon">
					<i class="fa fa-file-image-o"></i> 
				</div>
				<div class="file-info">
		                <span class="file-name">TicketPricesWithNoCredit_2019-10-31-12-48-53.png</span>
		                <span class="file-size"> 649808Kb</span>
				</div>
			</a>
		</li>
	</ul>
</div>
											</div>
										</li>
										<li class="test-item" status="fail" author="" device="" tag=""> 
											<div class="status-avatar fail-bg">
												<i class="fa fa-times text-white"></i>
											</div>
											<div class="open-test">
												<div class="test-detail"> 
													<p class="name">BuyATicketUsingNewMCMCredits</p> 
													<p class="duration text-sm">0h:0m:23s+659ms</p> 
													<span class="datetime">12:48:59 PM</span>
												</div>
											</div>
											<div class="test-contents d-none">
												<div class="detail-head">
													<div class="p-v-10 d-inline-block">	
														<div class="info">
															<h5 class="test-status text-fail">BuyATicketUsingNewMCMCredits</h5>
															<span class='badge badge-success'>10/31/2019 12:48:59 PM</span>
															<span class='badge badge-danger'>10/31/2019 12:49:23 PM</span>
															<span class='badge badge-default'>0h:0m:23s+659ms</span>
														</div>
																											</div>
												</div>
<div class="detail-body mt-4">												
	
<table class="table table-sm">
	<thead><tr>
		<th class="status-col">Status</th>
		<th class="timestamp-col">Timestamp</th>
		<th class="details-col">Details</th>
	</tr></thead>
	<tbody>
			<tr class="event-row">
				<td><i class="fa fa-times text-fail"></i></td>
				<td>12:49:21</td>
				<td>
Buying a ticket using Movie credit - Failed									</td>
			</tr>
			<tr class="event-row">
				<td><i class="fa fa-times text-fail"></i></td>
				<td>12:49:22</td>
				<td>
NUnit.Framework.AssertionException
   at NUnit.Framework.Assert.ReportFailure(String message) in D:\a\1\s\src\NUnitFramework\framework\Assert.cs:line 394
   at NUnit.Framework.Assert.Fail(String message, Object[] args) in D:\a\1\s\src\NUnitFramework\framework\Assert.cs:line 145
   at NUnit.Framework.Assert.Fail() in D:\a\1\s\src\NUnitFramework\framework\Assert.cs:line 164
   at Cinemark.com.cinemark.testscripts.BuyATicketUsingNewMCMCreditsTest.<BuyATicketUsingNewMCMCredits>b__9_0() in C:\Users\sanne\src\Repos\Internet-Tests\com.cinemark.testscripts\BuyATicketUsingNewMCMCreditsTest.cs:line 86
   at Cinemark.com.cinemark.testscripts.BaseTest.UITest(Action action) in C:\Users\sanne\src\Repos\Internet-Tests\com.cinemark.testscripts\BaseTest.cs:line 41									</td>
			</tr>
			<tr class="event-row">
				<td><i class="fa fa-times text-fail"></i></td>
				<td>12:49:23</td>
				<td>
Test ended with status *** Fail ***									</td>
			</tr>
			<tr class="event-row">
				<td><i class="fa fa-times text-fail"></i></td>
				<td>12:49:23</td>
				<td>
Snapshot below: AventStack.ExtentReports.ExtentTest									</td>
			</tr>
	</tbody>
</table>

</div>    
<div class="detail-foot">
	<ul class="attachments">
		<li>
			<a href="C:\Users\sanne\src\Repos\Internet-Tests\Automation_Report\OutPut\screenshots\screenshots_On_10-31-19\BuyATicketUsingNewMCMCredits_2019-10-31-12-49-22.png" data-featherlight="image">
				<div class="file-icon">
					<i class="fa fa-file-image-o"></i> 
				</div>
				<div class="file-info">
		                <span class="file-name">BuyATicketUsingNewMCMCredits_2019-10-31-12-49-22.png</span>
		                <span class="file-size"> 649816Kb</span>
				</div>
			</a>
		</li>
	</ul>
</div>
											</div>
										</li>
										<li class="test-item" status="fail" author="" device="" tag=""> 
											<div class="status-avatar fail-bg">
												<i class="fa fa-times text-white"></i>
											</div>
											<div class="open-test">
												<div class="test-detail"> 
													<p class="name">MovieClubAddOnTicket</p> 
													<p class="duration text-sm">0h:1m:35s+087ms</p> 
													<span class="datetime">12:49:23 PM</span>
												</div>
											</div>
											<div class="test-contents d-none">
												<div class="detail-head">
													<div class="p-v-10 d-inline-block">	
														<div class="info">
															<h5 class="test-status text-fail">MovieClubAddOnTicket</h5>
															<span class='badge badge-success'>10/31/2019 12:49:23 PM</span>
															<span class='badge badge-danger'>10/31/2019 12:50:58 PM</span>
															<span class='badge badge-default'>0h:1m:35s+087ms</span>
														</div>
																											</div>
												</div>
<div class="detail-body mt-4">												
	
<table class="table table-sm">
	<thead><tr>
		<th class="status-col">Status</th>
		<th class="timestamp-col">Timestamp</th>
		<th class="details-col">Details</th>
	</tr></thead>
	<tbody>
			<tr class="event-row">
				<td><i class="fa fa-times text-fail"></i></td>
				<td>12:50:56</td>
				<td>
Add On Ticket Price is correct - Failed									</td>
			</tr>
			<tr class="event-row">
				<td><i class="fa fa-times text-fail"></i></td>
				<td>12:50:57</td>
				<td>
NUnit.Framework.AssertionException
   at NUnit.Framework.Assert.ReportFailure(String message) in D:\a\1\s\src\NUnitFramework\framework\Assert.cs:line 394
   at NUnit.Framework.Assert.Fail(String message, Object[] args) in D:\a\1\s\src\NUnitFramework\framework\Assert.cs:line 145
   at NUnit.Framework.Assert.Fail() in D:\a\1\s\src\NUnitFramework\framework\Assert.cs:line 164
   at Cinemark.com.cinemark.testscripts.BuyATicketUsingNewMCMCreditsTest.<MovieClubAddOnTicket>b__10_0() in C:\Users\sanne\src\Repos\Internet-Tests\com.cinemark.testscripts\BuyATicketUsingNewMCMCreditsTest.cs:line 118
   at Cinemark.com.cinemark.testscripts.BaseTest.UITest(Action action) in C:\Users\sanne\src\Repos\Internet-Tests\com.cinemark.testscripts\BaseTest.cs:line 41									</td>
			</tr>
			<tr class="event-row">
				<td><i class="fa fa-times text-fail"></i></td>
				<td>12:50:58</td>
				<td>
Test ended with status *** Fail ***									</td>
			</tr>
			<tr class="event-row">
				<td><i class="fa fa-times text-fail"></i></td>
				<td>12:50:58</td>
				<td>
Snapshot below: AventStack.ExtentReports.ExtentTest									</td>
			</tr>
	</tbody>
</table>

</div>    
<div class="detail-foot">
	<ul class="attachments">
		<li>
			<a href="C:\Users\sanne\src\Repos\Internet-Tests\Automation_Report\OutPut\screenshots\screenshots_On_10-31-19\MovieClubAddOnTicket_2019-10-31-12-50-57.png" data-featherlight="image">
				<div class="file-icon">
					<i class="fa fa-file-image-o"></i> 
				</div>
				<div class="file-info">
		                <span class="file-name">MovieClubAddOnTicket_2019-10-31-12-50-57.png</span>
		                <span class="file-size"> 649808Kb</span>
				</div>
			</a>
		</li>
	</ul>
</div>
											</div>
										</li>
										<li class="test-item" status="fail" author="" device="" tag=""> 
											<div class="status-avatar fail-bg">
												<i class="fa fa-times text-white"></i>
											</div>
											<div class="open-test">
												<div class="test-detail"> 
													<p class="name">OnLineFeesForMovieClubMember</p> 
													<p class="duration text-sm">0h:0m:6s+422ms</p> 
													<span class="datetime">12:50:58 PM</span>
												</div>
											</div>
											<div class="test-contents d-none">
												<div class="detail-head">
													<div class="p-v-10 d-inline-block">	
														<div class="info">
															<h5 class="test-status text-fail">OnLineFeesForMovieClubMember</h5>
															<span class='badge badge-success'>10/31/2019 12:50:58 PM</span>
															<span class='badge badge-danger'>10/31/2019 12:51:04 PM</span>
															<span class='badge badge-default'>0h:0m:6s+422ms</span>
														</div>
																											</div>
												</div>
<div class="detail-body mt-4">												
	
<table class="table table-sm">
	<thead><tr>
		<th class="status-col">Status</th>
		<th class="timestamp-col">Timestamp</th>
		<th class="details-col">Details</th>
	</tr></thead>
	<tbody>
			<tr class="event-row">
				<td><i class="fa fa-times text-fail"></i></td>
				<td>12:51:03</td>
				<td>
Online fees for Movie Club member is $0.00 - Failed									</td>
			</tr>
			<tr class="event-row">
				<td><i class="fa fa-times text-fail"></i></td>
				<td>12:51:03</td>
				<td>
NUnit.Framework.AssertionException
   at NUnit.Framework.Assert.ReportFailure(String message) in D:\a\1\s\src\NUnitFramework\framework\Assert.cs:line 394
   at NUnit.Framework.Assert.Fail(String message, Object[] args) in D:\a\1\s\src\NUnitFramework\framework\Assert.cs:line 145
   at NUnit.Framework.Assert.Fail() in D:\a\1\s\src\NUnitFramework\framework\Assert.cs:line 164
   at Cinemark.com.cinemark.testscripts.BuyATicketUsingNewMCMCreditsTest.<OnLineFeesForMovieClubMember>b__11_0() in C:\Users\sanne\src\Repos\Internet-Tests\com.cinemark.testscripts\BuyATicketUsingNewMCMCreditsTest.cs:line 144
   at Cinemark.com.cinemark.testscripts.BaseTest.UITest(Action action) in C:\Users\sanne\src\Repos\Internet-Tests\com.cinemark.testscripts\BaseTest.cs:line 41									</td>
			</tr>
			<tr class="event-row">
				<td><i class="fa fa-times text-fail"></i></td>
				<td>12:51:04</td>
				<td>
Test ended with status *** Fail ***									</td>
			</tr>
			<tr class="event-row">
				<td><i class="fa fa-times text-fail"></i></td>
				<td>12:51:04</td>
				<td>
Snapshot below: AventStack.ExtentReports.ExtentTest									</td>
			</tr>
	</tbody>
</table>

</div>    
<div class="detail-foot">
	<ul class="attachments">
		<li>
			<a href="C:\Users\sanne\src\Repos\Internet-Tests\Automation_Report\OutPut\screenshots\screenshots_On_10-31-19\OnLineFeesForMovieClubMember_2019-10-31-12-51-03.png" data-featherlight="image">
				<div class="file-icon">
					<i class="fa fa-file-image-o"></i> 
				</div>
				<div class="file-info">
		                <span class="file-name">OnLineFeesForMovieClubMember_2019-10-31-12-51-03.png</span>
		                <span class="file-size"> 649808Kb</span>
				</div>
			</a>
		</li>
	</ul>
</div>
											</div>
										</li>
										<li class="test-item" status="fail" author="" device="" tag=""> 
											<div class="status-avatar fail-bg">
												<i class="fa fa-times text-white"></i>
											</div>
											<div class="open-test">
												<div class="test-detail"> 
													<p class="name">GiftCardPurchaseMCM</p> 
													<p class="duration text-sm">0h:0m:55s+654ms</p> 
													<span class="datetime">12:51:09 PM</span>
												</div>
											</div>
											<div class="test-contents d-none">
												<div class="detail-head">
													<div class="p-v-10 d-inline-block">	
														<div class="info">
															<h5 class="test-status text-fail">GiftCardPurchaseMCM</h5>
															<span class='badge badge-success'>10/31/2019 12:51:09 PM</span>
															<span class='badge badge-danger'>10/31/2019 12:52:05 PM</span>
															<span class='badge badge-default'>0h:0m:55s+654ms</span>
														</div>
																											</div>
												</div>
<div class="detail-body mt-4">												
	
<table class="table table-sm">
	<thead><tr>
		<th class="status-col">Status</th>
		<th class="timestamp-col">Timestamp</th>
		<th class="details-col">Details</th>
	</tr></thead>
	<tbody>
			<tr class="event-row">
				<td><i class="fa fa-times text-fail"></i></td>
				<td>12:52:05</td>
				<td>
Test ended with status *** Fail ***									</td>
			</tr>
			<tr class="event-row">
				<td><i class="fa fa-times text-fail"></i></td>
				<td>12:52:05</td>
				<td>
Snapshot below: AventStack.ExtentReports.ExtentTest									</td>
			</tr>
	</tbody>
</table>

</div>    
<div class="detail-foot">
	<ul class="attachments">
		<li>
			<a href="C:\Users\sanne\src\Repos\Internet-Tests\Automation_Report\OutPut\screenshots\screenshots_On_10-31-19\GiftCardPurchaseMCM_2019-10-31-12-52-04.png" data-featherlight="image">
				<div class="file-icon">
					<i class="fa fa-file-image-o"></i> 
				</div>
				<div class="file-info">
		                <span class="file-name">GiftCardPurchaseMCM_2019-10-31-12-52-04.png</span>
		                <span class="file-size"> 137219Kb</span>
				</div>
			</a>
		</li>
	</ul>
</div>
											</div>
										</li>
										<li class="test-item" status="pass" author="" device="" tag=""> 
											<div class="status-avatar pass-bg">
												<i class="fa fa-check text-white"></i>
											</div>
											<div class="open-test">
												<div class="test-detail"> 
													<p class="name">AddingNMCMemberThruMovieRewards</p> 
													<p class="duration text-sm">0h:0m:11s+900ms</p> 
													<span class="datetime">12:52:05 PM</span>
												</div>
											</div>
											<div class="test-contents d-none">
												<div class="detail-head">
													<div class="p-v-10 d-inline-block">	
														<div class="info">
															<h5 class="test-status text-pass">AddingNMCMemberThruMovieRewards</h5>
															<span class='badge badge-success'>10/31/2019 12:52:05 PM</span>
															<span class='badge badge-danger'>10/31/2019 12:52:17 PM</span>
															<span class='badge badge-default'>0h:0m:11s+900ms</span>
														</div>
																											</div>
												</div>
<div class="detail-body mt-4">												
	
<table class="table table-sm">
	<thead><tr>
		<th class="status-col">Status</th>
		<th class="timestamp-col">Timestamp</th>
		<th class="details-col">Details</th>
	</tr></thead>
	<tbody>
			<tr class="event-row">
				<td><i class="fa fa-check text-pass"></i></td>
				<td>12:52:17</td>
				<td>
New Movie Club member added without using Movie Club Membership gift card - Passed									</td>
			</tr>
	</tbody>
</table>

</div>    
											</div>
										</li>
										<li class="test-item" status="fail" author="" device="" tag=""> 
											<div class="status-avatar fail-bg">
												<i class="fa fa-times text-white"></i>
											</div>
											<div class="open-test">
												<div class="test-detail"> 
													<p class="name">BuyTicketsUsingCredits</p> 
													<p class="duration text-sm">0h:0m:5s+261ms</p> 
													<span class="datetime">12:52:17 PM</span>
												</div>
											</div>
											<div class="test-contents d-none">
												<div class="detail-head">
													<div class="p-v-10 d-inline-block">	
														<div class="info">
															<h5 class="test-status text-fail">BuyTicketsUsingCredits</h5>
															<span class='badge badge-success'>10/31/2019 12:52:17 PM</span>
															<span class='badge badge-danger'>10/31/2019 12:52:22 PM</span>
															<span class='badge badge-default'>0h:0m:5s+261ms</span>
														</div>
																											</div>
												</div>
<div class="detail-body mt-4">												
	
<table class="table table-sm">
	<thead><tr>
		<th class="status-col">Status</th>
		<th class="timestamp-col">Timestamp</th>
		<th class="details-col">Details</th>
	</tr></thead>
	<tbody>
			<tr class="event-row">
				<td><i class="fa fa-times text-fail"></i></td>
				<td>12:52:21</td>
				<td>
Buy ticket using credits recieved from  Movie Club Membership gift card - Failed									</td>
			</tr>
			<tr class="event-row">
				<td><i class="fa fa-times text-fail"></i></td>
				<td>12:52:21</td>
				<td>
NUnit.Framework.AssertionException
   at NUnit.Framework.Assert.ReportFailure(String message) in D:\a\1\s\src\NUnitFramework\framework\Assert.cs:line 394
   at NUnit.Framework.Assert.Fail(String message, Object[] args) in D:\a\1\s\src\NUnitFramework\framework\Assert.cs:line 145
   at NUnit.Framework.Assert.Fail() in D:\a\1\s\src\NUnitFramework\framework\Assert.cs:line 164
   at Cinemark.com.cinemark.testscripts.BuyTicketsUsingGiftedCredits.<BuyTicketsUsingCredits>b__16_0() in C:\Users\sanne\src\Repos\Internet-Tests\com.cinemark.testscripts\BuyTicketsUsingGiftedCredits.cs:line 165
   at Cinemark.com.cinemark.testscripts.BaseTest.UITest(Action action) in C:\Users\sanne\src\Repos\Internet-Tests\com.cinemark.testscripts\BaseTest.cs:line 41									</td>
			</tr>
			<tr class="event-row">
				<td><i class="fa fa-times text-fail"></i></td>
				<td>12:52:22</td>
				<td>
Test ended with status *** Fail ***									</td>
			</tr>
			<tr class="event-row">
				<td><i class="fa fa-times text-fail"></i></td>
				<td>12:52:22</td>
				<td>
Snapshot below: AventStack.ExtentReports.ExtentTest									</td>
			</tr>
	</tbody>
</table>

</div>    
<div class="detail-foot">
	<ul class="attachments">
		<li>
			<a href="C:\Users\sanne\src\Repos\Internet-Tests\Automation_Report\OutPut\screenshots\screenshots_On_10-31-19\BuyTicketsUsingCredits_2019-10-31-12-52-21.png" data-featherlight="image">
				<div class="file-icon">
					<i class="fa fa-file-image-o"></i> 
				</div>
				<div class="file-info">
		                <span class="file-name">BuyTicketsUsingCredits_2019-10-31-12-52-21.png</span>
		                <span class="file-size"> 833985Kb</span>
				</div>
			</a>
		</li>
	</ul>
</div>
											</div>
										</li>
										<li class="test-item" status="fail" author="" device="" tag=""> 
											<div class="status-avatar fail-bg">
												<i class="fa fa-times text-white"></i>
											</div>
											<div class="open-test">
												<div class="test-detail"> 
													<p class="name">AddMCMAddTickets</p> 
													<p class="duration text-sm">0h:0m:23s+160ms</p> 
													<span class="datetime">12:52:28 PM</span>
												</div>
											</div>
											<div class="test-contents d-none">
												<div class="detail-head">
													<div class="p-v-10 d-inline-block">	
														<div class="info">
															<h5 class="test-status text-fail">AddMCMAddTickets</h5>
															<span class='badge badge-success'>10/31/2019 12:52:28 PM</span>
															<span class='badge badge-danger'>10/31/2019 12:52:51 PM</span>
															<span class='badge badge-default'>0h:0m:23s+160ms</span>
														</div>
																											</div>
												</div>
<div class="detail-body mt-4">												
	
<table class="table table-sm">
	<thead><tr>
		<th class="status-col">Status</th>
		<th class="timestamp-col">Timestamp</th>
		<th class="details-col">Details</th>
	</tr></thead>
	<tbody>
			<tr class="event-row">
				<td><i class="fa fa-times text-fail"></i></td>
				<td>12:52:50</td>
				<td>
2 tickets 1 using movie credit & other Add On purchased - Failed									</td>
			</tr>
			<tr class="event-row">
				<td><i class="fa fa-times text-fail"></i></td>
				<td>12:52:50</td>
				<td>
NUnit.Framework.AssertionException
   at NUnit.Framework.Assert.ReportFailure(String message) in D:\a\1\s\src\NUnitFramework\framework\Assert.cs:line 394
   at NUnit.Framework.Assert.Fail(String message, Object[] args) in D:\a\1\s\src\NUnitFramework\framework\Assert.cs:line 145
   at NUnit.Framework.Assert.Fail() in D:\a\1\s\src\NUnitFramework\framework\Assert.cs:line 164
   at Cinemark.com.cinemark.testscripts.BuyTicketsWithAddOnDiscountsNoCredit.<AddMCMAddTickets>b__9_0() in C:\Users\sanne\src\Repos\Internet-Tests\com.cinemark.testscripts\BuyTicketsWithAddOnDiscountsNoCredit.cs:line 80
   at Cinemark.com.cinemark.testscripts.BaseTest.UITest(Action action) in C:\Users\sanne\src\Repos\Internet-Tests\com.cinemark.testscripts\BaseTest.cs:line 41									</td>
			</tr>
			<tr class="event-row">
				<td><i class="fa fa-times text-fail"></i></td>
				<td>12:52:51</td>
				<td>
Test ended with status *** Fail ***									</td>
			</tr>
			<tr class="event-row">
				<td><i class="fa fa-times text-fail"></i></td>
				<td>12:52:51</td>
				<td>
Snapshot below: AventStack.ExtentReports.ExtentTest									</td>
			</tr>
	</tbody>
</table>

</div>    
<div class="detail-foot">
	<ul class="attachments">
		<li>
			<a href="C:\Users\sanne\src\Repos\Internet-Tests\Automation_Report\OutPut\screenshots\screenshots_On_10-31-19\AddMCMAddTickets_2019-10-31-12-52-50.png" data-featherlight="image">
				<div class="file-icon">
					<i class="fa fa-file-image-o"></i> 
				</div>
				<div class="file-info">
		                <span class="file-name">AddMCMAddTickets_2019-10-31-12-52-50.png</span>
		                <span class="file-size"> 649816Kb</span>
				</div>
			</a>
		</li>
	</ul>
</div>
											</div>
										</li>
										<li class="test-item" status="fail" author="" device="" tag=""> 
											<div class="status-avatar fail-bg">
												<i class="fa fa-times text-white"></i>
											</div>
											<div class="open-test">
												<div class="test-detail"> 
													<p class="name">CompletePurchaseAddOnTickets</p> 
													<p class="duration text-sm">0h:0m:11s+180ms</p> 
													<span class="datetime">12:52:51 PM</span>
												</div>
											</div>
											<div class="test-contents d-none">
												<div class="detail-head">
													<div class="p-v-10 d-inline-block">	
														<div class="info">
															<h5 class="test-status text-fail">CompletePurchaseAddOnTickets</h5>
															<span class='badge badge-success'>10/31/2019 12:52:51 PM</span>
															<span class='badge badge-danger'>10/31/2019 12:53:02 PM</span>
															<span class='badge badge-default'>0h:0m:11s+180ms</span>
														</div>
																											</div>
												</div>
<div class="detail-body mt-4">												
	
<table class="table table-sm">
	<thead><tr>
		<th class="status-col">Status</th>
		<th class="timestamp-col">Timestamp</th>
		<th class="details-col">Details</th>
	</tr></thead>
	<tbody>
			<tr class="event-row">
				<td><i class="fa fa-times text-fail"></i></td>
				<td>12:53:01</td>
				<td>
2 Add On tickets purchased - Failed									</td>
			</tr>
			<tr class="event-row">
				<td><i class="fa fa-times text-fail"></i></td>
				<td>12:53:02</td>
				<td>
NUnit.Framework.AssertionException
   at NUnit.Framework.Assert.ReportFailure(String message) in D:\a\1\s\src\NUnitFramework\framework\Assert.cs:line 394
   at NUnit.Framework.Assert.Fail(String message, Object[] args) in D:\a\1\s\src\NUnitFramework\framework\Assert.cs:line 145
   at NUnit.Framework.Assert.Fail() in D:\a\1\s\src\NUnitFramework\framework\Assert.cs:line 164
   at Cinemark.com.cinemark.testscripts.BuyTicketsWithAddOnDiscountsNoCredit.<CompletePurchaseAddOnTickets>b__10_0() in C:\Users\sanne\src\Repos\Internet-Tests\com.cinemark.testscripts\BuyTicketsWithAddOnDiscountsNoCredit.cs:line 127
   at Cinemark.com.cinemark.testscripts.BaseTest.UITest(Action action) in C:\Users\sanne\src\Repos\Internet-Tests\com.cinemark.testscripts\BaseTest.cs:line 41									</td>
			</tr>
			<tr class="event-row">
				<td><i class="fa fa-times text-fail"></i></td>
				<td>12:53:02</td>
				<td>
Test ended with status *** Fail ***									</td>
			</tr>
			<tr class="event-row">
				<td><i class="fa fa-times text-fail"></i></td>
				<td>12:53:02</td>
				<td>
Snapshot below: AventStack.ExtentReports.ExtentTest									</td>
			</tr>
	</tbody>
</table>

</div>    
<div class="detail-foot">
	<ul class="attachments">
		<li>
			<a href="C:\Users\sanne\src\Repos\Internet-Tests\Automation_Report\OutPut\screenshots\screenshots_On_10-31-19\CompletePurchaseAddOnTickets_2019-10-31-12-53-02.png" data-featherlight="image">
				<div class="file-icon">
					<i class="fa fa-file-image-o"></i> 
				</div>
				<div class="file-info">
		                <span class="file-name">CompletePurchaseAddOnTickets_2019-10-31-12-53-02.png</span>
		                <span class="file-size"> 649816Kb</span>
				</div>
			</a>
		</li>
	</ul>
</div>
											</div>
										</li>
										<li class="test-item" status="fail" author="" device="" tag=""> 
											<div class="status-avatar fail-bg">
												<i class="fa fa-times text-white"></i>
											</div>
											<div class="open-test">
												<div class="test-detail"> 
													<p class="name">CancelFullMembership</p> 
													<p class="duration text-sm">0h:0m:16s+978ms</p> 
													<span class="datetime">12:53:07 PM</span>
												</div>
											</div>
											<div class="test-contents d-none">
												<div class="detail-head">
													<div class="p-v-10 d-inline-block">	
														<div class="info">
															<h5 class="test-status text-fail">CancelFullMembership</h5>
															<span class='badge badge-success'>10/31/2019 12:53:07 PM</span>
															<span class='badge badge-danger'>10/31/2019 12:53:24 PM</span>
															<span class='badge badge-default'>0h:0m:16s+978ms</span>
														</div>
																											</div>
												</div>
<div class="detail-body mt-4">												
	
<table class="table table-sm">
	<thead><tr>
		<th class="status-col">Status</th>
		<th class="timestamp-col">Timestamp</th>
		<th class="details-col">Details</th>
	</tr></thead>
	<tbody>
			<tr class="event-row">
				<td><i class="fa fa-times text-fail"></i></td>
				<td>12:53:23</td>
				<td>
Cancelled Movie Club Full membership - Failed									</td>
			</tr>
			<tr class="event-row">
				<td><i class="fa fa-times text-fail"></i></td>
				<td>12:53:23</td>
				<td>
NUnit.Framework.AssertionException
   at NUnit.Framework.Assert.ReportFailure(String message) in D:\a\1\s\src\NUnitFramework\framework\Assert.cs:line 394
   at NUnit.Framework.Assert.Fail(String message, Object[] args) in D:\a\1\s\src\NUnitFramework\framework\Assert.cs:line 145
   at NUnit.Framework.Assert.Fail() in D:\a\1\s\src\NUnitFramework\framework\Assert.cs:line 164
   at Cinemark.com.cinemark.testscripts.CancelFullMovieClubMembershipTest.<CancelFullMembership>b__6_0() in C:\Users\sanne\src\Repos\Internet-Tests\com.cinemark.testscripts\MovieClub\CancelFullMovieClubMembershipTest.cs:line 68
   at Cinemark.com.cinemark.testscripts.BaseTest.UITest(Action action) in C:\Users\sanne\src\Repos\Internet-Tests\com.cinemark.testscripts\BaseTest.cs:line 41									</td>
			</tr>
			<tr class="event-row">
				<td><i class="fa fa-times text-fail"></i></td>
				<td>12:53:24</td>
				<td>
Test ended with status *** Fail ***									</td>
			</tr>
			<tr class="event-row">
				<td><i class="fa fa-times text-fail"></i></td>
				<td>12:53:24</td>
				<td>
Snapshot below: AventStack.ExtentReports.ExtentTest									</td>
			</tr>
	</tbody>
</table>

</div>    
<div class="detail-foot">
	<ul class="attachments">
		<li>
			<a href="C:\Users\sanne\src\Repos\Internet-Tests\Automation_Report\OutPut\screenshots\screenshots_On_10-31-19\CancelFullMembership_2019-10-31-12-53-23.png" data-featherlight="image">
				<div class="file-icon">
					<i class="fa fa-file-image-o"></i> 
				</div>
				<div class="file-info">
		                <span class="file-name">CancelFullMembership_2019-10-31-12-53-23.png</span>
		                <span class="file-size"> 1046432Kb</span>
				</div>
			</a>
		</li>
	</ul>
</div>
											</div>
										</li>
										<li class="test-item" status="pass" author="" device="" tag=""> 
											<div class="status-avatar pass-bg">
												<i class="fa fa-check text-white"></i>
											</div>
											<div class="open-test">
												<div class="test-detail"> 
													<p class="name">CancelLiteMembership</p> 
													<p class="duration text-sm">0h:0m:27s+999ms</p> 
													<span class="datetime">12:53:29 PM</span>
												</div>
											</div>
											<div class="test-contents d-none">
												<div class="detail-head">
													<div class="p-v-10 d-inline-block">	
														<div class="info">
															<h5 class="test-status text-pass">CancelLiteMembership</h5>
															<span class='badge badge-success'>10/31/2019 12:53:29 PM</span>
															<span class='badge badge-danger'>10/31/2019 12:53:57 PM</span>
															<span class='badge badge-default'>0h:0m:27s+999ms</span>
														</div>
																											</div>
												</div>
<div class="detail-body mt-4">												
	
<table class="table table-sm">
	<thead><tr>
		<th class="status-col">Status</th>
		<th class="timestamp-col">Timestamp</th>
		<th class="details-col">Details</th>
	</tr></thead>
	<tbody>
			<tr class="event-row">
				<td><i class="fa fa-check text-pass"></i></td>
				<td>12:53:57</td>
				<td>
Cancelled Movie Club Lite membership - Passed									</td>
			</tr>
	</tbody>
</table>

</div>    
											</div>
										</li>
										<li class="test-item" status="fail" author="" device="" tag=""> 
											<div class="status-avatar fail-bg">
												<i class="fa fa-times text-white"></i>
											</div>
											<div class="open-test">
												<div class="test-detail"> 
													<p class="name">CompleteMoviePurchaseUsingCredits</p> 
													<p class="duration text-sm">0h:0m:23s+400ms</p> 
													<span class="datetime">12:54:02 PM</span>
												</div>
											</div>
											<div class="test-contents d-none">
												<div class="detail-head">
													<div class="p-v-10 d-inline-block">	
														<div class="info">
															<h5 class="test-status text-fail">CompleteMoviePurchaseUsingCredits</h5>
															<span class='badge badge-success'>10/31/2019 12:54:02 PM</span>
															<span class='badge badge-danger'>10/31/2019 12:54:26 PM</span>
															<span class='badge badge-default'>0h:0m:23s+400ms</span>
														</div>
																											</div>
												</div>
<div class="detail-body mt-4">												
	
<table class="table table-sm">
	<thead><tr>
		<th class="status-col">Status</th>
		<th class="timestamp-col">Timestamp</th>
		<th class="details-col">Details</th>
	</tr></thead>
	<tbody>
			<tr class="event-row">
				<td><i class="fa fa-times text-fail"></i></td>
				<td>12:54:24</td>
				<td>
Purchase tickets using Movie Credits - Failed									</td>
			</tr>
			<tr class="event-row">
				<td><i class="fa fa-times text-fail"></i></td>
				<td>12:54:25</td>
				<td>
NUnit.Framework.AssertionException
   at NUnit.Framework.Assert.ReportFailure(String message) in D:\a\1\s\src\NUnitFramework\framework\Assert.cs:line 394
   at NUnit.Framework.Assert.Fail(String message, Object[] args) in D:\a\1\s\src\NUnitFramework\framework\Assert.cs:line 145
   at NUnit.Framework.Assert.Fail() in D:\a\1\s\src\NUnitFramework\framework\Assert.cs:line 164
   at Cinemark.com.cinemark.testscripts.CompleteTicketPurchaseUsingNMCCredits.<CompleteMoviePurchaseUsingCredits>b__9_0() in C:\Users\sanne\src\Repos\Internet-Tests\com.cinemark.testscripts\CompleteTicketPurchaseUsingNMCCredits.cs:line 76
   at Cinemark.com.cinemark.testscripts.BaseTest.UITest(Action action) in C:\Users\sanne\src\Repos\Internet-Tests\com.cinemark.testscripts\BaseTest.cs:line 41									</td>
			</tr>
			<tr class="event-row">
				<td><i class="fa fa-times text-fail"></i></td>
				<td>12:54:26</td>
				<td>
Test ended with status *** Fail ***									</td>
			</tr>
			<tr class="event-row">
				<td><i class="fa fa-times text-fail"></i></td>
				<td>12:54:26</td>
				<td>
Snapshot below: AventStack.ExtentReports.ExtentTest									</td>
			</tr>
	</tbody>
</table>

</div>    
<div class="detail-foot">
	<ul class="attachments">
		<li>
			<a href="C:\Users\sanne\src\Repos\Internet-Tests\Automation_Report\OutPut\screenshots\screenshots_On_10-31-19\CompleteMoviePurchaseUsingCredits_2019-10-31-12-54-25.png" data-featherlight="image">
				<div class="file-icon">
					<i class="fa fa-file-image-o"></i> 
				</div>
				<div class="file-info">
		                <span class="file-name">CompleteMoviePurchaseUsingCredits_2019-10-31-12-54-25.png</span>
		                <span class="file-size"> 649816Kb</span>
				</div>
			</a>
		</li>
	</ul>
</div>
											</div>
										</li>
										<li class="test-item" status="pass" author="" device="" tag=""> 
											<div class="status-avatar pass-bg">
												<i class="fa fa-check text-white"></i>
											</div>
											<div class="open-test">
												<div class="test-detail"> 
													<p class="name">NewMCMCreditsCheck</p> 
													<p class="duration text-sm">0h:0m:20s+673ms</p> 
													<span class="datetime">12:54:32 PM</span>
												</div>
											</div>
											<div class="test-contents d-none">
												<div class="detail-head">
													<div class="p-v-10 d-inline-block">	
														<div class="info">
															<h5 class="test-status text-pass">NewMCMCreditsCheck</h5>
															<span class='badge badge-success'>10/31/2019 12:54:32 PM</span>
															<span class='badge badge-danger'>10/31/2019 12:54:52 PM</span>
															<span class='badge badge-default'>0h:0m:20s+673ms</span>
														</div>
																											</div>
												</div>
<div class="detail-body mt-4">												
	
<table class="table table-sm">
	<thead><tr>
		<th class="status-col">Status</th>
		<th class="timestamp-col">Timestamp</th>
		<th class="details-col">Details</th>
	</tr></thead>
	<tbody>
			<tr class="event-row">
				<td><i class="fa fa-check text-pass"></i></td>
				<td>12:54:52</td>
				<td>
Number of credits displayed after a new Movie club member is added successfully - Passed									</td>
			</tr>
	</tbody>
</table>

</div>    
											</div>
										</li>
										<li class="test-item" status="pass" author="" device="" tag=""> 
											<div class="status-avatar pass-bg">
												<i class="fa fa-check text-white"></i>
											</div>
											<div class="open-test">
												<div class="test-detail"> 
													<p class="name">NewMCMPointsCheck</p> 
													<p class="duration text-sm">0h:0m:0s+037ms</p> 
													<span class="datetime">12:54:52 PM</span>
												</div>
											</div>
											<div class="test-contents d-none">
												<div class="detail-head">
													<div class="p-v-10 d-inline-block">	
														<div class="info">
															<h5 class="test-status text-pass">NewMCMPointsCheck</h5>
															<span class='badge badge-success'>10/31/2019 12:54:52 PM</span>
															<span class='badge badge-danger'>10/31/2019 12:54:52 PM</span>
															<span class='badge badge-default'>0h:0m:0s+037ms</span>
														</div>
																											</div>
												</div>
<div class="detail-body mt-4">												
	
<table class="table table-sm">
	<thead><tr>
		<th class="status-col">Status</th>
		<th class="timestamp-col">Timestamp</th>
		<th class="details-col">Details</th>
	</tr></thead>
	<tbody>
			<tr class="event-row">
				<td><i class="fa fa-check text-pass"></i></td>
				<td>12:54:52</td>
				<td>
Number of Points displayed after a new Movie club member is added successfully - Passed									</td>
			</tr>
	</tbody>
</table>

</div>    
											</div>
										</li>
										<li class="test-item" status="pass" author="" device="" tag=""> 
											<div class="status-avatar pass-bg">
												<i class="fa fa-check text-white"></i>
											</div>
											<div class="open-test">
												<div class="test-detail"> 
													<p class="name">NewMCMRewardsCheck</p> 
													<p class="duration text-sm">0h:0m:0s+038ms</p> 
													<span class="datetime">12:54:52 PM</span>
												</div>
											</div>
											<div class="test-contents d-none">
												<div class="detail-head">
													<div class="p-v-10 d-inline-block">	
														<div class="info">
															<h5 class="test-status text-pass">NewMCMRewardsCheck</h5>
															<span class='badge badge-success'>10/31/2019 12:54:52 PM</span>
															<span class='badge badge-danger'>10/31/2019 12:54:52 PM</span>
															<span class='badge badge-default'>0h:0m:0s+038ms</span>
														</div>
																											</div>
												</div>
<div class="detail-body mt-4">												
	
<table class="table table-sm">
	<thead><tr>
		<th class="status-col">Status</th>
		<th class="timestamp-col">Timestamp</th>
		<th class="details-col">Details</th>
	</tr></thead>
	<tbody>
			<tr class="event-row">
				<td><i class="fa fa-check text-pass"></i></td>
				<td>12:54:52</td>
				<td>
Number of Rewards displayed after a new Movie club member is added successfully - Passed									</td>
			</tr>
	</tbody>
</table>

</div>    
											</div>
										</li>
										<li class="test-item" status="pass" author="" device="" tag=""> 
											<div class="status-avatar pass-bg">
												<i class="fa fa-check text-white"></i>
											</div>
											<div class="open-test">
												<div class="test-detail"> 
													<p class="name">NewMCMTicketsCheck</p> 
													<p class="duration text-sm">0h:0m:0s+035ms</p> 
													<span class="datetime">12:54:52 PM</span>
												</div>
											</div>
											<div class="test-contents d-none">
												<div class="detail-head">
													<div class="p-v-10 d-inline-block">	
														<div class="info">
															<h5 class="test-status text-pass">NewMCMTicketsCheck</h5>
															<span class='badge badge-success'>10/31/2019 12:54:52 PM</span>
															<span class='badge badge-danger'>10/31/2019 12:54:52 PM</span>
															<span class='badge badge-default'>0h:0m:0s+035ms</span>
														</div>
																											</div>
												</div>
<div class="detail-body mt-4">												
	
<table class="table table-sm">
	<thead><tr>
		<th class="status-col">Status</th>
		<th class="timestamp-col">Timestamp</th>
		<th class="details-col">Details</th>
	</tr></thead>
	<tbody>
			<tr class="event-row">
				<td><i class="fa fa-check text-pass"></i></td>
				<td>12:54:52</td>
				<td>
Number of Tickets displayed after a new Movie club member is added successfully - Passed									</td>
			</tr>
	</tbody>
</table>

</div>    
											</div>
										</li>
										<li class="test-item" status="pass" author="" device="" tag=""> 
											<div class="status-avatar pass-bg">
												<i class="fa fa-check text-white"></i>
											</div>
											<div class="open-test">
												<div class="test-detail"> 
													<p class="name">ReactivateFullMembershipLoggingBackIn</p> 
													<p class="duration text-sm">0h:0m:26s+126ms</p> 
													<span class="datetime">12:54:58 PM</span>
												</div>
											</div>
											<div class="test-contents d-none">
												<div class="detail-head">
													<div class="p-v-10 d-inline-block">	
														<div class="info">
															<h5 class="test-status text-pass">ReactivateFullMembershipLoggingBackIn</h5>
															<span class='badge badge-success'>10/31/2019 12:54:58 PM</span>
															<span class='badge badge-danger'>10/31/2019 12:55:24 PM</span>
															<span class='badge badge-default'>0h:0m:26s+126ms</span>
														</div>
																											</div>
												</div>
<div class="detail-body mt-4">												
	
<table class="table table-sm">
	<thead><tr>
		<th class="status-col">Status</th>
		<th class="timestamp-col">Timestamp</th>
		<th class="details-col">Details</th>
	</tr></thead>
	<tbody>
			<tr class="event-row">
				<td><i class="fa fa-check text-pass"></i></td>
				<td>12:55:24</td>
				<td>
Reactivating Movie Club membership by logging out and logging back in - Passed									</td>
			</tr>
	</tbody>
</table>

</div>    
											</div>
										</li>
										<li class="test-item" status="fail" author="" device="" tag=""> 
											<div class="status-avatar fail-bg">
												<i class="fa fa-times text-white"></i>
											</div>
											<div class="open-test">
												<div class="test-detail"> 
													<p class="name">PurchaseMCGift</p> 
													<p class="duration text-sm">0h:0m:56s+077ms</p> 
													<span class="datetime">12:55:31 PM</span>
												</div>
											</div>
											<div class="test-contents d-none">
												<div class="detail-head">
													<div class="p-v-10 d-inline-block">	
														<div class="info">
															<h5 class="test-status text-fail">PurchaseMCGift</h5>
															<span class='badge badge-success'>10/31/2019 12:55:31 PM</span>
															<span class='badge badge-danger'>10/31/2019 12:56:27 PM</span>
															<span class='badge badge-default'>0h:0m:56s+077ms</span>
														</div>
																											</div>
												</div>
<div class="detail-body mt-4">												
	
<table class="table table-sm">
	<thead><tr>
		<th class="status-col">Status</th>
		<th class="timestamp-col">Timestamp</th>
		<th class="details-col">Details</th>
	</tr></thead>
	<tbody>
			<tr class="event-row">
				<td><i class="fa fa-times text-fail"></i></td>
				<td>12:56:26</td>
				<td>
Purchase Movie Club Gift Membership successfully- Failed									</td>
			</tr>
			<tr class="event-row">
				<td><i class="fa fa-times text-fail"></i></td>
				<td>12:56:26</td>
				<td>
NUnit.Framework.AssertionException
   at NUnit.Framework.Assert.ReportFailure(String message) in D:\a\1\s\src\NUnitFramework\framework\Assert.cs:line 394
   at NUnit.Framework.Assert.Fail(String message, Object[] args) in D:\a\1\s\src\NUnitFramework\framework\Assert.cs:line 145
   at NUnit.Framework.Assert.Fail() in D:\a\1\s\src\NUnitFramework\framework\Assert.cs:line 164
   at Cinemark.com.cinemark.testscripts.MovieClubGiftPurchaseTest.<PurchaseMCGift>b__10_0() in C:\Users\sanne\src\Repos\Internet-Tests\com.cinemark.testscripts\MovieClub\MovieClubGiftPurchaseTest.cs:line 66
   at Cinemark.com.cinemark.testscripts.BaseTest.UITest(Action action) in C:\Users\sanne\src\Repos\Internet-Tests\com.cinemark.testscripts\BaseTest.cs:line 41									</td>
			</tr>
			<tr class="event-row">
				<td><i class="fa fa-times text-fail"></i></td>
				<td>12:56:27</td>
				<td>
Test ended with status *** Fail ***									</td>
			</tr>
			<tr class="event-row">
				<td><i class="fa fa-times text-fail"></i></td>
				<td>12:56:27</td>
				<td>
Snapshot below: AventStack.ExtentReports.ExtentTest									</td>
			</tr>
	</tbody>
</table>

</div>    
<div class="detail-foot">
	<ul class="attachments">
		<li>
			<a href="C:\Users\sanne\src\Repos\Internet-Tests\Automation_Report\OutPut\screenshots\screenshots_On_10-31-19\PurchaseMCGift_2019-10-31-12-56-26.png" data-featherlight="image">
				<div class="file-icon">
					<i class="fa fa-file-image-o"></i> 
				</div>
				<div class="file-info">
		                <span class="file-name">PurchaseMCGift_2019-10-31-12-56-26.png</span>
		                <span class="file-size"> 137219Kb</span>
				</div>
			</a>
		</li>
	</ul>
</div>
											</div>
										</li>
										<li class="test-item" status="pass" author="" device="" tag=""> 
											<div class="status-avatar pass-bg">
												<i class="fa fa-check text-white"></i>
											</div>
											<div class="open-test">
												<div class="test-detail"> 
													<p class="name">CreditsRecievedForMovieRewardTest</p> 
													<p class="duration text-sm">0h:0m:28s+014ms</p> 
													<span class="datetime">12:57:02 PM</span>
												</div>
											</div>
											<div class="test-contents d-none">
												<div class="detail-head">
													<div class="p-v-10 d-inline-block">	
														<div class="info">
															<h5 class="test-status text-pass">CreditsRecievedForMovieRewardTest</h5>
															<span class='badge badge-success'>10/31/2019 12:57:02 PM</span>
															<span class='badge badge-danger'>10/31/2019 12:57:30 PM</span>
															<span class='badge badge-default'>0h:0m:28s+014ms</span>
														</div>
																											</div>
												</div>
<div class="detail-body mt-4">												
	
<table class="table table-sm">
	<thead><tr>
		<th class="status-col">Status</th>
		<th class="timestamp-col">Timestamp</th>
		<th class="details-col">Details</th>
	</tr></thead>
	<tbody>
			<tr class="event-row">
				<td><i class="fa fa-check text-pass"></i></td>
				<td>12:57:30</td>
				<td>
Credits recieved for Movie Rewards Passed									</td>
			</tr>
	</tbody>
</table>

</div>    
											</div>
										</li>
										<li class="test-item" status="pass" author="" device="" tag=""> 
											<div class="status-avatar pass-bg">
												<i class="fa fa-check text-white"></i>
											</div>
											<div class="open-test">
												<div class="test-detail"> 
													<p class="name">RewardReceivedForMovieRewardTest</p> 
													<p class="duration text-sm">0h:0m:0s+037ms</p> 
													<span class="datetime">12:57:30 PM</span>
												</div>
											</div>
											<div class="test-contents d-none">
												<div class="detail-head">
													<div class="p-v-10 d-inline-block">	
														<div class="info">
															<h5 class="test-status text-pass">RewardReceivedForMovieRewardTest</h5>
															<span class='badge badge-success'>10/31/2019 12:57:30 PM</span>
															<span class='badge badge-danger'>10/31/2019 12:57:30 PM</span>
															<span class='badge badge-default'>0h:0m:0s+037ms</span>
														</div>
																											</div>
												</div>
<div class="detail-body mt-4">												
	
<table class="table table-sm">
	<thead><tr>
		<th class="status-col">Status</th>
		<th class="timestamp-col">Timestamp</th>
		<th class="details-col">Details</th>
	</tr></thead>
	<tbody>
			<tr class="event-row">
				<td><i class="fa fa-check text-pass"></i></td>
				<td>12:57:30</td>
				<td>
Rewards recieved for Movie Rewards Passed									</td>
			</tr>
	</tbody>
</table>

</div>    
											</div>
										</li>
										<li class="test-item" status="pass" author="" device="" tag=""> 
											<div class="status-avatar pass-bg">
												<i class="fa fa-check text-white"></i>
											</div>
											<div class="open-test">
												<div class="test-detail"> 
													<p class="name">PointsUsedForMovieRewardTest</p> 
													<p class="duration text-sm">0h:0m:0s+035ms</p> 
													<span class="datetime">12:57:30 PM</span>
												</div>
											</div>
											<div class="test-contents d-none">
												<div class="detail-head">
													<div class="p-v-10 d-inline-block">	
														<div class="info">
															<h5 class="test-status text-pass">PointsUsedForMovieRewardTest</h5>
															<span class='badge badge-success'>10/31/2019 12:57:30 PM</span>
															<span class='badge badge-danger'>10/31/2019 12:57:30 PM</span>
															<span class='badge badge-default'>0h:0m:0s+035ms</span>
														</div>
																											</div>
												</div>
<div class="detail-body mt-4">												
	
<table class="table table-sm">
	<thead><tr>
		<th class="status-col">Status</th>
		<th class="timestamp-col">Timestamp</th>
		<th class="details-col">Details</th>
	</tr></thead>
	<tbody>
			<tr class="event-row">
				<td><i class="fa fa-check text-pass"></i></td>
				<td>12:57:30</td>
				<td>
Points recieved for Movie Rewards Passed									</td>
			</tr>
	</tbody>
</table>

</div>    
											</div>
										</li>
										<li class="test-item" status="pass" author="" device="" tag=""> 
											<div class="status-avatar pass-bg">
												<i class="fa fa-check text-white"></i>
											</div>
											<div class="open-test">
												<div class="test-detail"> 
													<p class="name">TicketsDisplayedForMovieRewardsTest</p> 
													<p class="duration text-sm">0h:0m:2s+039ms</p> 
													<span class="datetime">12:57:30 PM</span>
												</div>
											</div>
											<div class="test-contents d-none">
												<div class="detail-head">
													<div class="p-v-10 d-inline-block">	
														<div class="info">
															<h5 class="test-status text-pass">TicketsDisplayedForMovieRewardsTest</h5>
															<span class='badge badge-success'>10/31/2019 12:57:30 PM</span>
															<span class='badge badge-danger'>10/31/2019 12:57:32 PM</span>
															<span class='badge badge-default'>0h:0m:2s+039ms</span>
														</div>
																											</div>
												</div>
<div class="detail-body mt-4">												
	
<table class="table table-sm">
	<thead><tr>
		<th class="status-col">Status</th>
		<th class="timestamp-col">Timestamp</th>
		<th class="details-col">Details</th>
	</tr></thead>
	<tbody>
			<tr class="event-row">
				<td><i class="fa fa-check text-pass"></i></td>
				<td>12:57:32</td>
				<td>
Tickets recieved for Movie Rewards Passed									</td>
			</tr>
	</tbody>
</table>

</div>    
											</div>
										</li>
										<li class="test-item" status="fail" author="" device="" tag=""> 
											<div class="status-avatar fail-bg">
												<i class="fa fa-times text-white"></i>
											</div>
											<div class="open-test">
												<div class="test-detail"> 
													<p class="name">StubAcct</p> 
													<p class="duration text-sm">0h:0m:12s+530ms</p> 
													<span class="datetime">12:57:38 PM</span>
												</div>
											</div>
											<div class="test-contents d-none">
												<div class="detail-head">
													<div class="p-v-10 d-inline-block">	
														<div class="info">
															<h5 class="test-status text-fail">StubAcct</h5>
															<span class='badge badge-success'>10/31/2019 12:57:38 PM</span>
															<span class='badge badge-danger'>10/31/2019 12:57:50 PM</span>
															<span class='badge badge-default'>0h:0m:12s+530ms</span>
														</div>
																											</div>
												</div>
<div class="detail-body mt-4">												
	
<table class="table table-sm">
	<thead><tr>
		<th class="status-col">Status</th>
		<th class="timestamp-col">Timestamp</th>
		<th class="details-col">Details</th>
	</tr></thead>
	<tbody>
			<tr class="event-row">
				<td><i class="fa fa-times text-fail"></i></td>
				<td>12:57:49</td>
				<td>
Stub Acct is converted to Movie Club member thru Movie Rewards - Failed									</td>
			</tr>
			<tr class="event-row">
				<td><i class="fa fa-times text-fail"></i></td>
				<td>12:57:50</td>
				<td>
NUnit.Framework.AssertionException
   at NUnit.Framework.Assert.ReportFailure(String message) in D:\a\1\s\src\NUnitFramework\framework\Assert.cs:line 394
   at NUnit.Framework.Assert.Fail(String message, Object[] args) in D:\a\1\s\src\NUnitFramework\framework\Assert.cs:line 145
   at NUnit.Framework.Assert.Fail() in D:\a\1\s\src\NUnitFramework\framework\Assert.cs:line 164
   at Cinemark.com.cinemark.testscripts.Other.CreateStubAcctRegisterFromMCTest.<StubAcct>b__10_0() in C:\Users\sanne\src\Repos\Internet-Tests\com.cinemark.testscripts\Other\CreateStubAcctRegisterFromMCTest.cs:line 86
   at Cinemark.com.cinemark.testscripts.BaseTest.UITest(Action action) in C:\Users\sanne\src\Repos\Internet-Tests\com.cinemark.testscripts\BaseTest.cs:line 41									</td>
			</tr>
			<tr class="event-row">
				<td><i class="fa fa-times text-fail"></i></td>
				<td>12:57:50</td>
				<td>
Test ended with status *** Fail ***									</td>
			</tr>
			<tr class="event-row">
				<td><i class="fa fa-times text-fail"></i></td>
				<td>12:57:50</td>
				<td>
Snapshot below: AventStack.ExtentReports.ExtentTest									</td>
			</tr>
	</tbody>
</table>

</div>    
<div class="detail-foot">
	<ul class="attachments">
		<li>
			<a href="C:\Users\sanne\src\Repos\Internet-Tests\Automation_Report\OutPut\screenshots\screenshots_On_10-31-19\StubAcct_2019-10-31-12-57-50.png" data-featherlight="image">
				<div class="file-icon">
					<i class="fa fa-file-image-o"></i> 
				</div>
				<div class="file-info">
		                <span class="file-name">StubAcct_2019-10-31-12-57-50.png</span>
		                <span class="file-size"> 648230Kb</span>
				</div>
			</a>
		</li>
	</ul>
</div>
											</div>
										</li>
										<li class="test-item" status="fail" author="" device="" tag=""> 
											<div class="status-avatar fail-bg">
												<i class="fa fa-times text-white"></i>
											</div>
											<div class="open-test">
												<div class="test-detail"> 
													<p class="name">StubAcctRegisterThruCheckout</p> 
													<p class="duration text-sm">0h:0m:11s+194ms</p> 
													<span class="datetime">12:57:56 PM</span>
												</div>
											</div>
											<div class="test-contents d-none">
												<div class="detail-head">
													<div class="p-v-10 d-inline-block">	
														<div class="info">
															<h5 class="test-status text-fail">StubAcctRegisterThruCheckout</h5>
															<span class='badge badge-success'>10/31/2019 12:57:56 PM</span>
															<span class='badge badge-danger'>10/31/2019 12:58:07 PM</span>
															<span class='badge badge-default'>0h:0m:11s+194ms</span>
														</div>
																											</div>
												</div>
<div class="detail-body mt-4">												
	
<table class="table table-sm">
	<thead><tr>
		<th class="status-col">Status</th>
		<th class="timestamp-col">Timestamp</th>
		<th class="details-col">Details</th>
	</tr></thead>
	<tbody>
			<tr class="event-row">
				<td><i class="fa fa-times text-fail"></i></td>
				<td>12:58:07</td>
				<td>
Test ended with status *** Fail ***  OpenQA.Selenium.NoSuchElementException : Could not find element by: By.XPath: (//div[@class='showtime'])[5]									</td>
			</tr>
			<tr class="event-row">
				<td><i class="fa fa-times text-fail"></i></td>
				<td>12:58:07</td>
				<td>
Snapshot below: AventStack.ExtentReports.ExtentTest									</td>
			</tr>
	</tbody>
</table>

</div>    
<div class="detail-foot">
	<ul class="attachments">
		<li>
			<a href="C:\Users\sanne\src\Repos\Internet-Tests\Automation_Report\OutPut\screenshots\screenshots_On_10-31-19\StubAcctRegisterThruCheckout_2019-10-31-12-58-07.png" data-featherlight="image">
				<div class="file-icon">
					<i class="fa fa-file-image-o"></i> 
				</div>
				<div class="file-info">
		                <span class="file-name">StubAcctRegisterThruCheckout_2019-10-31-12-58-07.png</span>
		                <span class="file-size"> 648230Kb</span>
				</div>
			</a>
		</li>
	</ul>
</div>
											</div>
										</li>
										<li class="test-item" status="fail" author="" device="" tag=""> 
											<div class="status-avatar fail-bg">
												<i class="fa fa-times text-white"></i>
											</div>
											<div class="open-test">
												<div class="test-detail"> 
													<p class="name">CreateStubAcctThenAttemptPwdReset</p> 
													<p class="duration text-sm">0h:0m:12s+183ms</p> 
													<span class="datetime">12:58:12 PM</span>
												</div>
											</div>
											<div class="test-contents d-none">
												<div class="detail-head">
													<div class="p-v-10 d-inline-block">	
														<div class="info">
															<h5 class="test-status text-fail">CreateStubAcctThenAttemptPwdReset</h5>
															<span class='badge badge-success'>10/31/2019 12:58:12 PM</span>
															<span class='badge badge-danger'>10/31/2019 12:58:24 PM</span>
															<span class='badge badge-default'>0h:0m:12s+183ms</span>
														</div>
																											</div>
												</div>
<div class="detail-body mt-4">												
	
<table class="table table-sm">
	<thead><tr>
		<th class="status-col">Status</th>
		<th class="timestamp-col">Timestamp</th>
		<th class="details-col">Details</th>
	</tr></thead>
	<tbody>
			<tr class="event-row">
				<td><i class="fa fa-times text-fail"></i></td>
				<td>12:58:23</td>
				<td>
Reset Password link is not sent to the Stub account customer - Failed									</td>
			</tr>
			<tr class="event-row">
				<td><i class="fa fa-times text-fail"></i></td>
				<td>12:58:23</td>
				<td>
NUnit.Framework.AssertionException
   at NUnit.Framework.Assert.ReportFailure(String message) in D:\a\1\s\src\NUnitFramework\framework\Assert.cs:line 394
   at NUnit.Framework.Assert.Fail(String message, Object[] args) in D:\a\1\s\src\NUnitFramework\framework\Assert.cs:line 145
   at NUnit.Framework.Assert.Fail() in D:\a\1\s\src\NUnitFramework\framework\Assert.cs:line 164
   at Cinemark.com.cinemark.testscripts.Other.CreateStubAcctThenAttemptPwdResetTest.<CreateStubAcctThenAttemptPwdReset>b__10_0() in C:\Users\sanne\src\Repos\Internet-Tests\com.cinemark.testscripts\Other\CreateStubAcctThenAttemptPwdResetTest.cs:line 70
   at Cinemark.com.cinemark.testscripts.BaseTest.UITest(Action action) in C:\Users\sanne\src\Repos\Internet-Tests\com.cinemark.testscripts\BaseTest.cs:line 41									</td>
			</tr>
			<tr class="event-row">
				<td><i class="fa fa-times text-fail"></i></td>
				<td>12:58:24</td>
				<td>
Test ended with status *** Fail ***									</td>
			</tr>
			<tr class="event-row">
				<td><i class="fa fa-times text-fail"></i></td>
				<td>12:58:24</td>
				<td>
Snapshot below: AventStack.ExtentReports.ExtentTest									</td>
			</tr>
	</tbody>
</table>

</div>    
<div class="detail-foot">
	<ul class="attachments">
		<li>
			<a href="C:\Users\sanne\src\Repos\Internet-Tests\Automation_Report\OutPut\screenshots\screenshots_On_10-31-19\CreateStubAcctThenAttemptPwdReset_2019-10-31-12-58-24.png" data-featherlight="image">
				<div class="file-icon">
					<i class="fa fa-file-image-o"></i> 
				</div>
				<div class="file-info">
		                <span class="file-name">CreateStubAcctThenAttemptPwdReset_2019-10-31-12-58-24.png</span>
		                <span class="file-size"> 648230Kb</span>
				</div>
			</a>
		</li>
	</ul>
</div>
											</div>
										</li>
										<li class="test-item" status="fail" author="" device="" tag=""> 
											<div class="status-avatar fail-bg">
												<i class="fa fa-times text-white"></i>
											</div>
											<div class="open-test">
												<div class="test-detail"> 
													<p class="name">RegisterDuplicateAccount</p> 
													<p class="duration text-sm">0h:0m:5s+253ms</p> 
													<span class="datetime">12:58:29 PM</span>
												</div>
											</div>
											<div class="test-contents d-none">
												<div class="detail-head">
													<div class="p-v-10 d-inline-block">	
														<div class="info">
															<h5 class="test-status text-fail">RegisterDuplicateAccount</h5>
															<span class='badge badge-success'>10/31/2019 12:58:29 PM</span>
															<span class='badge badge-danger'>10/31/2019 12:58:34 PM</span>
															<span class='badge badge-default'>0h:0m:5s+253ms</span>
														</div>
																											</div>
												</div>
<div class="detail-body mt-4">												
	
<table class="table table-sm">
	<thead><tr>
		<th class="status-col">Status</th>
		<th class="timestamp-col">Timestamp</th>
		<th class="details-col">Details</th>
	</tr></thead>
	<tbody>
			<tr class="event-row">
				<td><i class="fa fa-times text-fail"></i></td>
				<td>12:58:33</td>
				<td>
Existing Movie Club Member restricted not to be added - Failed									</td>
			</tr>
			<tr class="event-row">
				<td><i class="fa fa-times text-fail"></i></td>
				<td>12:58:34</td>
				<td>
NUnit.Framework.AssertionException: Multiple failures or warnings in test:
  1)   Expected string length 178 but was 62. Strings differ at index 3.
  Expected: "There was a problem creating your account. Check that your em..."
  But was:  "The email address and confirmation email address do not match."
  --------------^

  2) 

   at NUnit.Framework.Assert.ReportFailure(String message) in D:\a\1\s\src\NUnitFramework\framework\Assert.cs:line 394
   at NUnit.Framework.Assert.Fail(String message, Object[] args) in D:\a\1\s\src\NUnitFramework\framework\Assert.cs:line 145
   at NUnit.Framework.Assert.Fail() in D:\a\1\s\src\NUnitFramework\framework\Assert.cs:line 164
   at Cinemark.com.cinemark.testscripts.Other.RegisterDuplicateAcctFromRegistrationTest.<RegisterDuplicateAccount>b__3_0() in C:\Users\sanne\src\Repos\Internet-Tests\com.cinemark.testscripts\Other\RegisterDuplicateAcctFromRegistrationTest.cs:line 57
   at Cinemark.com.cinemark.testscripts.BaseTest.UITest(Action action) in C:\Users\sanne\src\Repos\Internet-Tests\com.cinemark.testscripts\BaseTest.cs:line 41									</td>
			</tr>
			<tr class="event-row">
				<td><i class="fa fa-times text-fail"></i></td>
				<td>12:58:34</td>
				<td>
Test ended with status *** Fail ***  Multiple failures or warnings in test:
  1)   Expected string length 178 but was 62. Strings differ at index 3.
  Expected: "There was a problem creating your account. Check that your em..."
  But was:  "The email address and confirmation email address do not match."
  --------------^

  2)									</td>
			</tr>
			<tr class="event-row">
				<td><i class="fa fa-times text-fail"></i></td>
				<td>12:58:34</td>
				<td>
Snapshot below: AventStack.ExtentReports.ExtentTest									</td>
			</tr>
	</tbody>
</table>

</div>    
<div class="detail-foot">
	<ul class="attachments">
		<li>
			<a href="C:\Users\sanne\src\Repos\Internet-Tests\Automation_Report\OutPut\screenshots\screenshots_On_10-31-19\RegisterDuplicateAccount_2019-10-31-12-58-34.png" data-featherlight="image">
				<div class="file-icon">
					<i class="fa fa-file-image-o"></i> 
				</div>
				<div class="file-info">
		                <span class="file-name">RegisterDuplicateAccount_2019-10-31-12-58-34.png</span>
		                <span class="file-size"> 206761Kb</span>
				</div>
			</a>
		</li>
	</ul>
</div>
											</div>
										</li>
										<li class="test-item" status="fail" author="" device="" tag=""> 
											<div class="status-avatar fail-bg">
												<i class="fa fa-times text-white"></i>
											</div>
											<div class="open-test">
												<div class="test-detail"> 
													<p class="name">RegisterAccount</p> 
													<p class="duration text-sm">0h:0m:10s+292ms</p> 
													<span class="datetime">12:58:40 PM</span>
												</div>
											</div>
											<div class="test-contents d-none">
												<div class="detail-head">
													<div class="p-v-10 d-inline-block">	
														<div class="info">
															<h5 class="test-status text-fail">RegisterAccount</h5>
															<span class='badge badge-success'>10/31/2019 12:58:40 PM</span>
															<span class='badge badge-danger'>10/31/2019 12:58:51 PM</span>
															<span class='badge badge-default'>0h:0m:10s+292ms</span>
														</div>
																											</div>
												</div>
<div class="detail-body mt-4">												
	
<table class="table table-sm">
	<thead><tr>
		<th class="status-col">Status</th>
		<th class="timestamp-col">Timestamp</th>
		<th class="details-col">Details</th>
	</tr></thead>
	<tbody>
			<tr class="event-row">
				<td><i class="fa fa-times text-fail"></i></td>
				<td>12:58:49</td>
				<td>
Registered Account Member successfully thru Registration page - Failed									</td>
			</tr>
			<tr class="event-row">
				<td><i class="fa fa-times text-fail"></i></td>
				<td>12:58:50</td>
				<td>
NUnit.Framework.AssertionException
   at NUnit.Framework.Assert.ReportFailure(String message) in D:\a\1\s\src\NUnitFramework\framework\Assert.cs:line 394
   at NUnit.Framework.Assert.Fail(String message, Object[] args) in D:\a\1\s\src\NUnitFramework\framework\Assert.cs:line 145
   at NUnit.Framework.Assert.Fail() in D:\a\1\s\src\NUnitFramework\framework\Assert.cs:line 164
   at Cinemark.com.cinemark.testscripts.Other.RegisterFromRegistrationTest.<RegisterAccount>b__4_0() in C:\Users\sanne\src\Repos\Internet-Tests\com.cinemark.testscripts\Other\RegisterFromRegistrationTest.cs:line 49
   at Cinemark.com.cinemark.testscripts.BaseTest.UITest(Action action) in C:\Users\sanne\src\Repos\Internet-Tests\com.cinemark.testscripts\BaseTest.cs:line 41									</td>
			</tr>
			<tr class="event-row">
				<td><i class="fa fa-times text-fail"></i></td>
				<td>12:58:51</td>
				<td>
Test ended with status *** Fail ***									</td>
			</tr>
			<tr class="event-row">
				<td><i class="fa fa-times text-fail"></i></td>
				<td>12:58:51</td>
				<td>
Snapshot below: AventStack.ExtentReports.ExtentTest									</td>
			</tr>
	</tbody>
</table>

</div>    
<div class="detail-foot">
	<ul class="attachments">
		<li>
			<a href="C:\Users\sanne\src\Repos\Internet-Tests\Automation_Report\OutPut\screenshots\screenshots_On_10-31-19\RegisterAccount_2019-10-31-12-58-50.png" data-featherlight="image">
				<div class="file-icon">
					<i class="fa fa-file-image-o"></i> 
				</div>
				<div class="file-info">
		                <span class="file-name">RegisterAccount_2019-10-31-12-58-50.png</span>
		                <span class="file-size"> 885390Kb</span>
				</div>
			</a>
		</li>
	</ul>
</div>
											</div>
										</li>
										<li class="test-item" status="fail" author="" device="" tag=""> 
											<div class="status-avatar fail-bg">
												<i class="fa fa-times text-white"></i>
											</div>
											<div class="open-test">
												<div class="test-detail"> 
													<p class="name">ResetPasswordRequest</p> 
													<p class="duration text-sm">0h:0m:12s+958ms</p> 
													<span class="datetime">12:58:55 PM</span>
												</div>
											</div>
											<div class="test-contents d-none">
												<div class="detail-head">
													<div class="p-v-10 d-inline-block">	
														<div class="info">
															<h5 class="test-status text-fail">ResetPasswordRequest</h5>
															<span class='badge badge-success'>10/31/2019 12:58:55 PM</span>
															<span class='badge badge-danger'>10/31/2019 12:59:08 PM</span>
															<span class='badge badge-default'>0h:0m:12s+958ms</span>
														</div>
																											</div>
												</div>
<div class="detail-body mt-4">												
	
<table class="table table-sm">
	<thead><tr>
		<th class="status-col">Status</th>
		<th class="timestamp-col">Timestamp</th>
		<th class="details-col">Details</th>
	</tr></thead>
	<tbody>
			<tr class="event-row">
				<td><i class="fa fa-times text-fail"></i></td>
				<td>12:59:07</td>
				<td>
Reset Password link is sent successfully to the customer - Failed									</td>
			</tr>
			<tr class="event-row">
				<td><i class="fa fa-times text-fail"></i></td>
				<td>12:59:08</td>
				<td>
NUnit.Framework.AssertionException
   at NUnit.Framework.Assert.ReportFailure(String message) in D:\a\1\s\src\NUnitFramework\framework\Assert.cs:line 394
   at NUnit.Framework.Assert.Fail(String message, Object[] args) in D:\a\1\s\src\NUnitFramework\framework\Assert.cs:line 145
   at NUnit.Framework.Assert.Fail() in D:\a\1\s\src\NUnitFramework\framework\Assert.cs:line 164
   at Cinemark.com.cinemark.testscripts.Other.ResetPasswordRequestTest.<ResetPasswordRequest>b__3_0() in C:\Users\sanne\src\Repos\Internet-Tests\com.cinemark.testscripts\Other\ResetPasswordRequestTest.cs:line 46
   at Cinemark.com.cinemark.testscripts.BaseTest.UITest(Action action) in C:\Users\sanne\src\Repos\Internet-Tests\com.cinemark.testscripts\BaseTest.cs:line 41									</td>
			</tr>
			<tr class="event-row">
				<td><i class="fa fa-times text-fail"></i></td>
				<td>12:59:08</td>
				<td>
Test ended with status *** Fail ***									</td>
			</tr>
			<tr class="event-row">
				<td><i class="fa fa-times text-fail"></i></td>
				<td>12:59:08</td>
				<td>
Snapshot below: AventStack.ExtentReports.ExtentTest									</td>
			</tr>
	</tbody>
</table>

</div>    
<div class="detail-foot">
	<ul class="attachments">
		<li>
			<a href="C:\Users\sanne\src\Repos\Internet-Tests\Automation_Report\OutPut\screenshots\screenshots_On_10-31-19\ResetPasswordRequest_2019-10-31-12-59-08.png" data-featherlight="image">
				<div class="file-icon">
					<i class="fa fa-file-image-o"></i> 
				</div>
				<div class="file-info">
		                <span class="file-name">ResetPasswordRequest_2019-10-31-12-59-08.png</span>
		                <span class="file-size"> 600055Kb</span>
				</div>
			</a>
		</li>
	</ul>
</div>
											</div>
										</li>
										<li class="test-item" status="fail" author="" device="" tag=""> 
											<div class="status-avatar fail-bg">
												<i class="fa fa-times text-white"></i>
											</div>
											<div class="open-test">
												<div class="test-detail"> 
													<p class="name">BulkGiftCardPurchaseLessThan10</p> 
													<p class="duration text-sm">0h:0m:56s+102ms</p> 
													<span class="datetime">12:59:13 PM</span>
												</div>
											</div>
											<div class="test-contents d-none">
												<div class="detail-head">
													<div class="p-v-10 d-inline-block">	
														<div class="info">
															<h5 class="test-status text-fail">BulkGiftCardPurchaseLessThan10</h5>
															<span class='badge badge-success'>10/31/2019 12:59:13 PM</span>
															<span class='badge badge-danger'>10/31/2019 1:00:09 PM</span>
															<span class='badge badge-default'>0h:0m:56s+102ms</span>
														</div>
																											</div>
												</div>
<div class="detail-body mt-4">												
	
<table class="table table-sm">
	<thead><tr>
		<th class="status-col">Status</th>
		<th class="timestamp-col">Timestamp</th>
		<th class="details-col">Details</th>
	</tr></thead>
	<tbody>
			<tr class="event-row">
				<td><i class="fa fa-times text-fail"></i></td>
				<td>13:00:08</td>
				<td>
Cannot buy less than 10 Bulk Gift Cards - Passed									</td>
			</tr>
			<tr class="event-row">
				<td><i class="fa fa-times text-fail"></i></td>
				<td>13:00:09</td>
				<td>
NUnit.Framework.AssertionException
   at NUnit.Framework.Assert.ReportFailure(String message) in D:\a\1\s\src\NUnitFramework\framework\Assert.cs:line 394
   at NUnit.Framework.Assert.Fail(String message, Object[] args) in D:\a\1\s\src\NUnitFramework\framework\Assert.cs:line 145
   at NUnit.Framework.Assert.Fail() in D:\a\1\s\src\NUnitFramework\framework\Assert.cs:line 164
   at Cinemark.com.cinemark.testscripts.Purchases.BulkGiftCardPurchaseTest.<BulkGiftCardPurchaseLessThan10>b__9_0() in C:\Users\sanne\src\Repos\Internet-Tests\com.cinemark.testscripts\Purchases\BulkGiftCardPurchaseTest.cs:line 58
   at Cinemark.com.cinemark.testscripts.BaseTest.UITest(Action action) in C:\Users\sanne\src\Repos\Internet-Tests\com.cinemark.testscripts\BaseTest.cs:line 41									</td>
			</tr>
			<tr class="event-row">
				<td><i class="fa fa-times text-fail"></i></td>
				<td>13:00:09</td>
				<td>
Test ended with status *** Fail ***									</td>
			</tr>
			<tr class="event-row">
				<td><i class="fa fa-times text-fail"></i></td>
				<td>13:00:09</td>
				<td>
Snapshot below: AventStack.ExtentReports.ExtentTest									</td>
			</tr>
	</tbody>
</table>

</div>    
<div class="detail-foot">
	<ul class="attachments">
		<li>
			<a href="C:\Users\sanne\src\Repos\Internet-Tests\Automation_Report\OutPut\screenshots\screenshots_On_10-31-19\BulkGiftCardPurchaseLessThan10_2019-10-31-13-00-09.png" data-featherlight="image">
				<div class="file-icon">
					<i class="fa fa-file-image-o"></i> 
				</div>
				<div class="file-info">
		                <span class="file-name">BulkGiftCardPurchaseLessThan10_2019-10-31-13-00-09.png</span>
		                <span class="file-size"> 137219Kb</span>
				</div>
			</a>
		</li>
	</ul>
</div>
											</div>
										</li>
										<li class="test-item" status="fail" author="" device="" tag=""> 
											<div class="status-avatar fail-bg">
												<i class="fa fa-times text-white"></i>
											</div>
											<div class="open-test">
												<div class="test-detail"> 
													<p class="name">BulkGiftCardPurchase</p> 
													<p class="duration text-sm">0h:0m:55s+919ms</p> 
													<span class="datetime">13:00:09 PM</span>
												</div>
											</div>
											<div class="test-contents d-none">
												<div class="detail-head">
													<div class="p-v-10 d-inline-block">	
														<div class="info">
															<h5 class="test-status text-fail">BulkGiftCardPurchase</h5>
															<span class='badge badge-success'>10/31/2019 1:00:09 PM</span>
															<span class='badge badge-danger'>10/31/2019 1:01:05 PM</span>
															<span class='badge badge-default'>0h:0m:55s+919ms</span>
														</div>
																											</div>
												</div>
<div class="detail-body mt-4">												
	
<table class="table table-sm">
	<thead><tr>
		<th class="status-col">Status</th>
		<th class="timestamp-col">Timestamp</th>
		<th class="details-col">Details</th>
	</tr></thead>
	<tbody>
			<tr class="event-row">
				<td><i class="fa fa-times text-fail"></i></td>
				<td>13:01:04</td>
				<td>
Successfully purchased Bulk Gift Cards - Failed									</td>
			</tr>
			<tr class="event-row">
				<td><i class="fa fa-times text-fail"></i></td>
				<td>13:01:05</td>
				<td>
NUnit.Framework.AssertionException
   at NUnit.Framework.Assert.ReportFailure(String message) in D:\a\1\s\src\NUnitFramework\framework\Assert.cs:line 394
   at NUnit.Framework.Assert.Fail(String message, Object[] args) in D:\a\1\s\src\NUnitFramework\framework\Assert.cs:line 145
   at NUnit.Framework.Assert.Fail() in D:\a\1\s\src\NUnitFramework\framework\Assert.cs:line 164
   at Cinemark.com.cinemark.testscripts.Purchases.BulkGiftCardPurchaseTest.<BulkGiftCardPurchase>b__10_0() in C:\Users\sanne\src\Repos\Internet-Tests\com.cinemark.testscripts\Purchases\BulkGiftCardPurchaseTest.cs:line 100
   at Cinemark.com.cinemark.testscripts.BaseTest.UITest(Action action) in C:\Users\sanne\src\Repos\Internet-Tests\com.cinemark.testscripts\BaseTest.cs:line 41									</td>
			</tr>
			<tr class="event-row">
				<td><i class="fa fa-times text-fail"></i></td>
				<td>13:01:05</td>
				<td>
Test ended with status *** Fail ***									</td>
			</tr>
			<tr class="event-row">
				<td><i class="fa fa-times text-fail"></i></td>
				<td>13:01:05</td>
				<td>
Snapshot below: AventStack.ExtentReports.ExtentTest									</td>
			</tr>
	</tbody>
</table>

</div>    
<div class="detail-foot">
	<ul class="attachments">
		<li>
			<a href="C:\Users\sanne\src\Repos\Internet-Tests\Automation_Report\OutPut\screenshots\screenshots_On_10-31-19\BulkGiftCardPurchase_2019-10-31-13-01-05.png" data-featherlight="image">
				<div class="file-icon">
					<i class="fa fa-file-image-o"></i> 
				</div>
				<div class="file-info">
		                <span class="file-name">BulkGiftCardPurchase_2019-10-31-13-01-05.png</span>
		                <span class="file-size"> 137219Kb</span>
				</div>
			</a>
		</li>
	</ul>
</div>
											</div>
										</li>
										<li class="test-item" status="fail" author="" device="" tag=""> 
											<div class="status-avatar fail-bg">
												<i class="fa fa-times text-white"></i>
											</div>
											<div class="open-test">
												<div class="test-detail"> 
													<p class="name">PurchaseTicketsAndBulkGiftCards</p> 
													<p class="duration text-sm">0h:0m:12s+884ms</p> 
													<span class="datetime">13:01:05 PM</span>
												</div>
											</div>
											<div class="test-contents d-none">
												<div class="detail-head">
													<div class="p-v-10 d-inline-block">	
														<div class="info">
															<h5 class="test-status text-fail">PurchaseTicketsAndBulkGiftCards</h5>
															<span class='badge badge-success'>10/31/2019 1:01:05 PM</span>
															<span class='badge badge-danger'>10/31/2019 1:01:18 PM</span>
															<span class='badge badge-default'>0h:0m:12s+884ms</span>
														</div>
																											</div>
												</div>
<div class="detail-body mt-4">												
	
<table class="table table-sm">
	<thead><tr>
		<th class="status-col">Status</th>
		<th class="timestamp-col">Timestamp</th>
		<th class="details-col">Details</th>
	</tr></thead>
	<tbody>
			<tr class="event-row">
				<td><i class="fa fa-times text-fail"></i></td>
				<td>13:01:17</td>
				<td>
Error displayed when tickets & Bulk Gift cards purchased in the same transaction - Failed									</td>
			</tr>
			<tr class="event-row">
				<td><i class="fa fa-times text-fail"></i></td>
				<td>13:01:17</td>
				<td>
OpenQA.Selenium.NoSuchElementException: Could not find element by: By.XPath: (//div[@class='showtime'])[5]
   at OpenQA.Selenium.Support.PageObjects.DefaultElementLocator.LocateElement(IEnumerable`1 bys)
   at OpenQA.Selenium.Support.PageObjects.WebElementProxy.get_Element()
   at OpenQA.Selenium.Support.PageObjects.WebElementProxy.Invoke(IMessage msg)
   at System.Runtime.Remoting.Proxies.RealProxy.PrivateInvoke(MessageData& msgData, Int32 type)
   at OpenQA.Selenium.Internal.IWrapsElement.get_WrappedElement()
   at OpenQA.Selenium.Interactions.Actions.GetLocatableFromElement(IWebElement element)
   at OpenQA.Selenium.Interactions.Actions.MoveToElement(IWebElement toElement)
   at OpenQA.Selenium.Interactions.Actions.Click(IWebElement onElement)
   at Cinemark.com.cinemark.pages.TimeSlots.MovieTimeSelection() in C:\Users\sanne\src\Repos\Internet-Tests\com.cinemark.pages\TimeSlots.cs:line 95
   at Cinemark.com.cinemark.testscripts.Purchases.BulkGiftCardPurchaseTest.<PurchaseTicketsAndBulkGiftCards>b__11_0() in C:\Users\sanne\src\Repos\Internet-Tests\com.cinemark.testscripts\Purchases\BulkGiftCardPurchaseTest.cs:line 127									</td>
			</tr>
			<tr class="event-row">
				<td><i class="fa fa-times text-fail"></i></td>
				<td>13:01:18</td>
				<td>
NUnit.Framework.AssertionException
   at NUnit.Framework.Assert.ReportFailure(String message) in D:\a\1\s\src\NUnitFramework\framework\Assert.cs:line 394
   at NUnit.Framework.Assert.Fail(String message, Object[] args) in D:\a\1\s\src\NUnitFramework\framework\Assert.cs:line 145
   at NUnit.Framework.Assert.Fail() in D:\a\1\s\src\NUnitFramework\framework\Assert.cs:line 164
   at Cinemark.com.cinemark.testscripts.Purchases.BulkGiftCardPurchaseTest.<PurchaseTicketsAndBulkGiftCards>b__11_0() in C:\Users\sanne\src\Repos\Internet-Tests\com.cinemark.testscripts\Purchases\BulkGiftCardPurchaseTest.cs:line 145
   at Cinemark.com.cinemark.testscripts.BaseTest.UITest(Action action) in C:\Users\sanne\src\Repos\Internet-Tests\com.cinemark.testscripts\BaseTest.cs:line 41									</td>
			</tr>
			<tr class="event-row">
				<td><i class="fa fa-times text-fail"></i></td>
				<td>13:01:18</td>
				<td>
Test ended with status *** Fail ***									</td>
			</tr>
			<tr class="event-row">
				<td><i class="fa fa-times text-fail"></i></td>
				<td>13:01:18</td>
				<td>
Snapshot below: AventStack.ExtentReports.ExtentTest									</td>
			</tr>
	</tbody>
</table>

</div>    
<div class="detail-foot">
	<ul class="attachments">
		<li>
			<a href="C:\Users\sanne\src\Repos\Internet-Tests\Automation_Report\OutPut\screenshots\screenshots_On_10-31-19\PurchaseTicketsAndBulkGiftCards_2019-10-31-13-01-18.png" data-featherlight="image">
				<div class="file-icon">
					<i class="fa fa-file-image-o"></i> 
				</div>
				<div class="file-info">
		                <span class="file-name">PurchaseTicketsAndBulkGiftCards_2019-10-31-13-01-18.png</span>
		                <span class="file-size"> 648230Kb</span>
				</div>
			</a>
		</li>
	</ul>
</div>
											</div>
										</li>
										<li class="test-item" status="fail" author="" device="" tag=""> 
											<div class="status-avatar fail-bg">
												<i class="fa fa-times text-white"></i>
											</div>
											<div class="open-test">
												<div class="test-detail"> 
													<p class="name">ChasePayPurchase</p> 
													<p class="duration text-sm">0h:1m:34s+649ms</p> 
													<span class="datetime">13:01:23 PM</span>
												</div>
											</div>
											<div class="test-contents d-none">
												<div class="detail-head">
													<div class="p-v-10 d-inline-block">	
														<div class="info">
															<h5 class="test-status text-fail">ChasePayPurchase</h5>
															<span class='badge badge-success'>10/31/2019 1:01:23 PM</span>
															<span class='badge badge-danger'>10/31/2019 1:02:58 PM</span>
															<span class='badge badge-default'>0h:1m:34s+649ms</span>
														</div>
																											</div>
												</div>
<div class="detail-body mt-4">												
	
<table class="table table-sm">
	<thead><tr>
		<th class="status-col">Status</th>
		<th class="timestamp-col">Timestamp</th>
		<th class="details-col">Details</th>
	</tr></thead>
	<tbody>
			<tr class="event-row">
				<td><i class="fa fa-times text-fail"></i></td>
				<td>13:02:57</td>
				<td>
Chase Pay purchase successfull - Failed									</td>
			</tr>
			<tr class="event-row">
				<td><i class="fa fa-times text-fail"></i></td>
				<td>13:02:57</td>
				<td>
NUnit.Framework.AssertionException
   at NUnit.Framework.Assert.ReportFailure(String message) in D:\a\1\s\src\NUnitFramework\framework\Assert.cs:line 394
   at NUnit.Framework.Assert.Fail(String message, Object[] args) in D:\a\1\s\src\NUnitFramework\framework\Assert.cs:line 145
   at NUnit.Framework.Assert.Fail() in D:\a\1\s\src\NUnitFramework\framework\Assert.cs:line 164
   at Cinemark.com.cinemark.testscripts.Purchases.ChasePayPurchaseTest.<ChasePayPurchase>b__9_0() in C:\Users\sanne\src\Repos\Internet-Tests\com.cinemark.testscripts\Purchases\ChasePayPurchaseTest.cs:line 104
   at Cinemark.com.cinemark.testscripts.BaseTest.UITest(Action action) in C:\Users\sanne\src\Repos\Internet-Tests\com.cinemark.testscripts\BaseTest.cs:line 41									</td>
			</tr>
			<tr class="event-row">
				<td><i class="fa fa-times text-fail"></i></td>
				<td>13:02:58</td>
				<td>
Test ended with status *** Fail ***									</td>
			</tr>
			<tr class="event-row">
				<td><i class="fa fa-times text-fail"></i></td>
				<td>13:02:58</td>
				<td>
Snapshot below: AventStack.ExtentReports.ExtentTest									</td>
			</tr>
	</tbody>
</table>

</div>    
<div class="detail-foot">
	<ul class="attachments">
		<li>
			<a href="C:\Users\sanne\src\Repos\Internet-Tests\Automation_Report\OutPut\screenshots\screenshots_On_10-31-19\ChasePayPurchase_2019-10-31-13-02-57.png" data-featherlight="image">
				<div class="file-icon">
					<i class="fa fa-file-image-o"></i> 
				</div>
				<div class="file-info">
		                <span class="file-name">ChasePayPurchase_2019-10-31-13-02-57.png</span>
		                <span class="file-size"> 848142Kb</span>
				</div>
			</a>
		</li>
	</ul>
</div>
											</div>
										</li>
										<li class="test-item" status="fail" author="" device="" tag=""> 
											<div class="status-avatar fail-bg">
												<i class="fa fa-times text-white"></i>
											</div>
											<div class="open-test">
												<div class="test-detail"> 
													<p class="name">GiftCardBalanceCheck</p> 
													<p class="duration text-sm">0h:0m:8s+450ms</p> 
													<span class="datetime">13:03:04 PM</span>
												</div>
											</div>
											<div class="test-contents d-none">
												<div class="detail-head">
													<div class="p-v-10 d-inline-block">	
														<div class="info">
															<h5 class="test-status text-fail">GiftCardBalanceCheck</h5>
															<span class='badge badge-success'>10/31/2019 1:03:04 PM</span>
															<span class='badge badge-danger'>10/31/2019 1:03:12 PM</span>
															<span class='badge badge-default'>0h:0m:8s+450ms</span>
														</div>
																											</div>
												</div>
<div class="detail-body mt-4">												
	
<table class="table table-sm">
	<thead><tr>
		<th class="status-col">Status</th>
		<th class="timestamp-col">Timestamp</th>
		<th class="details-col">Details</th>
	</tr></thead>
	<tbody>
			<tr class="event-row">
				<td><i class="fa fa-times text-fail"></i></td>
				<td>13:03:11</td>
				<td>
Gift card balance is displayed correctly - failed									</td>
			</tr>
			<tr class="event-row">
				<td><i class="fa fa-times text-fail"></i></td>
				<td>13:03:12</td>
				<td>
NUnit.Framework.AssertionException
   at NUnit.Framework.Assert.ReportFailure(String message) in D:\a\1\s\src\NUnitFramework\framework\Assert.cs:line 394
   at NUnit.Framework.Assert.Fail(String message, Object[] args) in D:\a\1\s\src\NUnitFramework\framework\Assert.cs:line 145
   at NUnit.Framework.Assert.Fail() in D:\a\1\s\src\NUnitFramework\framework\Assert.cs:line 164
   at Cinemark.com.cinemark.testscripts.Purchases.CheckGiftCardBalanceTest.<GiftCardBalanceCheck>b__10_0() in C:\Users\sanne\src\Repos\Internet-Tests\com.cinemark.testscripts\Purchases\CheckGiftCardBalanceTest.cs:line 108
   at Cinemark.com.cinemark.testscripts.BaseTest.UITest(Action action) in C:\Users\sanne\src\Repos\Internet-Tests\com.cinemark.testscripts\BaseTest.cs:line 41									</td>
			</tr>
			<tr class="event-row">
				<td><i class="fa fa-times text-fail"></i></td>
				<td>13:03:12</td>
				<td>
Test ended with status *** Fail ***									</td>
			</tr>
			<tr class="event-row">
				<td><i class="fa fa-times text-fail"></i></td>
				<td>13:03:12</td>
				<td>
Snapshot below: AventStack.ExtentReports.ExtentTest									</td>
			</tr>
	</tbody>
</table>

</div>    
<div class="detail-foot">
	<ul class="attachments">
		<li>
			<a href="C:\Users\sanne\src\Repos\Internet-Tests\Automation_Report\OutPut\screenshots\screenshots_On_10-31-19\GiftCardBalanceCheck_2019-10-31-13-03-12.png" data-featherlight="image">
				<div class="file-icon">
					<i class="fa fa-file-image-o"></i> 
				</div>
				<div class="file-info">
		                <span class="file-name">GiftCardBalanceCheck_2019-10-31-13-03-12.png</span>
		                <span class="file-size"> 699592Kb</span>
				</div>
			</a>
		</li>
	</ul>
</div>
											</div>
										</li>
										<li class="test-item" status="fail" author="" device="" tag=""> 
											<div class="status-avatar fail-bg">
												<i class="fa fa-times text-white"></i>
											</div>
											<div class="open-test">
												<div class="test-detail"> 
													<p class="name">GiftCardBalanceWithNewMCM</p> 
													<p class="duration text-sm">0h:0m:10s+968ms</p> 
													<span class="datetime">13:03:18 PM</span>
												</div>
											</div>
											<div class="test-contents d-none">
												<div class="detail-head">
													<div class="p-v-10 d-inline-block">	
														<div class="info">
															<h5 class="test-status text-fail">GiftCardBalanceWithNewMCM</h5>
															<span class='badge badge-success'>10/31/2019 1:03:18 PM</span>
															<span class='badge badge-danger'>10/31/2019 1:03:29 PM</span>
															<span class='badge badge-default'>0h:0m:10s+968ms</span>
														</div>
																											</div>
												</div>
<div class="detail-body mt-4">												
	
<table class="table table-sm">
	<thead><tr>
		<th class="status-col">Status</th>
		<th class="timestamp-col">Timestamp</th>
		<th class="details-col">Details</th>
	</tr></thead>
	<tbody>
			<tr class="event-row">
				<td><i class="fa fa-times text-fail"></i></td>
				<td>13:03:29</td>
				<td>
Test ended with status *** Fail ***  System.Data.SqlClient.SqlException : Cannot open database "giftcard" requested by the login. The login failed.
Login failed for user 'CINEMARK.COM\sanne'.
Data:
  HelpLink.ProdName: Microsoft SQL Server
  HelpLink.EvtSrc: MSSQLServer
  HelpLink.EvtID: 4060
  HelpLink.BaseHelpUrl: http://go.microsoft.com/fwlink
  HelpLink.LinkId: 20476									</td>
			</tr>
			<tr class="event-row">
				<td><i class="fa fa-times text-fail"></i></td>
				<td>13:03:29</td>
				<td>
Snapshot below: AventStack.ExtentReports.ExtentTest									</td>
			</tr>
	</tbody>
</table>

</div>    
<div class="detail-foot">
	<ul class="attachments">
		<li>
			<a href="C:\Users\sanne\src\Repos\Internet-Tests\Automation_Report\OutPut\screenshots\screenshots_On_10-31-19\GiftCardBalanceWithNewMCM_2019-10-31-13-03-28.png" data-featherlight="image">
				<div class="file-icon">
					<i class="fa fa-file-image-o"></i> 
				</div>
				<div class="file-info">
		                <span class="file-name">GiftCardBalanceWithNewMCM_2019-10-31-13-03-28.png</span>
		                <span class="file-size"> 137219Kb</span>
				</div>
			</a>
		</li>
	</ul>
</div>
											</div>
										</li>
										<li class="test-item" status="fail" author="" device="" tag=""> 
											<div class="status-avatar fail-bg">
												<i class="fa fa-times text-white"></i>
											</div>
											<div class="open-test">
												<div class="test-detail"> 
													<p class="name">GiftCardReloadLessThan5</p> 
													<p class="duration text-sm">0h:0m:7s+947ms</p> 
													<span class="datetime">13:03:34 PM</span>
												</div>
											</div>
											<div class="test-contents d-none">
												<div class="detail-head">
													<div class="p-v-10 d-inline-block">	
														<div class="info">
															<h5 class="test-status text-fail">GiftCardReloadLessThan5</h5>
															<span class='badge badge-success'>10/31/2019 1:03:34 PM</span>
															<span class='badge badge-danger'>10/31/2019 1:03:42 PM</span>
															<span class='badge badge-default'>0h:0m:7s+947ms</span>
														</div>
																											</div>
												</div>
<div class="detail-body mt-4">												
	
<table class="table table-sm">
	<thead><tr>
		<th class="status-col">Status</th>
		<th class="timestamp-col">Timestamp</th>
		<th class="details-col">Details</th>
	</tr></thead>
	<tbody>
			<tr class="event-row">
				<td><i class="fa fa-times text-fail"></i></td>
				<td>13:03:41</td>
				<td>
Error Message displayed when less than $5 reloaded to Gift card - Failed									</td>
			</tr>
			<tr class="event-row">
				<td><i class="fa fa-times text-fail"></i></td>
				<td>13:03:41</td>
				<td>
NUnit.Framework.AssertionException
   at NUnit.Framework.Assert.ReportFailure(String message) in D:\a\1\s\src\NUnitFramework\framework\Assert.cs:line 394
   at NUnit.Framework.Assert.Fail(String message, Object[] args) in D:\a\1\s\src\NUnitFramework\framework\Assert.cs:line 145
   at NUnit.Framework.Assert.Fail() in D:\a\1\s\src\NUnitFramework\framework\Assert.cs:line 164
   at Cinemark.com.cinemark.testscripts.Purchases.GiftCardReloadTest.<GiftCardReloadLessThan5>b__6_0() in C:\Users\sanne\src\Repos\Internet-Tests\com.cinemark.testscripts\Purchases\GiftCardReloadTest.cs:line 64
   at Cinemark.com.cinemark.testscripts.BaseTest.UITest(Action action) in C:\Users\sanne\src\Repos\Internet-Tests\com.cinemark.testscripts\BaseTest.cs:line 41									</td>
			</tr>
			<tr class="event-row">
				<td><i class="fa fa-times text-fail"></i></td>
				<td>13:03:42</td>
				<td>
Test ended with status *** Fail ***									</td>
			</tr>
			<tr class="event-row">
				<td><i class="fa fa-times text-fail"></i></td>
				<td>13:03:42</td>
				<td>
Snapshot below: AventStack.ExtentReports.ExtentTest									</td>
			</tr>
	</tbody>
</table>

</div>    
<div class="detail-foot">
	<ul class="attachments">
		<li>
			<a href="C:\Users\sanne\src\Repos\Internet-Tests\Automation_Report\OutPut\screenshots\screenshots_On_10-31-19\GiftCardReloadLessThan5_2019-10-31-13-03-41.png" data-featherlight="image">
				<div class="file-icon">
					<i class="fa fa-file-image-o"></i> 
				</div>
				<div class="file-info">
		                <span class="file-name">GiftCardReloadLessThan5_2019-10-31-13-03-41.png</span>
		                <span class="file-size"> 726022Kb</span>
				</div>
			</a>
		</li>
	</ul>
</div>
											</div>
										</li>
										<li class="test-item" status="fail" author="" device="" tag=""> 
											<div class="status-avatar fail-bg">
												<i class="fa fa-times text-white"></i>
											</div>
											<div class="open-test">
												<div class="test-detail"> 
													<p class="name">GiftCardReloadMoreThan500</p> 
													<p class="duration text-sm">0h:0m:6s+394ms</p> 
													<span class="datetime">13:03:42 PM</span>
												</div>
											</div>
											<div class="test-contents d-none">
												<div class="detail-head">
													<div class="p-v-10 d-inline-block">	
														<div class="info">
															<h5 class="test-status text-fail">GiftCardReloadMoreThan500</h5>
															<span class='badge badge-success'>10/31/2019 1:03:42 PM</span>
															<span class='badge badge-danger'>10/31/2019 1:03:49 PM</span>
															<span class='badge badge-default'>0h:0m:6s+394ms</span>
														</div>
																											</div>
												</div>
<div class="detail-body mt-4">												
	
<table class="table table-sm">
	<thead><tr>
		<th class="status-col">Status</th>
		<th class="timestamp-col">Timestamp</th>
		<th class="details-col">Details</th>
	</tr></thead>
	<tbody>
			<tr class="event-row">
				<td><i class="fa fa-times text-fail"></i></td>
				<td>13:03:47</td>
				<td>
Error Message displayed when more than $500.00 reloaded to Gift card - Failed									</td>
			</tr>
			<tr class="event-row">
				<td><i class="fa fa-times text-fail"></i></td>
				<td>13:03:48</td>
				<td>
NUnit.Framework.AssertionException
   at NUnit.Framework.Assert.ReportFailure(String message) in D:\a\1\s\src\NUnitFramework\framework\Assert.cs:line 394
   at NUnit.Framework.Assert.Fail(String message, Object[] args) in D:\a\1\s\src\NUnitFramework\framework\Assert.cs:line 145
   at NUnit.Framework.Assert.Fail() in D:\a\1\s\src\NUnitFramework\framework\Assert.cs:line 164
   at Cinemark.com.cinemark.testscripts.Purchases.GiftCardReloadTest.<GiftCardReloadMoreThan500>b__7_0() in C:\Users\sanne\src\Repos\Internet-Tests\com.cinemark.testscripts\Purchases\GiftCardReloadTest.cs:line 96
   at Cinemark.com.cinemark.testscripts.BaseTest.UITest(Action action) in C:\Users\sanne\src\Repos\Internet-Tests\com.cinemark.testscripts\BaseTest.cs:line 41									</td>
			</tr>
			<tr class="event-row">
				<td><i class="fa fa-times text-fail"></i></td>
				<td>13:03:49</td>
				<td>
Test ended with status *** Fail ***									</td>
			</tr>
			<tr class="event-row">
				<td><i class="fa fa-times text-fail"></i></td>
				<td>13:03:49</td>
				<td>
Snapshot below: AventStack.ExtentReports.ExtentTest									</td>
			</tr>
	</tbody>
</table>

</div>    
<div class="detail-foot">
	<ul class="attachments">
		<li>
			<a href="C:\Users\sanne\src\Repos\Internet-Tests\Automation_Report\OutPut\screenshots\screenshots_On_10-31-19\GiftCardReloadMoreThan500_2019-10-31-13-03-48.png" data-featherlight="image">
				<div class="file-icon">
					<i class="fa fa-file-image-o"></i> 
				</div>
				<div class="file-info">
		                <span class="file-name">GiftCardReloadMoreThan500_2019-10-31-13-03-48.png</span>
		                <span class="file-size"> 726022Kb</span>
				</div>
			</a>
		</li>
	</ul>
</div>
											</div>
										</li>
										<li class="test-item" status="fail" author="" device="" tag=""> 
											<div class="status-avatar fail-bg">
												<i class="fa fa-times text-white"></i>
											</div>
											<div class="open-test">
												<div class="test-detail"> 
													<p class="name">GiftCardReload</p> 
													<p class="duration text-sm">0h:0m:6s+435ms</p> 
													<span class="datetime">13:03:49 PM</span>
												</div>
											</div>
											<div class="test-contents d-none">
												<div class="detail-head">
													<div class="p-v-10 d-inline-block">	
														<div class="info">
															<h5 class="test-status text-fail">GiftCardReload</h5>
															<span class='badge badge-success'>10/31/2019 1:03:49 PM</span>
															<span class='badge badge-danger'>10/31/2019 1:03:55 PM</span>
															<span class='badge badge-default'>0h:0m:6s+435ms</span>
														</div>
																											</div>
												</div>
<div class="detail-body mt-4">												
	
<table class="table table-sm">
	<thead><tr>
		<th class="status-col">Status</th>
		<th class="timestamp-col">Timestamp</th>
		<th class="details-col">Details</th>
	</tr></thead>
	<tbody>
			<tr class="event-row">
				<td><i class="fa fa-times text-fail"></i></td>
				<td>13:03:54</td>
				<td>
Successfully reloaded $5.00 to Gift card - Failed									</td>
			</tr>
			<tr class="event-row">
				<td><i class="fa fa-times text-fail"></i></td>
				<td>13:03:54</td>
				<td>
NUnit.Framework.AssertionException
   at NUnit.Framework.Assert.ReportFailure(String message) in D:\a\1\s\src\NUnitFramework\framework\Assert.cs:line 394
   at NUnit.Framework.Assert.Fail(String message, Object[] args) in D:\a\1\s\src\NUnitFramework\framework\Assert.cs:line 145
   at NUnit.Framework.Assert.Fail() in D:\a\1\s\src\NUnitFramework\framework\Assert.cs:line 164
   at Cinemark.com.cinemark.testscripts.Purchases.GiftCardReloadTest.<GiftCardReload>b__8_0() in C:\Users\sanne\src\Repos\Internet-Tests\com.cinemark.testscripts\Purchases\GiftCardReloadTest.cs:line 133
   at Cinemark.com.cinemark.testscripts.BaseTest.UITest(Action action) in C:\Users\sanne\src\Repos\Internet-Tests\com.cinemark.testscripts\BaseTest.cs:line 41									</td>
			</tr>
			<tr class="event-row">
				<td><i class="fa fa-times text-fail"></i></td>
				<td>13:03:55</td>
				<td>
Test ended with status *** Fail ***									</td>
			</tr>
			<tr class="event-row">
				<td><i class="fa fa-times text-fail"></i></td>
				<td>13:03:55</td>
				<td>
Snapshot below: AventStack.ExtentReports.ExtentTest									</td>
			</tr>
	</tbody>
</table>

</div>    
<div class="detail-foot">
	<ul class="attachments">
		<li>
			<a href="C:\Users\sanne\src\Repos\Internet-Tests\Automation_Report\OutPut\screenshots\screenshots_On_10-31-19\GiftCardReload_2019-10-31-13-03-54.png" data-featherlight="image">
				<div class="file-icon">
					<i class="fa fa-file-image-o"></i> 
				</div>
				<div class="file-info">
		                <span class="file-name">GiftCardReload_2019-10-31-13-03-54.png</span>
		                <span class="file-size"> 726022Kb</span>
				</div>
			</a>
		</li>
	</ul>
</div>
											</div>
										</li>
										<li class="test-item" status="fail" author="" device="" tag=""> 
											<div class="status-avatar fail-bg">
												<i class="fa fa-times text-white"></i>
											</div>
											<div class="open-test">
												<div class="test-detail"> 
													<p class="name">GuestCheckout</p> 
													<p class="duration text-sm">0h:0m:12s+923ms</p> 
													<span class="datetime">13:04:00 PM</span>
												</div>
											</div>
											<div class="test-contents d-none">
												<div class="detail-head">
													<div class="p-v-10 d-inline-block">	
														<div class="info">
															<h5 class="test-status text-fail">GuestCheckout</h5>
															<span class='badge badge-success'>10/31/2019 1:04:00 PM</span>
															<span class='badge badge-danger'>10/31/2019 1:04:13 PM</span>
															<span class='badge badge-default'>0h:0m:12s+923ms</span>
														</div>
																											</div>
												</div>
<div class="detail-body mt-4">												
	
<table class="table table-sm">
	<thead><tr>
		<th class="status-col">Status</th>
		<th class="timestamp-col">Timestamp</th>
		<th class="details-col">Details</th>
	</tr></thead>
	<tbody>
			<tr class="event-row">
				<td><i class="fa fa-times text-fail"></i></td>
				<td>13:04:11</td>
				<td>
Successfully tickets purchased using Guest Checkout - Failed									</td>
			</tr>
			<tr class="event-row">
				<td><i class="fa fa-times text-fail"></i></td>
				<td>13:04:12</td>
				<td>
NUnit.Framework.AssertionException
   at NUnit.Framework.Assert.ReportFailure(String message) in D:\a\1\s\src\NUnitFramework\framework\Assert.cs:line 394
   at NUnit.Framework.Assert.Fail(String message, Object[] args) in D:\a\1\s\src\NUnitFramework\framework\Assert.cs:line 145
   at NUnit.Framework.Assert.Fail() in D:\a\1\s\src\NUnitFramework\framework\Assert.cs:line 164
   at Cinemark.com.cinemark.testscripts.Purchases.GuestCheckoutTest.<GuestCheckout>b__8_0() in C:\Users\sanne\src\Repos\Internet-Tests\com.cinemark.testscripts\Purchases\GuestCheckoutTest.cs:line 61
   at Cinemark.com.cinemark.testscripts.BaseTest.UITest(Action action) in C:\Users\sanne\src\Repos\Internet-Tests\com.cinemark.testscripts\BaseTest.cs:line 41									</td>
			</tr>
			<tr class="event-row">
				<td><i class="fa fa-times text-fail"></i></td>
				<td>13:04:13</td>
				<td>
Test ended with status *** Fail ***									</td>
			</tr>
			<tr class="event-row">
				<td><i class="fa fa-times text-fail"></i></td>
				<td>13:04:13</td>
				<td>
Snapshot below: AventStack.ExtentReports.ExtentTest									</td>
			</tr>
	</tbody>
</table>

</div>    
<div class="detail-foot">
	<ul class="attachments">
		<li>
			<a href="C:\Users\sanne\src\Repos\Internet-Tests\Automation_Report\OutPut\screenshots\screenshots_On_10-31-19\GuestCheckout_2019-10-31-13-04-12.png" data-featherlight="image">
				<div class="file-icon">
					<i class="fa fa-file-image-o"></i> 
				</div>
				<div class="file-info">
		                <span class="file-name">GuestCheckout_2019-10-31-13-04-12.png</span>
		                <span class="file-size"> 648230Kb</span>
				</div>
			</a>
		</li>
	</ul>
</div>
											</div>
										</li>
										<li class="test-item" status="fail" author="" device="" tag=""> 
											<div class="status-avatar fail-bg">
												<i class="fa fa-times text-white"></i>
											</div>
											<div class="open-test">
												<div class="test-detail"> 
													<p class="name">TicketPurchaseWithGiftCard</p> 
													<p class="duration text-sm">0h:0m:11s+113ms</p> 
													<span class="datetime">13:04:18 PM</span>
												</div>
											</div>
											<div class="test-contents d-none">
												<div class="detail-head">
													<div class="p-v-10 d-inline-block">	
														<div class="info">
															<h5 class="test-status text-fail">TicketPurchaseWithGiftCard</h5>
															<span class='badge badge-success'>10/31/2019 1:04:18 PM</span>
															<span class='badge badge-danger'>10/31/2019 1:04:29 PM</span>
															<span class='badge badge-default'>0h:0m:11s+113ms</span>
														</div>
																											</div>
												</div>
<div class="detail-body mt-4">												
	
<table class="table table-sm">
	<thead><tr>
		<th class="status-col">Status</th>
		<th class="timestamp-col">Timestamp</th>
		<th class="details-col">Details</th>
	</tr></thead>
	<tbody>
			<tr class="event-row">
				<td><i class="fa fa-times text-fail"></i></td>
				<td>13:04:28</td>
				<td>
Successfully purchased tickets using Gift Card - Failed									</td>
			</tr>
			<tr class="event-row">
				<td><i class="fa fa-times text-fail"></i></td>
				<td>13:04:28</td>
				<td>
NUnit.Framework.AssertionException
   at NUnit.Framework.Assert.ReportFailure(String message) in D:\a\1\s\src\NUnitFramework\framework\Assert.cs:line 394
   at NUnit.Framework.Assert.Fail(String message, Object[] args) in D:\a\1\s\src\NUnitFramework\framework\Assert.cs:line 145
   at NUnit.Framework.Assert.Fail() in D:\a\1\s\src\NUnitFramework\framework\Assert.cs:line 164
   at Cinemark.com.cinemark.testscripts.Purchases.PayWithGiftCardTest.<TicketPurchaseWithGiftCard>b__16_0() in C:\Users\sanne\src\Repos\Internet-Tests\com.cinemark.testscripts\Purchases\PayWithGiftCardTest.cs:line 120
   at Cinemark.com.cinemark.testscripts.BaseTest.UITest(Action action) in C:\Users\sanne\src\Repos\Internet-Tests\com.cinemark.testscripts\BaseTest.cs:line 41									</td>
			</tr>
			<tr class="event-row">
				<td><i class="fa fa-times text-fail"></i></td>
				<td>13:04:29</td>
				<td>
Test ended with status *** Fail ***									</td>
			</tr>
			<tr class="event-row">
				<td><i class="fa fa-times text-fail"></i></td>
				<td>13:04:29</td>
				<td>
Snapshot below: AventStack.ExtentReports.ExtentTest									</td>
			</tr>
	</tbody>
</table>

</div>    
<div class="detail-foot">
	<ul class="attachments">
		<li>
			<a href="C:\Users\sanne\src\Repos\Internet-Tests\Automation_Report\OutPut\screenshots\screenshots_On_10-31-19\TicketPurchaseWithGiftCard_2019-10-31-13-04-28.png" data-featherlight="image">
				<div class="file-icon">
					<i class="fa fa-file-image-o"></i> 
				</div>
				<div class="file-info">
		                <span class="file-name">TicketPurchaseWithGiftCard_2019-10-31-13-04-28.png</span>
		                <span class="file-size"> 137219Kb</span>
				</div>
			</a>
		</li>
	</ul>
</div>
											</div>
										</li>
										<li class="test-item" status="fail" author="" device="" tag=""> 
											<div class="status-avatar fail-bg">
												<i class="fa fa-times text-white"></i>
											</div>
											<div class="open-test">
												<div class="test-detail"> 
													<p class="name">RefundToGiftCard</p> 
													<p class="duration text-sm">0h:0m:15s+538ms</p> 
													<span class="datetime">13:04:29 PM</span>
												</div>
											</div>
											<div class="test-contents d-none">
												<div class="detail-head">
													<div class="p-v-10 d-inline-block">	
														<div class="info">
															<h5 class="test-status text-fail">RefundToGiftCard</h5>
															<span class='badge badge-success'>10/31/2019 1:04:29 PM</span>
															<span class='badge badge-danger'>10/31/2019 1:04:44 PM</span>
															<span class='badge badge-default'>0h:0m:15s+538ms</span>
														</div>
																											</div>
												</div>
<div class="detail-body mt-4">												
	
<table class="table table-sm">
	<thead><tr>
		<th class="status-col">Status</th>
		<th class="timestamp-col">Timestamp</th>
		<th class="details-col">Details</th>
	</tr></thead>
	<tbody>
			<tr class="event-row">
				<td><i class="fa fa-times text-fail"></i></td>
				<td>13:04:43</td>
				<td>
Successfully refunded the tickets amount back to Gift Card- Failed									</td>
			</tr>
			<tr class="event-row">
				<td><i class="fa fa-times text-fail"></i></td>
				<td>13:04:44</td>
				<td>
NUnit.Framework.AssertionException
   at NUnit.Framework.Assert.ReportFailure(String message) in D:\a\1\s\src\NUnitFramework\framework\Assert.cs:line 394
   at NUnit.Framework.Assert.Fail(String message, Object[] args) in D:\a\1\s\src\NUnitFramework\framework\Assert.cs:line 145
   at NUnit.Framework.Assert.Fail() in D:\a\1\s\src\NUnitFramework\framework\Assert.cs:line 164
   at Cinemark.com.cinemark.testscripts.Purchases.PayWithGiftCardTest.<RefundToGiftCard>b__17_0() in C:\Users\sanne\src\Repos\Internet-Tests\com.cinemark.testscripts\Purchases\PayWithGiftCardTest.cs:line 157
   at Cinemark.com.cinemark.testscripts.BaseTest.UITest(Action action) in C:\Users\sanne\src\Repos\Internet-Tests\com.cinemark.testscripts\BaseTest.cs:line 41									</td>
			</tr>
			<tr class="event-row">
				<td><i class="fa fa-times text-fail"></i></td>
				<td>13:04:44</td>
				<td>
Test ended with status *** Fail ***									</td>
			</tr>
			<tr class="event-row">
				<td><i class="fa fa-times text-fail"></i></td>
				<td>13:04:44</td>
				<td>
Snapshot below: AventStack.ExtentReports.ExtentTest									</td>
			</tr>
	</tbody>
</table>

</div>    
<div class="detail-foot">
	<ul class="attachments">
		<li>
			<a href="C:\Users\sanne\src\Repos\Internet-Tests\Automation_Report\OutPut\screenshots\screenshots_On_10-31-19\RefundToGiftCard_2019-10-31-13-04-44.png" data-featherlight="image">
				<div class="file-icon">
					<i class="fa fa-file-image-o"></i> 
				</div>
				<div class="file-info">
		                <span class="file-name">RefundToGiftCard_2019-10-31-13-04-44.png</span>
		                <span class="file-size"> 174794Kb</span>
				</div>
			</a>
		</li>
	</ul>
</div>
											</div>
										</li>
										<li class="test-item" status="fail" author="" device="" tag=""> 
											<div class="status-avatar fail-bg">
												<i class="fa fa-times text-white"></i>
											</div>
											<div class="open-test">
												<div class="test-detail"> 
													<p class="name">ErrMsgsForMissingFieldsValuesCardNum</p> 
													<p class="duration text-sm">0h:1m:34s+558ms</p> 
													<span class="datetime">13:04:50 PM</span>
												</div>
											</div>
											<div class="test-contents d-none">
												<div class="detail-head">
													<div class="p-v-10 d-inline-block">	
														<div class="info">
															<h5 class="test-status text-fail">ErrMsgsForMissingFieldsValuesCardNum</h5>
															<span class='badge badge-success'>10/31/2019 1:04:50 PM</span>
															<span class='badge badge-danger'>10/31/2019 1:06:25 PM</span>
															<span class='badge badge-default'>0h:1m:34s+558ms</span>
														</div>
																											</div>
												</div>
<div class="detail-body mt-4">												
	
<table class="table table-sm">
	<thead><tr>
		<th class="status-col">Status</th>
		<th class="timestamp-col">Timestamp</th>
		<th class="details-col">Details</th>
	</tr></thead>
	<tbody>
			<tr class="event-row">
				<td><i class="fa fa-check text-pass"></i></td>
				<td>13:06:24</td>
				<td>
Error messages displayed for missing Credit Card,ZIP & Security Code - Passed									</td>
			</tr>
			<tr class="event-row">
				<td><i class="fa fa-times text-fail"></i></td>
				<td>13:06:24</td>
				<td>
NUnit.Framework.AssertionException
   at NUnit.Framework.Assert.ReportFailure(String message) in D:\a\1\s\src\NUnitFramework\framework\Assert.cs:line 394
   at NUnit.Framework.Assert.Fail(String message, Object[] args) in D:\a\1\s\src\NUnitFramework\framework\Assert.cs:line 145
   at NUnit.Framework.Assert.Fail() in D:\a\1\s\src\NUnitFramework\framework\Assert.cs:line 164
   at Cinemark.com.cinemark.testscripts.Purchases.PurchaseValidationErrorMessagesTest.<ErrMsgsForMissingFieldsValuesCardNum>b__7_0() in C:\Users\sanne\src\Repos\Internet-Tests\com.cinemark.testscripts\Purchases\PurchaseValidationErrorMessagesTest.cs:line 79
   at Cinemark.com.cinemark.testscripts.BaseTest.UITest(Action action) in C:\Users\sanne\src\Repos\Internet-Tests\com.cinemark.testscripts\BaseTest.cs:line 41									</td>
			</tr>
			<tr class="event-row">
				<td><i class="fa fa-times text-fail"></i></td>
				<td>13:06:25</td>
				<td>
Test ended with status *** Fail ***									</td>
			</tr>
			<tr class="event-row">
				<td><i class="fa fa-times text-fail"></i></td>
				<td>13:06:25</td>
				<td>
Snapshot below: AventStack.ExtentReports.ExtentTest									</td>
			</tr>
	</tbody>
</table>

</div>    
<div class="detail-foot">
	<ul class="attachments">
		<li>
			<a href="C:\Users\sanne\src\Repos\Internet-Tests\Automation_Report\OutPut\screenshots\screenshots_On_10-31-19\ErrMsgsForMissingFieldsValuesCardNum_2019-10-31-13-06-24.png" data-featherlight="image">
				<div class="file-icon">
					<i class="fa fa-file-image-o"></i> 
				</div>
				<div class="file-info">
		                <span class="file-name">ErrMsgsForMissingFieldsValuesCardNum_2019-10-31-13-06-24.png</span>
		                <span class="file-size"> 778508Kb</span>
				</div>
			</a>
		</li>
	</ul>
</div>
											</div>
										</li>
										<li class="test-item" status="fail" author="" device="" tag=""> 
											<div class="status-avatar fail-bg">
												<i class="fa fa-times text-white"></i>
											</div>
											<div class="open-test">
												<div class="test-detail"> 
													<p class="name">ErrorMsgForMissingCCardInfo</p> 
													<p class="duration text-sm">0h:0m:6s+385ms</p> 
													<span class="datetime">13:06:25 PM</span>
												</div>
											</div>
											<div class="test-contents d-none">
												<div class="detail-head">
													<div class="p-v-10 d-inline-block">	
														<div class="info">
															<h5 class="test-status text-fail">ErrorMsgForMissingCCardInfo</h5>
															<span class='badge badge-success'>10/31/2019 1:06:25 PM</span>
															<span class='badge badge-danger'>10/31/2019 1:06:31 PM</span>
															<span class='badge badge-default'>0h:0m:6s+385ms</span>
														</div>
																											</div>
												</div>
<div class="detail-body mt-4">												
	
<table class="table table-sm">
	<thead><tr>
		<th class="status-col">Status</th>
		<th class="timestamp-col">Timestamp</th>
		<th class="details-col">Details</th>
	</tr></thead>
	<tbody>
			<tr class="event-row">
				<td><i class="fa fa-times text-fail"></i></td>
				<td>13:06:30</td>
				<td>
Error Message displayed for missing Credit Card - Failed									</td>
			</tr>
			<tr class="event-row">
				<td><i class="fa fa-times text-fail"></i></td>
				<td>13:06:31</td>
				<td>
NUnit.Framework.AssertionException
   at NUnit.Framework.Assert.ReportFailure(String message) in D:\a\1\s\src\NUnitFramework\framework\Assert.cs:line 394
   at NUnit.Framework.Assert.Fail(String message, Object[] args) in D:\a\1\s\src\NUnitFramework\framework\Assert.cs:line 145
   at NUnit.Framework.Assert.Fail() in D:\a\1\s\src\NUnitFramework\framework\Assert.cs:line 164
   at Cinemark.com.cinemark.testscripts.Purchases.PurchaseValidationErrorMessagesTest.<ErrorMsgForMissingCCardInfo>b__8_0() in C:\Users\sanne\src\Repos\Internet-Tests\com.cinemark.testscripts\Purchases\PurchaseValidationErrorMessagesTest.cs:line 110
   at Cinemark.com.cinemark.testscripts.BaseTest.UITest(Action action) in C:\Users\sanne\src\Repos\Internet-Tests\com.cinemark.testscripts\BaseTest.cs:line 41									</td>
			</tr>
			<tr class="event-row">
				<td><i class="fa fa-times text-fail"></i></td>
				<td>13:06:31</td>
				<td>
Test ended with status *** Fail ***									</td>
			</tr>
			<tr class="event-row">
				<td><i class="fa fa-times text-fail"></i></td>
				<td>13:06:31</td>
				<td>
Snapshot below: AventStack.ExtentReports.ExtentTest									</td>
			</tr>
	</tbody>
</table>

</div>    
<div class="detail-foot">
	<ul class="attachments">
		<li>
			<a href="C:\Users\sanne\src\Repos\Internet-Tests\Automation_Report\OutPut\screenshots\screenshots_On_10-31-19\ErrorMsgForMissingCCardInfo_2019-10-31-13-06-31.png" data-featherlight="image">
				<div class="file-icon">
					<i class="fa fa-file-image-o"></i> 
				</div>
				<div class="file-info">
		                <span class="file-name">ErrorMsgForMissingCCardInfo_2019-10-31-13-06-31.png</span>
		                <span class="file-size"> 778508Kb</span>
				</div>
			</a>
		</li>
	</ul>
</div>
											</div>
										</li>
										<li class="test-item" status="fail" author="" device="" tag=""> 
											<div class="status-avatar fail-bg">
												<i class="fa fa-times text-white"></i>
											</div>
											<div class="open-test">
												<div class="test-detail"> 
													<p class="name">ErrorMsgForMissingZIPInfo</p> 
													<p class="duration text-sm">0h:0m:6s+442ms</p> 
													<span class="datetime">13:06:31 PM</span>
												</div>
											</div>
											<div class="test-contents d-none">
												<div class="detail-head">
													<div class="p-v-10 d-inline-block">	
														<div class="info">
															<h5 class="test-status text-fail">ErrorMsgForMissingZIPInfo</h5>
															<span class='badge badge-success'>10/31/2019 1:06:31 PM</span>
															<span class='badge badge-danger'>10/31/2019 1:06:38 PM</span>
															<span class='badge badge-default'>0h:0m:6s+442ms</span>
														</div>
																											</div>
												</div>
<div class="detail-body mt-4">												
	
<table class="table table-sm">
	<thead><tr>
		<th class="status-col">Status</th>
		<th class="timestamp-col">Timestamp</th>
		<th class="details-col">Details</th>
	</tr></thead>
	<tbody>
			<tr class="event-row">
				<td><i class="fa fa-times text-fail"></i></td>
				<td>13:06:36</td>
				<td>
Error Message displayed for missing Billing Zipcode - Failed									</td>
			</tr>
			<tr class="event-row">
				<td><i class="fa fa-times text-fail"></i></td>
				<td>13:06:37</td>
				<td>
NUnit.Framework.AssertionException
   at NUnit.Framework.Assert.ReportFailure(String message) in D:\a\1\s\src\NUnitFramework\framework\Assert.cs:line 394
   at NUnit.Framework.Assert.Fail(String message, Object[] args) in D:\a\1\s\src\NUnitFramework\framework\Assert.cs:line 145
   at NUnit.Framework.Assert.Fail() in D:\a\1\s\src\NUnitFramework\framework\Assert.cs:line 164
   at Cinemark.com.cinemark.testscripts.Purchases.PurchaseValidationErrorMessagesTest.<ErrorMsgForMissingZIPInfo>b__9_0() in C:\Users\sanne\src\Repos\Internet-Tests\com.cinemark.testscripts\Purchases\PurchaseValidationErrorMessagesTest.cs:line 140
   at Cinemark.com.cinemark.testscripts.BaseTest.UITest(Action action) in C:\Users\sanne\src\Repos\Internet-Tests\com.cinemark.testscripts\BaseTest.cs:line 41									</td>
			</tr>
			<tr class="event-row">
				<td><i class="fa fa-times text-fail"></i></td>
				<td>13:06:38</td>
				<td>
Test ended with status *** Fail ***									</td>
			</tr>
			<tr class="event-row">
				<td><i class="fa fa-times text-fail"></i></td>
				<td>13:06:38</td>
				<td>
Snapshot below: AventStack.ExtentReports.ExtentTest									</td>
			</tr>
	</tbody>
</table>

</div>    
<div class="detail-foot">
	<ul class="attachments">
		<li>
			<a href="C:\Users\sanne\src\Repos\Internet-Tests\Automation_Report\OutPut\screenshots\screenshots_On_10-31-19\ErrorMsgForMissingZIPInfo_2019-10-31-13-06-37.png" data-featherlight="image">
				<div class="file-icon">
					<i class="fa fa-file-image-o"></i> 
				</div>
				<div class="file-info">
		                <span class="file-name">ErrorMsgForMissingZIPInfo_2019-10-31-13-06-37.png</span>
		                <span class="file-size"> 778508Kb</span>
				</div>
			</a>
		</li>
	</ul>
</div>
											</div>
										</li>
										<li class="test-item" status="fail" author="" device="" tag=""> 
											<div class="status-avatar fail-bg">
												<i class="fa fa-times text-white"></i>
											</div>
											<div class="open-test">
												<div class="test-detail"> 
													<p class="name">ErrorMsgForMissingCCAndZIPInfo</p> 
													<p class="duration text-sm">0h:0m:6s+511ms</p> 
													<span class="datetime">13:06:38 PM</span>
												</div>
											</div>
											<div class="test-contents d-none">
												<div class="detail-head">
													<div class="p-v-10 d-inline-block">	
														<div class="info">
															<h5 class="test-status text-fail">ErrorMsgForMissingCCAndZIPInfo</h5>
															<span class='badge badge-success'>10/31/2019 1:06:38 PM</span>
															<span class='badge badge-danger'>10/31/2019 1:06:44 PM</span>
															<span class='badge badge-default'>0h:0m:6s+511ms</span>
														</div>
																											</div>
												</div>
<div class="detail-body mt-4">												
	
<table class="table table-sm">
	<thead><tr>
		<th class="status-col">Status</th>
		<th class="timestamp-col">Timestamp</th>
		<th class="details-col">Details</th>
	</tr></thead>
	<tbody>
			<tr class="event-row">
				<td><i class="fa fa-times text-fail"></i></td>
				<td>13:06:43</td>
				<td>
Error Message displayed for missing Credit Card Info and Billing Zipcode - Failed									</td>
			</tr>
			<tr class="event-row">
				<td><i class="fa fa-times text-fail"></i></td>
				<td>13:06:44</td>
				<td>
NUnit.Framework.AssertionException
   at NUnit.Framework.Assert.ReportFailure(String message) in D:\a\1\s\src\NUnitFramework\framework\Assert.cs:line 394
   at NUnit.Framework.Assert.Fail(String message, Object[] args) in D:\a\1\s\src\NUnitFramework\framework\Assert.cs:line 145
   at NUnit.Framework.Assert.Fail() in D:\a\1\s\src\NUnitFramework\framework\Assert.cs:line 164
   at Cinemark.com.cinemark.testscripts.Purchases.PurchaseValidationErrorMessagesTest.<ErrorMsgForMissingCCAndZIPInfo>b__10_0() in C:\Users\sanne\src\Repos\Internet-Tests\com.cinemark.testscripts\Purchases\PurchaseValidationErrorMessagesTest.cs:line 168
   at Cinemark.com.cinemark.testscripts.BaseTest.UITest(Action action) in C:\Users\sanne\src\Repos\Internet-Tests\com.cinemark.testscripts\BaseTest.cs:line 41									</td>
			</tr>
			<tr class="event-row">
				<td><i class="fa fa-times text-fail"></i></td>
				<td>13:06:44</td>
				<td>
Test ended with status *** Fail ***									</td>
			</tr>
			<tr class="event-row">
				<td><i class="fa fa-times text-fail"></i></td>
				<td>13:06:44</td>
				<td>
Snapshot below: AventStack.ExtentReports.ExtentTest									</td>
			</tr>
	</tbody>
</table>

</div>    
<div class="detail-foot">
	<ul class="attachments">
		<li>
			<a href="C:\Users\sanne\src\Repos\Internet-Tests\Automation_Report\OutPut\screenshots\screenshots_On_10-31-19\ErrorMsgForMissingCCAndZIPInfo_2019-10-31-13-06-44.png" data-featherlight="image">
				<div class="file-icon">
					<i class="fa fa-file-image-o"></i> 
				</div>
				<div class="file-info">
		                <span class="file-name">ErrorMsgForMissingCCAndZIPInfo_2019-10-31-13-06-44.png</span>
		                <span class="file-size"> 778508Kb</span>
				</div>
			</a>
		</li>
	</ul>
</div>
											</div>
										</li>
										<li class="test-item" status="fail" author="" device="" tag=""> 
											<div class="status-avatar fail-bg">
												<i class="fa fa-times text-white"></i>
											</div>
											<div class="open-test">
												<div class="test-detail"> 
													<p class="name">RefundTicketsForExistingMCM</p> 
													<p class="duration text-sm">0h:1m:33s+898ms</p> 
													<span class="datetime">13:06:49 PM</span>
												</div>
											</div>
											<div class="test-contents d-none">
												<div class="detail-head">
													<div class="p-v-10 d-inline-block">	
														<div class="info">
															<h5 class="test-status text-fail">RefundTicketsForExistingMCM</h5>
															<span class='badge badge-success'>10/31/2019 1:06:49 PM</span>
															<span class='badge badge-danger'>10/31/2019 1:08:23 PM</span>
															<span class='badge badge-default'>0h:1m:33s+898ms</span>
														</div>
																											</div>
												</div>
<div class="detail-body mt-4">												
	
<table class="table table-sm">
	<thead><tr>
		<th class="status-col">Status</th>
		<th class="timestamp-col">Timestamp</th>
		<th class="details-col">Details</th>
	</tr></thead>
	<tbody>
			<tr class="event-row">
				<td><i class="fa fa-times text-fail"></i></td>
				<td>13:08:22</td>
				<td>
Successfully refunded the tickets - Failed									</td>
			</tr>
			<tr class="event-row">
				<td><i class="fa fa-times text-fail"></i></td>
				<td>13:08:22</td>
				<td>
NUnit.Framework.AssertionException
   at NUnit.Framework.Assert.ReportFailure(String message) in D:\a\1\s\src\NUnitFramework\framework\Assert.cs:line 394
   at NUnit.Framework.Assert.Fail(String message, Object[] args) in D:\a\1\s\src\NUnitFramework\framework\Assert.cs:line 145
   at NUnit.Framework.Assert.Fail() in D:\a\1\s\src\NUnitFramework\framework\Assert.cs:line 164
   at Cinemark.com.cinemark.testscripts.Purchases.RefundTicketsWithExisitingMCMTest.<RefundTicketsForExistingMCM>b__12_0() in C:\Users\sanne\src\Repos\Internet-Tests\com.cinemark.testscripts\Purchases\RefundTicketsWithExisitingMCMTest.cs:line 100
   at Cinemark.com.cinemark.testscripts.BaseTest.UITest(Action action) in C:\Users\sanne\src\Repos\Internet-Tests\com.cinemark.testscripts\BaseTest.cs:line 41									</td>
			</tr>
			<tr class="event-row">
				<td><i class="fa fa-times text-fail"></i></td>
				<td>13:08:23</td>
				<td>
Test ended with status *** Fail ***									</td>
			</tr>
			<tr class="event-row">
				<td><i class="fa fa-times text-fail"></i></td>
				<td>13:08:23</td>
				<td>
Snapshot below: AventStack.ExtentReports.ExtentTest									</td>
			</tr>
	</tbody>
</table>

</div>    
<div class="detail-foot">
	<ul class="attachments">
		<li>
			<a href="C:\Users\sanne\src\Repos\Internet-Tests\Automation_Report\OutPut\screenshots\screenshots_On_10-31-19\RefundTicketsForExistingMCM_2019-10-31-13-08-22.png" data-featherlight="image">
				<div class="file-icon">
					<i class="fa fa-file-image-o"></i> 
				</div>
				<div class="file-info">
		                <span class="file-name">RefundTicketsForExistingMCM_2019-10-31-13-08-22.png</span>
		                <span class="file-size"> 859319Kb</span>
				</div>
			</a>
		</li>
	</ul>
</div>
											</div>
										</li>
										<li class="test-item" status="fail" author="" device="" tag=""> 
											<div class="status-avatar fail-bg">
												<i class="fa fa-times text-white"></i>
											</div>
											<div class="open-test">
												<div class="test-detail"> 
													<p class="name">RefundedAmountValidationForExistingMCM</p> 
													<p class="duration text-sm">0h:0m:6s+415ms</p> 
													<span class="datetime">13:08:23 PM</span>
												</div>
											</div>
											<div class="test-contents d-none">
												<div class="detail-head">
													<div class="p-v-10 d-inline-block">	
														<div class="info">
															<h5 class="test-status text-fail">RefundedAmountValidationForExistingMCM</h5>
															<span class='badge badge-success'>10/31/2019 1:08:23 PM</span>
															<span class='badge badge-danger'>10/31/2019 1:08:29 PM</span>
															<span class='badge badge-default'>0h:0m:6s+415ms</span>
														</div>
																											</div>
												</div>
<div class="detail-body mt-4">												
	
<table class="table table-sm">
	<thead><tr>
		<th class="status-col">Status</th>
		<th class="timestamp-col">Timestamp</th>
		<th class="details-col">Details</th>
	</tr></thead>
	<tbody>
			<tr class="event-row">
				<td><i class="fa fa-times text-fail"></i></td>
				<td>13:08:28</td>
				<td>
Refunded amount correctly - Failed									</td>
			</tr>
			<tr class="event-row">
				<td><i class="fa fa-times text-fail"></i></td>
				<td>13:08:29</td>
				<td>
NUnit.Framework.AssertionException
   at NUnit.Framework.Assert.ReportFailure(String message) in D:\a\1\s\src\NUnitFramework\framework\Assert.cs:line 394
   at NUnit.Framework.Assert.Fail(String message, Object[] args) in D:\a\1\s\src\NUnitFramework\framework\Assert.cs:line 145
   at NUnit.Framework.Assert.Fail() in D:\a\1\s\src\NUnitFramework\framework\Assert.cs:line 164
   at Cinemark.com.cinemark.testscripts.Purchases.RefundTicketsWithExisitingMCMTest.<RefundedAmountValidationForExistingMCM>b__13_0() in C:\Users\sanne\src\Repos\Internet-Tests\com.cinemark.testscripts\Purchases\RefundTicketsWithExisitingMCMTest.cs:line 125
   at Cinemark.com.cinemark.testscripts.BaseTest.UITest(Action action) in C:\Users\sanne\src\Repos\Internet-Tests\com.cinemark.testscripts\BaseTest.cs:line 41									</td>
			</tr>
			<tr class="event-row">
				<td><i class="fa fa-times text-fail"></i></td>
				<td>13:08:29</td>
				<td>
Test ended with status *** Fail ***									</td>
			</tr>
			<tr class="event-row">
				<td><i class="fa fa-times text-fail"></i></td>
				<td>13:08:29</td>
				<td>
Snapshot below: AventStack.ExtentReports.ExtentTest									</td>
			</tr>
	</tbody>
</table>

</div>    
<div class="detail-foot">
	<ul class="attachments">
		<li>
			<a href="C:\Users\sanne\src\Repos\Internet-Tests\Automation_Report\OutPut\screenshots\screenshots_On_10-31-19\RefundedAmountValidationForExistingMCM_2019-10-31-13-08-29.png" data-featherlight="image">
				<div class="file-icon">
					<i class="fa fa-file-image-o"></i> 
				</div>
				<div class="file-info">
		                <span class="file-name">RefundedAmountValidationForExistingMCM_2019-10-31-13-08-29.png</span>
		                <span class="file-size"> 859319Kb</span>
				</div>
			</a>
		</li>
	</ul>
</div>
											</div>
										</li>
										<li class="test-item" status="fail" author="" device="" tag=""> 
											<div class="status-avatar fail-bg">
												<i class="fa fa-times text-white"></i>
											</div>
											<div class="open-test">
												<div class="test-detail"> 
													<p class="name">RefundTickets</p> 
													<p class="duration text-sm">0h:0m:23s+397ms</p> 
													<span class="datetime">13:08:34 PM</span>
												</div>
											</div>
											<div class="test-contents d-none">
												<div class="detail-head">
													<div class="p-v-10 d-inline-block">	
														<div class="info">
															<h5 class="test-status text-fail">RefundTickets</h5>
															<span class='badge badge-success'>10/31/2019 1:08:34 PM</span>
															<span class='badge badge-danger'>10/31/2019 1:08:58 PM</span>
															<span class='badge badge-default'>0h:0m:23s+397ms</span>
														</div>
																											</div>
												</div>
<div class="detail-body mt-4">												
	
<table class="table table-sm">
	<thead><tr>
		<th class="status-col">Status</th>
		<th class="timestamp-col">Timestamp</th>
		<th class="details-col">Details</th>
	</tr></thead>
	<tbody>
			<tr class="event-row">
				<td><i class="fa fa-times text-fail"></i></td>
				<td>13:08:57</td>
				<td>
NUnit.Framework.AssertionException
   at NUnit.Framework.Assert.ReportFailure(String message) in D:\a\1\s\src\NUnitFramework\framework\Assert.cs:line 394
   at NUnit.Framework.Assert.Fail(String message, Object[] args) in D:\a\1\s\src\NUnitFramework\framework\Assert.cs:line 145
   at NUnit.Framework.Assert.Fail() in D:\a\1\s\src\NUnitFramework\framework\Assert.cs:line 164
   at Cinemark.com.cinemark.testscripts.Purchases.RefundTicketsWithNewMCMTest.<RefundTickets>b__14_0() in C:\Users\sanne\src\Repos\Internet-Tests\com.cinemark.testscripts\Purchases\RefundTicketsWithNewMCMTest.cs:line 116
   at Cinemark.com.cinemark.testscripts.BaseTest.UITest(Action action) in C:\Users\sanne\src\Repos\Internet-Tests\com.cinemark.testscripts\BaseTest.cs:line 41									</td>
			</tr>
			<tr class="event-row">
				<td><i class="fa fa-times text-fail"></i></td>
				<td>13:08:58</td>
				<td>
Test ended with status *** Fail ***									</td>
			</tr>
			<tr class="event-row">
				<td><i class="fa fa-times text-fail"></i></td>
				<td>13:08:58</td>
				<td>
Snapshot below: AventStack.ExtentReports.ExtentTest									</td>
			</tr>
	</tbody>
</table>

</div>    
<div class="detail-foot">
	<ul class="attachments">
		<li>
			<a href="C:\Users\sanne\src\Repos\Internet-Tests\Automation_Report\OutPut\screenshots\screenshots_On_10-31-19\RefundTickets_2019-10-31-13-08-57.png" data-featherlight="image">
				<div class="file-icon">
					<i class="fa fa-file-image-o"></i> 
				</div>
				<div class="file-info">
		                <span class="file-name">RefundTickets_2019-10-31-13-08-57.png</span>
		                <span class="file-size"> 649816Kb</span>
				</div>
			</a>
		</li>
	</ul>
</div>
											</div>
										</li>
										<li class="test-item" status="fail" author="" device="" tag=""> 
											<div class="status-avatar fail-bg">
												<i class="fa fa-times text-white"></i>
											</div>
											<div class="open-test">
												<div class="test-detail"> 
													<p class="name">RefundedAmountValidation</p> 
													<p class="duration text-sm">0h:0m:6s+358ms</p> 
													<span class="datetime">13:08:58 PM</span>
												</div>
											</div>
											<div class="test-contents d-none">
												<div class="detail-head">
													<div class="p-v-10 d-inline-block">	
														<div class="info">
															<h5 class="test-status text-fail">RefundedAmountValidation</h5>
															<span class='badge badge-success'>10/31/2019 1:08:58 PM</span>
															<span class='badge badge-danger'>10/31/2019 1:09:04 PM</span>
															<span class='badge badge-default'>0h:0m:6s+358ms</span>
														</div>
																											</div>
												</div>
<div class="detail-body mt-4">												
	
<table class="table table-sm">
	<thead><tr>
		<th class="status-col">Status</th>
		<th class="timestamp-col">Timestamp</th>
		<th class="details-col">Details</th>
	</tr></thead>
	<tbody>
			<tr class="event-row">
				<td><i class="fa fa-times text-fail"></i></td>
				<td>13:09:03</td>
				<td>
Refunded amount correctly - Failed									</td>
			</tr>
			<tr class="event-row">
				<td><i class="fa fa-times text-fail"></i></td>
				<td>13:09:04</td>
				<td>
NUnit.Framework.AssertionException
   at NUnit.Framework.Assert.ReportFailure(String message) in D:\a\1\s\src\NUnitFramework\framework\Assert.cs:line 394
   at NUnit.Framework.Assert.Fail(String message, Object[] args) in D:\a\1\s\src\NUnitFramework\framework\Assert.cs:line 145
   at NUnit.Framework.Assert.Fail() in D:\a\1\s\src\NUnitFramework\framework\Assert.cs:line 164
   at Cinemark.com.cinemark.testscripts.Purchases.RefundTicketsWithNewMCMTest.<RefundedAmountValidation>b__15_0() in C:\Users\sanne\src\Repos\Internet-Tests\com.cinemark.testscripts\Purchases\RefundTicketsWithNewMCMTest.cs:line 141
   at Cinemark.com.cinemark.testscripts.BaseTest.UITest(Action action) in C:\Users\sanne\src\Repos\Internet-Tests\com.cinemark.testscripts\BaseTest.cs:line 41									</td>
			</tr>
			<tr class="event-row">
				<td><i class="fa fa-times text-fail"></i></td>
				<td>13:09:04</td>
				<td>
Test ended with status *** Fail ***									</td>
			</tr>
			<tr class="event-row">
				<td><i class="fa fa-times text-fail"></i></td>
				<td>13:09:04</td>
				<td>
Snapshot below: AventStack.ExtentReports.ExtentTest									</td>
			</tr>
	</tbody>
</table>

</div>    
<div class="detail-foot">
	<ul class="attachments">
		<li>
			<a href="C:\Users\sanne\src\Repos\Internet-Tests\Automation_Report\OutPut\screenshots\screenshots_On_10-31-19\RefundedAmountValidation_2019-10-31-13-09-04.png" data-featherlight="image">
				<div class="file-icon">
					<i class="fa fa-file-image-o"></i> 
				</div>
				<div class="file-info">
		                <span class="file-name">RefundedAmountValidation_2019-10-31-13-09-04.png</span>
		                <span class="file-size"> 649816Kb</span>
				</div>
			</a>
		</li>
	</ul>
</div>
											</div>
										</li>
										<li class="test-item" status="fail" author="" device="" tag=""> 
											<div class="status-avatar fail-bg">
												<i class="fa fa-times text-white"></i>
											</div>
											<div class="open-test">
												<div class="test-detail"> 
													<p class="name">RegisterAGiftCard</p> 
													<p class="duration text-sm">0h:0m:8s+571ms</p> 
													<span class="datetime">13:09:09 PM</span>
												</div>
											</div>
											<div class="test-contents d-none">
												<div class="detail-head">
													<div class="p-v-10 d-inline-block">	
														<div class="info">
															<h5 class="test-status text-fail">RegisterAGiftCard</h5>
															<span class='badge badge-success'>10/31/2019 1:09:09 PM</span>
															<span class='badge badge-danger'>10/31/2019 1:09:18 PM</span>
															<span class='badge badge-default'>0h:0m:8s+571ms</span>
														</div>
																											</div>
												</div>
<div class="detail-body mt-4">												
	
<table class="table table-sm">
	<thead><tr>
		<th class="status-col">Status</th>
		<th class="timestamp-col">Timestamp</th>
		<th class="details-col">Details</th>
	</tr></thead>
	<tbody>
			<tr class="event-row">
				<td><i class="fa fa-times text-fail"></i></td>
				<td>13:09:18</td>
				<td>
Test ended with status *** Fail ***  OpenQA.Selenium.NoSuchElementException : Could not find element by: By.Id: tbRegisterGiftCardName									</td>
			</tr>
			<tr class="event-row">
				<td><i class="fa fa-times text-fail"></i></td>
				<td>13:09:18</td>
				<td>
Snapshot below: AventStack.ExtentReports.ExtentTest									</td>
			</tr>
	</tbody>
</table>

</div>    
<div class="detail-foot">
	<ul class="attachments">
		<li>
			<a href="C:\Users\sanne\src\Repos\Internet-Tests\Automation_Report\OutPut\screenshots\screenshots_On_10-31-19\RegisterAGiftCard_2019-10-31-13-09-17.png" data-featherlight="image">
				<div class="file-icon">
					<i class="fa fa-file-image-o"></i> 
				</div>
				<div class="file-info">
		                <span class="file-name">RegisterAGiftCard_2019-10-31-13-09-17.png</span>
		                <span class="file-size"> 731618Kb</span>
				</div>
			</a>
		</li>
	</ul>
</div>
											</div>
										</li>
										<li class="test-item" status="fail" author="" device="" tag=""> 
											<div class="status-avatar fail-bg">
												<i class="fa fa-times text-white"></i>
											</div>
											<div class="open-test">
												<div class="test-detail"> 
													<p class="name">ReservedSeatMovieTickets</p> 
													<p class="duration text-sm">0h:1m:34s+103ms</p> 
													<span class="datetime">13:09:23 PM</span>
												</div>
											</div>
											<div class="test-contents d-none">
												<div class="detail-head">
													<div class="p-v-10 d-inline-block">	
														<div class="info">
															<h5 class="test-status text-fail">ReservedSeatMovieTickets</h5>
															<span class='badge badge-success'>10/31/2019 1:09:23 PM</span>
															<span class='badge badge-danger'>10/31/2019 1:10:57 PM</span>
															<span class='badge badge-default'>0h:1m:34s+103ms</span>
														</div>
																											</div>
												</div>
<div class="detail-body mt-4">												
	
<table class="table table-sm">
	<thead><tr>
		<th class="status-col">Status</th>
		<th class="timestamp-col">Timestamp</th>
		<th class="details-col">Details</th>
	</tr></thead>
	<tbody>
			<tr class="event-row">
				<td><i class="fa fa-times text-fail"></i></td>
				<td>13:10:55</td>
				<td>
Successfully Seat Reserved - failed									</td>
			</tr>
			<tr class="event-row">
				<td><i class="fa fa-times text-fail"></i></td>
				<td>13:10:56</td>
				<td>
NUnit.Framework.AssertionException
   at NUnit.Framework.Assert.ReportFailure(String message) in D:\a\1\s\src\NUnitFramework\framework\Assert.cs:line 394
   at NUnit.Framework.Assert.Fail(String message, Object[] args) in D:\a\1\s\src\NUnitFramework\framework\Assert.cs:line 145
   at NUnit.Framework.Assert.Fail() in D:\a\1\s\src\NUnitFramework\framework\Assert.cs:line 164
   at Cinemark.com.cinemark.testscripts.Purchases.ReservedSeatTicketPurchaseTest.<ReservedSeatMovieTickets>b__11_0() in C:\Users\sanne\src\Repos\Internet-Tests\com.cinemark.testscripts\Purchases\ReservedSeatTicketPurchaseTest.cs:line 76
   at Cinemark.com.cinemark.testscripts.BaseTest.UITest(Action action) in C:\Users\sanne\src\Repos\Internet-Tests\com.cinemark.testscripts\BaseTest.cs:line 41									</td>
			</tr>
			<tr class="event-row">
				<td><i class="fa fa-times text-fail"></i></td>
				<td>13:10:57</td>
				<td>
Test ended with status *** Fail ***									</td>
			</tr>
			<tr class="event-row">
				<td><i class="fa fa-times text-fail"></i></td>
				<td>13:10:57</td>
				<td>
Snapshot below: AventStack.ExtentReports.ExtentTest									</td>
			</tr>
	</tbody>
</table>

</div>    
<div class="detail-foot">
	<ul class="attachments">
		<li>
			<a href="C:\Users\sanne\src\Repos\Internet-Tests\Automation_Report\OutPut\screenshots\screenshots_On_10-31-19\ReservedSeatMovieTickets_2019-10-31-13-10-56.png" data-featherlight="image">
				<div class="file-icon">
					<i class="fa fa-file-image-o"></i> 
				</div>
				<div class="file-info">
		                <span class="file-name">ReservedSeatMovieTickets_2019-10-31-13-10-56.png</span>
		                <span class="file-size"> 605041Kb</span>
				</div>
			</a>
		</li>
	</ul>
</div>
											</div>
										</li>
										<li class="test-item" status="fail" author="" device="" tag=""> 
											<div class="status-avatar fail-bg">
												<i class="fa fa-times text-white"></i>
											</div>
											<div class="open-test">
												<div class="test-detail"> 
													<p class="name">RefundReservedSeatTicket</p> 
													<p class="duration text-sm">0h:0m:1s+406ms</p> 
													<span class="datetime">13:10:57 PM</span>
												</div>
											</div>
											<div class="test-contents d-none">
												<div class="detail-head">
													<div class="p-v-10 d-inline-block">	
														<div class="info">
															<h5 class="test-status text-fail">RefundReservedSeatTicket</h5>
															<span class='badge badge-success'>10/31/2019 1:10:57 PM</span>
															<span class='badge badge-danger'>10/31/2019 1:10:58 PM</span>
															<span class='badge badge-default'>0h:0m:1s+406ms</span>
														</div>
																											</div>
												</div>
<div class="detail-body mt-4">												
	
<table class="table table-sm">
	<thead><tr>
		<th class="status-col">Status</th>
		<th class="timestamp-col">Timestamp</th>
		<th class="details-col">Details</th>
	</tr></thead>
	<tbody>
			<tr class="event-row">
				<td><i class="fa fa-times text-fail"></i></td>
				<td>13:10:57</td>
				<td>
Refund Reserved Seat tickets successfully - Failed									</td>
			</tr>
			<tr class="event-row">
				<td><i class="fa fa-times text-fail"></i></td>
				<td>13:10:58</td>
				<td>
NUnit.Framework.AssertionException
   at NUnit.Framework.Assert.ReportFailure(String message) in D:\a\1\s\src\NUnitFramework\framework\Assert.cs:line 394
   at NUnit.Framework.Assert.Fail(String message, Object[] args) in D:\a\1\s\src\NUnitFramework\framework\Assert.cs:line 145
   at NUnit.Framework.Assert.Fail() in D:\a\1\s\src\NUnitFramework\framework\Assert.cs:line 164
   at Cinemark.com.cinemark.testscripts.Purchases.ReservedSeatTicketPurchaseTest.<RefundReservedSeatTicket>b__12_0() in C:\Users\sanne\src\Repos\Internet-Tests\com.cinemark.testscripts\Purchases\ReservedSeatTicketPurchaseTest.cs:line 113
   at Cinemark.com.cinemark.testscripts.BaseTest.UITest(Action action) in C:\Users\sanne\src\Repos\Internet-Tests\com.cinemark.testscripts\BaseTest.cs:line 41									</td>
			</tr>
			<tr class="event-row">
				<td><i class="fa fa-times text-fail"></i></td>
				<td>13:10:58</td>
				<td>
Test ended with status *** Fail ***									</td>
			</tr>
			<tr class="event-row">
				<td><i class="fa fa-times text-fail"></i></td>
				<td>13:10:58</td>
				<td>
Snapshot below: AventStack.ExtentReports.ExtentTest									</td>
			</tr>
	</tbody>
</table>

</div>    
<div class="detail-foot">
	<ul class="attachments">
		<li>
			<a href="C:\Users\sanne\src\Repos\Internet-Tests\Automation_Report\OutPut\screenshots\screenshots_On_10-31-19\RefundReservedSeatTicket_2019-10-31-13-10-58.png" data-featherlight="image">
				<div class="file-icon">
					<i class="fa fa-file-image-o"></i> 
				</div>
				<div class="file-info">
		                <span class="file-name">RefundReservedSeatTicket_2019-10-31-13-10-58.png</span>
		                <span class="file-size"> 605041Kb</span>
				</div>
			</a>
		</li>
	</ul>
</div>
											</div>
										</li>
										<li class="test-item" status="pass" author="" device="" tag=""> 
											<div class="status-avatar pass-bg">
												<i class="fa fa-check text-white"></i>
											</div>
											<div class="open-test">
												<div class="test-detail"> 
													<p class="name">MinimumSupersaversPurchase</p> 
													<p class="duration text-sm">0h:0m:0s+000ms</p> 
													<span class="datetime">13:11:03 PM</span>
												</div>
											</div>
											<div class="test-contents d-none">
												<div class="detail-head">
													<div class="p-v-10 d-inline-block">	
														<div class="info">
															<h5 class="test-status text-pass">MinimumSupersaversPurchase</h5>
															<span class='badge badge-success'>10/31/2019 1:11:03 PM</span>
															<span class='badge badge-danger'>10/31/2019 1:11:03 PM</span>
															<span class='badge badge-default'>0h:0m:0s+000ms</span>
														</div>
																											</div>
												</div>
											</div>
										</li>
										<li class="test-item" status="pass" author="" device="" tag=""> 
											<div class="status-avatar pass-bg">
												<i class="fa fa-check text-white"></i>
											</div>
											<div class="open-test">
												<div class="test-detail"> 
													<p class="name">PurchaseSupersavers</p> 
													<p class="duration text-sm">0h:0m:0s+000ms</p> 
													<span class="datetime">13:11:09 PM</span>
												</div>
											</div>
											<div class="test-contents d-none">
												<div class="detail-head">
													<div class="p-v-10 d-inline-block">	
														<div class="info">
															<h5 class="test-status text-pass">PurchaseSupersavers</h5>
															<span class='badge badge-success'>10/31/2019 1:11:09 PM</span>
															<span class='badge badge-danger'>10/31/2019 1:11:09 PM</span>
															<span class='badge badge-default'>0h:0m:0s+000ms</span>
														</div>
																											</div>
												</div>
											</div>
										</li>
										<li class="test-item" status="fail" author="" device="" tag=""> 
											<div class="status-avatar fail-bg">
												<i class="fa fa-times text-white"></i>
											</div>
											<div class="open-test">
												<div class="test-detail"> 
													<p class="name">TicketPurchaseUsingSSAndGiftCard</p> 
													<p class="duration text-sm">0h:0m:11s+137ms</p> 
													<span class="datetime">13:11:35 PM</span>
												</div>
											</div>
											<div class="test-contents d-none">
												<div class="detail-head">
													<div class="p-v-10 d-inline-block">	
														<div class="info">
															<h5 class="test-status text-fail">TicketPurchaseUsingSSAndGiftCard</h5>
															<span class='badge badge-success'>10/31/2019 1:11:35 PM</span>
															<span class='badge badge-danger'>10/31/2019 1:11:47 PM</span>
															<span class='badge badge-default'>0h:0m:11s+137ms</span>
														</div>
																											</div>
												</div>
<div class="detail-body mt-4">												
	
<table class="table table-sm">
	<thead><tr>
		<th class="status-col">Status</th>
		<th class="timestamp-col">Timestamp</th>
		<th class="details-col">Details</th>
	</tr></thead>
	<tbody>
			<tr class="event-row">
				<td><i class="fa fa-times text-fail"></i></td>
				<td>13:11:45</td>
				<td>
Ticket purchase using Supersaver and Gift card successful - Failed									</td>
			</tr>
			<tr class="event-row">
				<td><i class="fa fa-times text-fail"></i></td>
				<td>13:11:46</td>
				<td>
NUnit.Framework.AssertionException
   at NUnit.Framework.Assert.ReportFailure(String message) in D:\a\1\s\src\NUnitFramework\framework\Assert.cs:line 394
   at NUnit.Framework.Assert.Fail(String message, Object[] args) in D:\a\1\s\src\NUnitFramework\framework\Assert.cs:line 145
   at NUnit.Framework.Assert.Fail() in D:\a\1\s\src\NUnitFramework\framework\Assert.cs:line 164
   at Cinemark.com.cinemark.testscripts.Purchases.TicketPurchaseUsingSSAndGiftCardWithNewMCTest.<TicketPurchaseUsingSSAndGiftCard>b__18_0() in C:\Users\sanne\src\Repos\Internet-Tests\com.cinemark.testscripts\Purchases\TicketPurchaseUsingSSAndGiftCardWithNewMCTest.cs:line 117
   at Cinemark.com.cinemark.testscripts.BaseTest.UITest(Action action) in C:\Users\sanne\src\Repos\Internet-Tests\com.cinemark.testscripts\BaseTest.cs:line 41									</td>
			</tr>
			<tr class="event-row">
				<td><i class="fa fa-times text-fail"></i></td>
				<td>13:11:47</td>
				<td>
Test ended with status *** Fail ***									</td>
			</tr>
			<tr class="event-row">
				<td><i class="fa fa-times text-fail"></i></td>
				<td>13:11:47</td>
				<td>
Snapshot below: AventStack.ExtentReports.ExtentTest									</td>
			</tr>
	</tbody>
</table>

</div>    
<div class="detail-foot">
	<ul class="attachments">
		<li>
			<a href="C:\Users\sanne\src\Repos\Internet-Tests\Automation_Report\OutPut\screenshots\screenshots_On_10-31-19\TicketPurchaseUsingSSAndGiftCard_2019-10-31-13-11-46.png" data-featherlight="image">
				<div class="file-icon">
					<i class="fa fa-file-image-o"></i> 
				</div>
				<div class="file-info">
		                <span class="file-name">TicketPurchaseUsingSSAndGiftCard_2019-10-31-13-11-46.png</span>
		                <span class="file-size"> 137219Kb</span>
				</div>
			</a>
		</li>
	</ul>
</div>
											</div>
										</li>
										<li class="test-item" status="fail" author="" device="" tag=""> 
											<div class="status-avatar fail-bg">
												<i class="fa fa-times text-white"></i>
											</div>
											<div class="open-test">
												<div class="test-detail"> 
													<p class="name">TicketPurchaseUsingSuperSavers</p> 
													<p class="duration text-sm">0h:0m:11s+151ms</p> 
													<span class="datetime">13:11:51 PM</span>
												</div>
											</div>
											<div class="test-contents d-none">
												<div class="detail-head">
													<div class="p-v-10 d-inline-block">	
														<div class="info">
															<h5 class="test-status text-fail">TicketPurchaseUsingSuperSavers</h5>
															<span class='badge badge-success'>10/31/2019 1:11:51 PM</span>
															<span class='badge badge-danger'>10/31/2019 1:12:02 PM</span>
															<span class='badge badge-default'>0h:0m:11s+151ms</span>
														</div>
																											</div>
												</div>
<div class="detail-body mt-4">												
	
<table class="table table-sm">
	<thead><tr>
		<th class="status-col">Status</th>
		<th class="timestamp-col">Timestamp</th>
		<th class="details-col">Details</th>
	</tr></thead>
	<tbody>
			<tr class="event-row">
				<td><i class="fa fa-times text-fail"></i></td>
				<td>13:12:01</td>
				<td>
Successfully Ticket purchased using Supersaver - Failed									</td>
			</tr>
			<tr class="event-row">
				<td><i class="fa fa-times text-fail"></i></td>
				<td>13:12:02</td>
				<td>
NUnit.Framework.AssertionException
   at NUnit.Framework.Assert.ReportFailure(String message) in D:\a\1\s\src\NUnitFramework\framework\Assert.cs:line 394
   at NUnit.Framework.Assert.Fail(String message, Object[] args) in D:\a\1\s\src\NUnitFramework\framework\Assert.cs:line 145
   at NUnit.Framework.Assert.Fail() in D:\a\1\s\src\NUnitFramework\framework\Assert.cs:line 164
   at Cinemark.com.cinemark.testscripts.Purchases.TicketPurchaseUsingSupersaverTest.<TicketPurchaseUsingSuperSavers>b__13_0() in C:\Users\sanne\src\Repos\Internet-Tests\com.cinemark.testscripts\Purchases\TicketPurchaseUsingSupersaverTest.cs:line 91
   at Cinemark.com.cinemark.testscripts.BaseTest.UITest(Action action) in C:\Users\sanne\src\Repos\Internet-Tests\com.cinemark.testscripts\BaseTest.cs:line 41									</td>
			</tr>
			<tr class="event-row">
				<td><i class="fa fa-times text-fail"></i></td>
				<td>13:12:02</td>
				<td>
Test ended with status *** Fail ***									</td>
			</tr>
			<tr class="event-row">
				<td><i class="fa fa-times text-fail"></i></td>
				<td>13:12:02</td>
				<td>
Snapshot below: AventStack.ExtentReports.ExtentTest									</td>
			</tr>
	</tbody>
</table>

</div>    
<div class="detail-foot">
	<ul class="attachments">
		<li>
			<a href="C:\Users\sanne\src\Repos\Internet-Tests\Automation_Report\OutPut\screenshots\screenshots_On_10-31-19\TicketPurchaseUsingSuperSavers_2019-10-31-13-12-02.png" data-featherlight="image">
				<div class="file-icon">
					<i class="fa fa-file-image-o"></i> 
				</div>
				<div class="file-info">
		                <span class="file-name">TicketPurchaseUsingSuperSavers_2019-10-31-13-12-02.png</span>
		                <span class="file-size"> 137219Kb</span>
				</div>
			</a>
		</li>
	</ul>
</div>
											</div>
										</li>
										<li class="test-item" status="fail" author="" device="" tag=""> 
											<div class="status-avatar fail-bg">
												<i class="fa fa-times text-white"></i>
											</div>
											<div class="open-test">
												<div class="test-detail"> 
													<p class="name">TicketPurchaseUsingSupersaverAndGiftCard</p> 
													<p class="duration text-sm">0h:0m:11s+206ms</p> 
													<span class="datetime">13:12:07 PM</span>
												</div>
											</div>
											<div class="test-contents d-none">
												<div class="detail-head">
													<div class="p-v-10 d-inline-block">	
														<div class="info">
															<h5 class="test-status text-fail">TicketPurchaseUsingSupersaverAndGiftCard</h5>
															<span class='badge badge-success'>10/31/2019 1:12:07 PM</span>
															<span class='badge badge-danger'>10/31/2019 1:12:19 PM</span>
															<span class='badge badge-default'>0h:0m:11s+206ms</span>
														</div>
																											</div>
												</div>
<div class="detail-body mt-4">												
	
<table class="table table-sm">
	<thead><tr>
		<th class="status-col">Status</th>
		<th class="timestamp-col">Timestamp</th>
		<th class="details-col">Details</th>
	</tr></thead>
	<tbody>
			<tr class="event-row">
				<td><i class="fa fa-times text-fail"></i></td>
				<td>13:12:17</td>
				<td>
Successfully purchased tickets using Supersavers & Gift Card - Failed									</td>
			</tr>
			<tr class="event-row">
				<td><i class="fa fa-times text-fail"></i></td>
				<td>13:12:18</td>
				<td>
NUnit.Framework.AssertionException
   at NUnit.Framework.Assert.ReportFailure(String message) in D:\a\1\s\src\NUnitFramework\framework\Assert.cs:line 394
   at NUnit.Framework.Assert.Fail(String message, Object[] args) in D:\a\1\s\src\NUnitFramework\framework\Assert.cs:line 145
   at NUnit.Framework.Assert.Fail() in D:\a\1\s\src\NUnitFramework\framework\Assert.cs:line 164
   at Cinemark.com.cinemark.testscripts.Purchases.TicketPurchUsingSupersaverAndGiftCardTest.<TicketPurchaseUsingSupersaverAndGiftCard>b__12_0() in C:\Users\sanne\src\Repos\Internet-Tests\com.cinemark.testscripts\Purchases\TicketPurchUsingSupersaverAndGiftCardTest.cs:line 95
   at Cinemark.com.cinemark.testscripts.BaseTest.UITest(Action action) in C:\Users\sanne\src\Repos\Internet-Tests\com.cinemark.testscripts\BaseTest.cs:line 41									</td>
			</tr>
			<tr class="event-row">
				<td><i class="fa fa-times text-fail"></i></td>
				<td>13:12:19</td>
				<td>
Test ended with status *** Fail ***									</td>
			</tr>
			<tr class="event-row">
				<td><i class="fa fa-times text-fail"></i></td>
				<td>13:12:19</td>
				<td>
Snapshot below: AventStack.ExtentReports.ExtentTest									</td>
			</tr>
	</tbody>
</table>

</div>    
<div class="detail-foot">
	<ul class="attachments">
		<li>
			<a href="C:\Users\sanne\src\Repos\Internet-Tests\Automation_Report\OutPut\screenshots\screenshots_On_10-31-19\TicketPurchaseUsingSupersaverAndGiftCard_2019-10-31-13-12-18.png" data-featherlight="image">
				<div class="file-icon">
					<i class="fa fa-file-image-o"></i> 
				</div>
				<div class="file-info">
		                <span class="file-name">TicketPurchaseUsingSupersaverAndGiftCard_2019-10-31-13-12-18.png</span>
		                <span class="file-size"> 137219Kb</span>
				</div>
			</a>
		</li>
	</ul>
</div>
											</div>
										</li>
										<li class="test-item" status="fail" author="" device="" tag=""> 
											<div class="status-avatar fail-bg">
												<i class="fa fa-times text-white"></i>
											</div>
											<div class="open-test">
												<div class="test-detail"> 
													<p class="name">VisaCheckoutPurchase</p> 
													<p class="duration text-sm">0h:1m:33s+201ms</p> 
													<span class="datetime">13:12:25 PM</span>
												</div>
											</div>
											<div class="test-contents d-none">
												<div class="detail-head">
													<div class="p-v-10 d-inline-block">	
														<div class="info">
															<h5 class="test-status text-fail">VisaCheckoutPurchase</h5>
															<span class='badge badge-success'>10/31/2019 1:12:25 PM</span>
															<span class='badge badge-danger'>10/31/2019 1:13:58 PM</span>
															<span class='badge badge-default'>0h:1m:33s+201ms</span>
														</div>
																											</div>
												</div>
<div class="detail-body mt-4">												
	
<table class="table table-sm">
	<thead><tr>
		<th class="status-col">Status</th>
		<th class="timestamp-col">Timestamp</th>
		<th class="details-col">Details</th>
	</tr></thead>
	<tbody>
			<tr class="event-row">
				<td><i class="fa fa-times text-fail"></i></td>
				<td>13:13:58</td>
				<td>
Test ended with status *** Fail ***  OpenQA.Selenium.WebDriverTimeoutException : Timed out after 90 seconds									</td>
			</tr>
			<tr class="event-row">
				<td><i class="fa fa-times text-fail"></i></td>
				<td>13:13:58</td>
				<td>
Snapshot below: AventStack.ExtentReports.ExtentTest									</td>
			</tr>
	</tbody>
</table>

</div>    
<div class="detail-foot">
	<ul class="attachments">
		<li>
			<a href="C:\Users\sanne\src\Repos\Internet-Tests\Automation_Report\OutPut\screenshots\screenshots_On_10-31-19\VisaCheckoutPurchase_2019-10-31-13-13-57.png" data-featherlight="image">
				<div class="file-icon">
					<i class="fa fa-file-image-o"></i> 
				</div>
				<div class="file-info">
		                <span class="file-name">VisaCheckoutPurchase_2019-10-31-13-13-57.png</span>
		                <span class="file-size"> 753516Kb</span>
				</div>
			</a>
		</li>
	</ul>
</div>
											</div>
										</li>
										<li class="test-item" status="fail" author="" device="" tag=""> 
											<div class="status-avatar fail-bg">
												<i class="fa fa-times text-white"></i>
											</div>
											<div class="open-test">
												<div class="test-detail"> 
													<p class="name">ReactivateFullMembership</p> 
													<p class="duration text-sm">0h:0m:17s+711ms</p> 
													<span class="datetime">13:14:03 PM</span>
												</div>
											</div>
											<div class="test-contents d-none">
												<div class="detail-head">
													<div class="p-v-10 d-inline-block">	
														<div class="info">
															<h5 class="test-status text-fail">ReactivateFullMembership</h5>
															<span class='badge badge-success'>10/31/2019 1:14:03 PM</span>
															<span class='badge badge-danger'>10/31/2019 1:14:20 PM</span>
															<span class='badge badge-default'>0h:0m:17s+711ms</span>
														</div>
																											</div>
												</div>
<div class="detail-body mt-4">												
	
<table class="table table-sm">
	<thead><tr>
		<th class="status-col">Status</th>
		<th class="timestamp-col">Timestamp</th>
		<th class="details-col">Details</th>
	</tr></thead>
	<tbody>
			<tr class="event-row">
				<td><i class="fa fa-times text-fail"></i></td>
				<td>13:14:19</td>
				<td>
Movie Club - Reactivate into Movie Club (full) Failed									</td>
			</tr>
			<tr class="event-row">
				<td><i class="fa fa-times text-fail"></i></td>
				<td>13:14:20</td>
				<td>
NUnit.Framework.AssertionException
   at NUnit.Framework.Assert.ReportFailure(String message) in D:\a\1\s\src\NUnitFramework\framework\Assert.cs:line 394
   at NUnit.Framework.Assert.Fail(String message, Object[] args) in D:\a\1\s\src\NUnitFramework\framework\Assert.cs:line 145
   at NUnit.Framework.Assert.Fail() in D:\a\1\s\src\NUnitFramework\framework\Assert.cs:line 164
   at Cinemark.com.cinemark.testscripts.ReactivateFullMembershipTest.<ReactivateFullMembership>b__6_0() in C:\Users\sanne\src\Repos\Internet-Tests\com.cinemark.testscripts\MovieClub\ReactivateFullMembershipTest.cs:line 65
   at Cinemark.com.cinemark.testscripts.BaseTest.UITest(Action action) in C:\Users\sanne\src\Repos\Internet-Tests\com.cinemark.testscripts\BaseTest.cs:line 41									</td>
			</tr>
			<tr class="event-row">
				<td><i class="fa fa-times text-fail"></i></td>
				<td>13:14:20</td>
				<td>
Test ended with status *** Fail ***									</td>
			</tr>
			<tr class="event-row">
				<td><i class="fa fa-times text-fail"></i></td>
				<td>13:14:20</td>
				<td>
Snapshot below: AventStack.ExtentReports.ExtentTest									</td>
			</tr>
	</tbody>
</table>

</div>    
<div class="detail-foot">
	<ul class="attachments">
		<li>
			<a href="C:\Users\sanne\src\Repos\Internet-Tests\Automation_Report\OutPut\screenshots\screenshots_On_10-31-19\ReactivateFullMembership_2019-10-31-13-14-20.png" data-featherlight="image">
				<div class="file-icon">
					<i class="fa fa-file-image-o"></i> 
				</div>
				<div class="file-info">
		                <span class="file-name">ReactivateFullMembership_2019-10-31-13-14-20.png</span>
		                <span class="file-size"> 1046432Kb</span>
				</div>
			</a>
		</li>
	</ul>
</div>
											</div>
										</li>
										<li class="test-item" status="pass" author="" device="" tag=""> 
											<div class="status-avatar pass-bg">
												<i class="fa fa-check text-white"></i>
											</div>
											<div class="open-test">
												<div class="test-detail"> 
													<p class="name">ReactivateLiteMCMember</p> 
													<p class="duration text-sm">0h:0m:25s+150ms</p> 
													<span class="datetime">13:14:25 PM</span>
												</div>
											</div>
											<div class="test-contents d-none">
												<div class="detail-head">
													<div class="p-v-10 d-inline-block">	
														<div class="info">
															<h5 class="test-status text-pass">ReactivateLiteMCMember</h5>
															<span class='badge badge-success'>10/31/2019 1:14:25 PM</span>
															<span class='badge badge-danger'>10/31/2019 1:14:50 PM</span>
															<span class='badge badge-default'>0h:0m:25s+150ms</span>
														</div>
																											</div>
												</div>
<div class="detail-body mt-4">												
	
<table class="table table-sm">
	<thead><tr>
		<th class="status-col">Status</th>
		<th class="timestamp-col">Timestamp</th>
		<th class="details-col">Details</th>
	</tr></thead>
	<tbody>
			<tr class="event-row">
				<td><i class="fa fa-check text-pass"></i></td>
				<td>13:14:50</td>
				<td>
Movie Club - Reactivate to Movie Club Lite Passed									</td>
			</tr>
	</tbody>
</table>

</div>    
											</div>
										</li>
										<li class="test-item" status="fail" author="" device="" tag=""> 
											<div class="status-avatar fail-bg">
												<i class="fa fa-times text-white"></i>
											</div>
											<div class="open-test">
												<div class="test-detail"> 
													<p class="name">MovieMembershipGiftPurchase</p> 
													<p class="duration text-sm">0h:0m:56s+076ms</p> 
													<span class="datetime">13:14:57 PM</span>
												</div>
											</div>
											<div class="test-contents d-none">
												<div class="detail-head">
													<div class="p-v-10 d-inline-block">	
														<div class="info">
															<h5 class="test-status text-fail">MovieMembershipGiftPurchase</h5>
															<span class='badge badge-success'>10/31/2019 1:14:57 PM</span>
															<span class='badge badge-danger'>10/31/2019 1:15:53 PM</span>
															<span class='badge badge-default'>0h:0m:56s+076ms</span>
														</div>
																											</div>
												</div>
<div class="detail-body mt-4">												
	
<table class="table table-sm">
	<thead><tr>
		<th class="status-col">Status</th>
		<th class="timestamp-col">Timestamp</th>
		<th class="details-col">Details</th>
	</tr></thead>
	<tbody>
			<tr class="event-row">
				<td><i class="fa fa-times text-fail"></i></td>
				<td>13:15:52</td>
				<td>
Movie Club Membership gift purchased Failed									</td>
			</tr>
			<tr class="event-row">
				<td><i class="fa fa-times text-fail"></i></td>
				<td>13:15:52</td>
				<td>
NUnit.Framework.AssertionException
   at NUnit.Framework.Assert.ReportFailure(String message) in D:\a\1\s\src\NUnitFramework\framework\Assert.cs:line 394
   at NUnit.Framework.Assert.Fail(String message, Object[] args) in D:\a\1\s\src\NUnitFramework\framework\Assert.cs:line 145
   at NUnit.Framework.Assert.Fail() in D:\a\1\s\src\NUnitFramework\framework\Assert.cs:line 164
   at Cinemark.com.cinemark.testscripts.RedeemMCGiftAsSignedInMCMemberTest.<MovieMembershipGiftPurchase>b__10_0() in C:\Users\sanne\src\Repos\Internet-Tests\com.cinemark.testscripts\MovieClub\RedeemMCGiftAsSignedInMCMemberTest.cs:line 68
   at Cinemark.com.cinemark.testscripts.BaseTest.UITest(Action action) in C:\Users\sanne\src\Repos\Internet-Tests\com.cinemark.testscripts\BaseTest.cs:line 41									</td>
			</tr>
			<tr class="event-row">
				<td><i class="fa fa-times text-fail"></i></td>
				<td>13:15:53</td>
				<td>
Test ended with status *** Fail ***									</td>
			</tr>
			<tr class="event-row">
				<td><i class="fa fa-times text-fail"></i></td>
				<td>13:15:53</td>
				<td>
Snapshot below: AventStack.ExtentReports.ExtentTest									</td>
			</tr>
	</tbody>
</table>

</div>    
<div class="detail-foot">
	<ul class="attachments">
		<li>
			<a href="C:\Users\sanne\src\Repos\Internet-Tests\Automation_Report\OutPut\screenshots\screenshots_On_10-31-19\MovieMembershipGiftPurchase_2019-10-31-13-15-52.png" data-featherlight="image">
				<div class="file-icon">
					<i class="fa fa-file-image-o"></i> 
				</div>
				<div class="file-info">
		                <span class="file-name">MovieMembershipGiftPurchase_2019-10-31-13-15-52.png</span>
		                <span class="file-size"> 137219Kb</span>
				</div>
			</a>
		</li>
	</ul>
</div>
											</div>
										</li>
										<li class="test-item" status="pass" author="" device="" tag=""> 
											<div class="status-avatar pass-bg">
												<i class="fa fa-check text-white"></i>
											</div>
											<div class="open-test">
												<div class="test-detail"> 
													<p class="name">AddNMCMemberThruMovieRewards</p> 
													<p class="duration text-sm">0h:0m:0s+000ms</p> 
													<span class="datetime">13:15:53 PM</span>
												</div>
											</div>
											<div class="test-contents d-none">
												<div class="detail-head">
													<div class="p-v-10 d-inline-block">	
														<div class="info">
															<h5 class="test-status text-pass">AddNMCMemberThruMovieRewards</h5>
															<span class='badge badge-success'>10/31/2019 1:15:53 PM</span>
															<span class='badge badge-danger'>10/31/2019 1:15:53 PM</span>
															<span class='badge badge-default'>0h:0m:0s+000ms</span>
														</div>
																											</div>
												</div>
											</div>
										</li>
										<li class="test-item" status="fail" author="" device="" tag=""> 
											<div class="status-avatar fail-bg">
												<i class="fa fa-times text-white"></i>
											</div>
											<div class="open-test">
												<div class="test-detail"> 
													<p class="name">RedeemMCGift</p> 
													<p class="duration text-sm">0h:0m:3s+760ms</p> 
													<span class="datetime">13:16:04 PM</span>
												</div>
											</div>
											<div class="test-contents d-none">
												<div class="detail-head">
													<div class="p-v-10 d-inline-block">	
														<div class="info">
															<h5 class="test-status text-fail">RedeemMCGift</h5>
															<span class='badge badge-success'>10/31/2019 1:16:04 PM</span>
															<span class='badge badge-danger'>10/31/2019 1:16:08 PM</span>
															<span class='badge badge-default'>0h:0m:3s+760ms</span>
														</div>
																											</div>
												</div>
<div class="detail-body mt-4">												
	
<table class="table table-sm">
	<thead><tr>
		<th class="status-col">Status</th>
		<th class="timestamp-col">Timestamp</th>
		<th class="details-col">Details</th>
	</tr></thead>
	<tbody>
			<tr class="event-row">
				<td><i class="fa fa-times text-fail"></i></td>
				<td>13:16:07</td>
				<td>
Redeem Movie Club Membership Gift for credits Failed									</td>
			</tr>
			<tr class="event-row">
				<td><i class="fa fa-times text-fail"></i></td>
				<td>13:16:07</td>
				<td>
NUnit.Framework.AssertionException
   at NUnit.Framework.Assert.ReportFailure(String message) in D:\a\1\s\src\NUnitFramework\framework\Assert.cs:line 394
   at NUnit.Framework.Assert.Fail(String message, Object[] args) in D:\a\1\s\src\NUnitFramework\framework\Assert.cs:line 145
   at NUnit.Framework.Assert.Fail() in D:\a\1\s\src\NUnitFramework\framework\Assert.cs:line 164
   at Cinemark.com.cinemark.testscripts.RedeemMCGiftAsSignedInMCMemberTest.<RedeemMCGift>b__12_0() in C:\Users\sanne\src\Repos\Internet-Tests\com.cinemark.testscripts\MovieClub\RedeemMCGiftAsSignedInMCMemberTest.cs:line 136
   at Cinemark.com.cinemark.testscripts.BaseTest.UITest(Action action) in C:\Users\sanne\src\Repos\Internet-Tests\com.cinemark.testscripts\BaseTest.cs:line 41									</td>
			</tr>
			<tr class="event-row">
				<td><i class="fa fa-times text-fail"></i></td>
				<td>13:16:08</td>
				<td>
Test ended with status *** Fail ***									</td>
			</tr>
			<tr class="event-row">
				<td><i class="fa fa-times text-fail"></i></td>
				<td>13:16:08</td>
				<td>
Snapshot below: AventStack.ExtentReports.ExtentTest									</td>
			</tr>
	</tbody>
</table>

</div>    
<div class="detail-foot">
	<ul class="attachments">
		<li>
			<a href="C:\Users\sanne\src\Repos\Internet-Tests\Automation_Report\OutPut\screenshots\screenshots_On_10-31-19\RedeemMCGift_2019-10-31-13-16-07.png" data-featherlight="image">
				<div class="file-icon">
					<i class="fa fa-file-image-o"></i> 
				</div>
				<div class="file-info">
		                <span class="file-name">RedeemMCGift_2019-10-31-13-16-07.png</span>
		                <span class="file-size"> 833957Kb</span>
				</div>
			</a>
		</li>
	</ul>
</div>
											</div>
										</li>
										<li class="test-item" status="fail" author="" device="" tag=""> 
											<div class="status-avatar fail-bg">
												<i class="fa fa-times text-white"></i>
											</div>
											<div class="open-test">
												<div class="test-detail"> 
													<p class="name">PurchaseMovieClubGift</p> 
													<p class="duration text-sm">0h:0m:55s+511ms</p> 
													<span class="datetime">13:16:13 PM</span>
												</div>
											</div>
											<div class="test-contents d-none">
												<div class="detail-head">
													<div class="p-v-10 d-inline-block">	
														<div class="info">
															<h5 class="test-status text-fail">PurchaseMovieClubGift</h5>
															<span class='badge badge-success'>10/31/2019 1:16:13 PM</span>
															<span class='badge badge-danger'>10/31/2019 1:17:09 PM</span>
															<span class='badge badge-default'>0h:0m:55s+511ms</span>
														</div>
																											</div>
												</div>
<div class="detail-body mt-4">												
	
<table class="table table-sm">
	<thead><tr>
		<th class="status-col">Status</th>
		<th class="timestamp-col">Timestamp</th>
		<th class="details-col">Details</th>
	</tr></thead>
	<tbody>
			<tr class="event-row">
				<td><i class="fa fa-times text-fail"></i></td>
				<td>13:17:09</td>
				<td>
Test ended with status *** Fail ***  OpenQA.Selenium.WebDriverTimeoutException : Timed out after 50 seconds
  ----> OpenQA.Selenium.NoSuchElementException : Could not find element by: By.LinkText: Gifts									</td>
			</tr>
			<tr class="event-row">
				<td><i class="fa fa-times text-fail"></i></td>
				<td>13:17:09</td>
				<td>
Snapshot below: AventStack.ExtentReports.ExtentTest									</td>
			</tr>
	</tbody>
</table>

</div>    
<div class="detail-foot">
	<ul class="attachments">
		<li>
			<a href="C:\Users\sanne\src\Repos\Internet-Tests\Automation_Report\OutPut\screenshots\screenshots_On_10-31-19\PurchaseMovieClubGift_2019-10-31-13-17-08.png" data-featherlight="image">
				<div class="file-icon">
					<i class="fa fa-file-image-o"></i> 
				</div>
				<div class="file-info">
		                <span class="file-name">PurchaseMovieClubGift_2019-10-31-13-17-08.png</span>
		                <span class="file-size"> 137219Kb</span>
				</div>
			</a>
		</li>
	</ul>
</div>
											</div>
										</li>
										<li class="test-item" status="fail" author="" device="" tag=""> 
											<div class="status-avatar fail-bg">
												<i class="fa fa-times text-white"></i>
											</div>
											<div class="open-test">
												<div class="test-detail"> 
													<p class="name">RegisterMCMUsingGiftCard</p> 
													<p class="duration text-sm">0h:0m:8s+673ms</p> 
													<span class="datetime">13:17:09 PM</span>
												</div>
											</div>
											<div class="test-contents d-none">
												<div class="detail-head">
													<div class="p-v-10 d-inline-block">	
														<div class="info">
															<h5 class="test-status text-fail">RegisterMCMUsingGiftCard</h5>
															<span class='badge badge-success'>10/31/2019 1:17:09 PM</span>
															<span class='badge badge-danger'>10/31/2019 1:17:18 PM</span>
															<span class='badge badge-default'>0h:0m:8s+673ms</span>
														</div>
																											</div>
												</div>
<div class="detail-body mt-4">												
	
<table class="table table-sm">
	<thead><tr>
		<th class="status-col">Status</th>
		<th class="timestamp-col">Timestamp</th>
		<th class="details-col">Details</th>
	</tr></thead>
	<tbody>
			<tr class="event-row">
				<td><i class="fa fa-times text-fail"></i></td>
				<td>13:17:16</td>
				<td>
Movie Club Membership Gift Code successfully used to register a new Movie Club member Failed									</td>
			</tr>
			<tr class="event-row">
				<td><i class="fa fa-times text-fail"></i></td>
				<td>13:17:17</td>
				<td>
NUnit.Framework.AssertionException
   at NUnit.Framework.Assert.ReportFailure(String message) in D:\a\1\s\src\NUnitFramework\framework\Assert.cs:line 394
   at NUnit.Framework.Assert.Fail(String message, Object[] args) in D:\a\1\s\src\NUnitFramework\framework\Assert.cs:line 145
   at NUnit.Framework.Assert.Fail() in D:\a\1\s\src\NUnitFramework\framework\Assert.cs:line 164
   at Cinemark.com.cinemark.testscripts.RedeemMCGiftAsUserWithNoAccountTest.<RegisterMCMUsingGiftCard>b__11_0() in C:\Users\sanne\src\Repos\Internet-Tests\com.cinemark.testscripts\MovieClub\RedeemMCGiftAsUserWithNoAccountTest.cs:line 96
   at Cinemark.com.cinemark.testscripts.BaseTest.UITest(Action action) in C:\Users\sanne\src\Repos\Internet-Tests\com.cinemark.testscripts\BaseTest.cs:line 41									</td>
			</tr>
			<tr class="event-row">
				<td><i class="fa fa-times text-fail"></i></td>
				<td>13:17:18</td>
				<td>
Test ended with status *** Fail ***									</td>
			</tr>
			<tr class="event-row">
				<td><i class="fa fa-times text-fail"></i></td>
				<td>13:17:18</td>
				<td>
Snapshot below: AventStack.ExtentReports.ExtentTest									</td>
			</tr>
	</tbody>
</table>

</div>    
<div class="detail-foot">
	<ul class="attachments">
		<li>
			<a href="C:\Users\sanne\src\Repos\Internet-Tests\Automation_Report\OutPut\screenshots\screenshots_On_10-31-19\RegisterMCMUsingGiftCard_2019-10-31-13-17-17.png" data-featherlight="image">
				<div class="file-icon">
					<i class="fa fa-file-image-o"></i> 
				</div>
				<div class="file-info">
		                <span class="file-name">RegisterMCMUsingGiftCard_2019-10-31-13-17-17.png</span>
		                <span class="file-size"> 122973Kb</span>
				</div>
			</a>
		</li>
	</ul>
</div>
											</div>
										</li>
										<li class="test-item" status="fail" author="" device="" tag=""> 
											<div class="status-avatar fail-bg">
												<i class="fa fa-times text-white"></i>
											</div>
											<div class="open-test">
												<div class="test-detail"> 
													<p class="name">TotalAmount</p> 
													<p class="duration text-sm">0h:0m:6s+164ms</p> 
													<span class="datetime">13:17:18 PM</span>
												</div>
											</div>
											<div class="test-contents d-none">
												<div class="detail-head">
													<div class="p-v-10 d-inline-block">	
														<div class="info">
															<h5 class="test-status text-fail">TotalAmount</h5>
															<span class='badge badge-success'>10/31/2019 1:17:18 PM</span>
															<span class='badge badge-danger'>10/31/2019 1:17:24 PM</span>
															<span class='badge badge-default'>0h:0m:6s+164ms</span>
														</div>
																											</div>
												</div>
<div class="detail-body mt-4">												
	
<table class="table table-sm">
	<thead><tr>
		<th class="status-col">Status</th>
		<th class="timestamp-col">Timestamp</th>
		<th class="details-col">Details</th>
	</tr></thead>
	<tbody>
			<tr class="event-row">
				<td><i class="fa fa-times text-fail"></i></td>
				<td>13:17:23</td>
				<td>
Checking Final amount is $0.00 when Movie Club Membership Gift Code is successfully used to register a new Movie Club member Failed									</td>
			</tr>
			<tr class="event-row">
				<td><i class="fa fa-times text-fail"></i></td>
				<td>13:17:23</td>
				<td>
NUnit.Framework.AssertionException
   at NUnit.Framework.Assert.ReportFailure(String message) in D:\a\1\s\src\NUnitFramework\framework\Assert.cs:line 394
   at NUnit.Framework.Assert.Fail(String message, Object[] args) in D:\a\1\s\src\NUnitFramework\framework\Assert.cs:line 145
   at NUnit.Framework.Assert.Fail() in D:\a\1\s\src\NUnitFramework\framework\Assert.cs:line 164
   at Cinemark.com.cinemark.testscripts.RedeemMCGiftAsUserWithNoAccountTest.<TotalAmount>b__12_0() in C:\Users\sanne\src\Repos\Internet-Tests\com.cinemark.testscripts\MovieClub\RedeemMCGiftAsUserWithNoAccountTest.cs:line 124
   at Cinemark.com.cinemark.testscripts.BaseTest.UITest(Action action) in C:\Users\sanne\src\Repos\Internet-Tests\com.cinemark.testscripts\BaseTest.cs:line 41									</td>
			</tr>
			<tr class="event-row">
				<td><i class="fa fa-times text-fail"></i></td>
				<td>13:17:24</td>
				<td>
Test ended with status *** Fail ***									</td>
			</tr>
			<tr class="event-row">
				<td><i class="fa fa-times text-fail"></i></td>
				<td>13:17:24</td>
				<td>
Snapshot below: AventStack.ExtentReports.ExtentTest									</td>
			</tr>
	</tbody>
</table>

</div>    
<div class="detail-foot">
	<ul class="attachments">
		<li>
			<a href="C:\Users\sanne\src\Repos\Internet-Tests\Automation_Report\OutPut\screenshots\screenshots_On_10-31-19\TotalAmount_2019-10-31-13-17-23.png" data-featherlight="image">
				<div class="file-icon">
					<i class="fa fa-file-image-o"></i> 
				</div>
				<div class="file-info">
		                <span class="file-name">TotalAmount_2019-10-31-13-17-23.png</span>
		                <span class="file-size"> 122973Kb</span>
				</div>
			</a>
		</li>
	</ul>
</div>
											</div>
										</li>
										<li class="test-item" status="fail" author="" device="" tag=""> 
											<div class="status-avatar fail-bg">
												<i class="fa fa-times text-white"></i>
											</div>
											<div class="open-test">
												<div class="test-detail"> 
													<p class="name">SignInMovieClubMemberTest</p> 
													<p class="duration text-sm">0h:0m:9s+834ms</p> 
													<span class="datetime">13:17:30 PM</span>
												</div>
											</div>
											<div class="test-contents d-none">
												<div class="detail-head">
													<div class="p-v-10 d-inline-block">	
														<div class="info">
															<h5 class="test-status text-fail">SignInMovieClubMemberTest</h5>
															<span class='badge badge-success'>10/31/2019 1:17:30 PM</span>
															<span class='badge badge-danger'>10/31/2019 1:17:40 PM</span>
															<span class='badge badge-default'>0h:0m:9s+834ms</span>
														</div>
																											</div>
												</div>
<div class="detail-body mt-4">												
	
<table class="table table-sm">
	<thead><tr>
		<th class="status-col">Status</th>
		<th class="timestamp-col">Timestamp</th>
		<th class="details-col">Details</th>
	</tr></thead>
	<tbody>
			<tr class="event-row">
				<td><i class="fa fa-times text-fail"></i></td>
				<td>13:17:38</td>
				<td>
Existing Member is able to sign in successfully Failed									</td>
			</tr>
			<tr class="event-row">
				<td><i class="fa fa-times text-fail"></i></td>
				<td>13:17:39</td>
				<td>
NUnit.Framework.AssertionException
   at NUnit.Framework.Assert.ReportFailure(String message) in D:\a\1\s\src\NUnitFramework\framework\Assert.cs:line 394
   at NUnit.Framework.Assert.Fail(String message, Object[] args) in D:\a\1\s\src\NUnitFramework\framework\Assert.cs:line 145
   at NUnit.Framework.Assert.Fail() in D:\a\1\s\src\NUnitFramework\framework\Assert.cs:line 164
   at Cinemark.com.cinemark.testscripts.SignInMCMTest.<SignInMovieClubMemberTest>b__4_0() in C:\Users\sanne\src\Repos\Internet-Tests\com.cinemark.testscripts\SignInMCMTest.cs:line 49
   at Cinemark.com.cinemark.testscripts.BaseTest.UITest(Action action) in C:\Users\sanne\src\Repos\Internet-Tests\com.cinemark.testscripts\BaseTest.cs:line 41									</td>
			</tr>
			<tr class="event-row">
				<td><i class="fa fa-times text-fail"></i></td>
				<td>13:17:40</td>
				<td>
Test ended with status *** Fail ***									</td>
			</tr>
			<tr class="event-row">
				<td><i class="fa fa-times text-fail"></i></td>
				<td>13:17:40</td>
				<td>
Snapshot below: AventStack.ExtentReports.ExtentTest									</td>
			</tr>
	</tbody>
</table>

</div>    
<div class="detail-foot">
	<ul class="attachments">
		<li>
			<a href="C:\Users\sanne\src\Repos\Internet-Tests\Automation_Report\OutPut\screenshots\screenshots_On_10-31-19\SignInMovieClubMemberTest_2019-10-31-13-17-39.png" data-featherlight="image">
				<div class="file-icon">
					<i class="fa fa-file-image-o"></i> 
				</div>
				<div class="file-info">
		                <span class="file-name">SignInMovieClubMemberTest_2019-10-31-13-17-39.png</span>
		                <span class="file-size"> 708541Kb</span>
				</div>
			</a>
		</li>
	</ul>
</div>
											</div>
										</li>
										<li class="test-item" status="fail" author="" device="" tag=""> 
											<div class="status-avatar fail-bg">
												<i class="fa fa-times text-white"></i>
											</div>
											<div class="open-test">
												<div class="test-detail"> 
													<p class="name">SignInWithTermsConditions</p> 
													<p class="duration text-sm">0h:1m:33s+861ms</p> 
													<span class="datetime">13:17:46 PM</span>
												</div>
											</div>
											<div class="test-contents d-none">
												<div class="detail-head">
													<div class="p-v-10 d-inline-block">	
														<div class="info">
															<h5 class="test-status text-fail">SignInWithTermsConditions</h5>
															<span class='badge badge-success'>10/31/2019 1:17:46 PM</span>
															<span class='badge badge-danger'>10/31/2019 1:19:20 PM</span>
															<span class='badge badge-default'>0h:1m:33s+861ms</span>
														</div>
																											</div>
												</div>
<div class="detail-body mt-4">												
	
<table class="table table-sm">
	<thead><tr>
		<th class="status-col">Status</th>
		<th class="timestamp-col">Timestamp</th>
		<th class="details-col">Details</th>
	</tr></thead>
	<tbody>
			<tr class="event-row">
				<td><i class="fa fa-times text-fail"></i></td>
				<td>13:19:18</td>
				<td>
Existing Member is able to sign in successfully Failed									</td>
			</tr>
			<tr class="event-row">
				<td><i class="fa fa-times text-fail"></i></td>
				<td>13:19:19</td>
				<td>
NUnit.Framework.AssertionException
   at NUnit.Framework.Assert.ReportFailure(String message) in D:\a\1\s\src\NUnitFramework\framework\Assert.cs:line 394
   at NUnit.Framework.Assert.Fail(String message, Object[] args) in D:\a\1\s\src\NUnitFramework\framework\Assert.cs:line 145
   at NUnit.Framework.Assert.Fail() in D:\a\1\s\src\NUnitFramework\framework\Assert.cs:line 164
   at Cinemark.com.cinemark.testscripts.SignInMCMWithTAndCTest.<SignInWithTermsConditions>b__2_0() in C:\Users\sanne\src\Repos\Internet-Tests\com.cinemark.testscripts\SignInMCMWithTAndCTest.cs:line 46
   at Cinemark.com.cinemark.testscripts.BaseTest.UITest(Action action) in C:\Users\sanne\src\Repos\Internet-Tests\com.cinemark.testscripts\BaseTest.cs:line 41									</td>
			</tr>
			<tr class="event-row">
				<td><i class="fa fa-times text-fail"></i></td>
				<td>13:19:20</td>
				<td>
Test ended with status *** Fail ***									</td>
			</tr>
			<tr class="event-row">
				<td><i class="fa fa-times text-fail"></i></td>
				<td>13:19:20</td>
				<td>
Snapshot below: AventStack.ExtentReports.ExtentTest									</td>
			</tr>
	</tbody>
</table>

</div>    
<div class="detail-foot">
	<ul class="attachments">
		<li>
			<a href="C:\Users\sanne\src\Repos\Internet-Tests\Automation_Report\OutPut\screenshots\screenshots_On_10-31-19\SignInWithTermsConditions_2019-10-31-13-19-19.png" data-featherlight="image">
				<div class="file-icon">
					<i class="fa fa-file-image-o"></i> 
				</div>
				<div class="file-info">
		                <span class="file-name">SignInWithTermsConditions_2019-10-31-13-19-19.png</span>
		                <span class="file-size"> 556498Kb</span>
				</div>
			</a>
		</li>
	</ul>
</div>
											</div>
										</li>
										<li class="test-item" status="pass" author="" device="" tag=""> 
											<div class="status-avatar pass-bg">
												<i class="fa fa-check text-white"></i>
											</div>
											<div class="open-test">
												<div class="test-detail"> 
													<p class="name">MovieClubLite</p> 
													<p class="duration text-sm">0h:0m:18s+682ms</p> 
													<span class="datetime">13:19:54 PM</span>
												</div>
											</div>
											<div class="test-contents d-none">
												<div class="detail-head">
													<div class="p-v-10 d-inline-block">	
														<div class="info">
															<h5 class="test-status text-pass">MovieClubLite</h5>
															<span class='badge badge-success'>10/31/2019 1:19:54 PM</span>
															<span class='badge badge-danger'>10/31/2019 1:20:13 PM</span>
															<span class='badge badge-default'>0h:0m:18s+682ms</span>
														</div>
																											</div>
												</div>
<div class="detail-body mt-4">												
	
<table class="table table-sm">
	<thead><tr>
		<th class="status-col">Status</th>
		<th class="timestamp-col">Timestamp</th>
		<th class="details-col">Details</th>
	</tr></thead>
	<tbody>
			<tr class="event-row">
				<td><i class="fa fa-check text-pass"></i></td>
				<td>13:20:13</td>
				<td>
Movie Club - Switch to Movie Club Lite Passed									</td>
			</tr>
	</tbody>
</table>

</div>    
											</div>
										</li>
										<li class="test-item" status="pass" author="" device="" tag=""> 
											<div class="status-avatar pass-bg">
												<i class="fa fa-check text-white"></i>
											</div>
											<div class="open-test">
												<div class="test-detail"> 
													<p class="name">MovieClubLiteMembershipPlanValue</p> 
													<p class="duration text-sm">0h:0m:2s+895ms</p> 
													<span class="datetime">13:20:13 PM</span>
												</div>
											</div>
											<div class="test-contents d-none">
												<div class="detail-head">
													<div class="p-v-10 d-inline-block">	
														<div class="info">
															<h5 class="test-status text-pass">MovieClubLiteMembershipPlanValue</h5>
															<span class='badge badge-success'>10/31/2019 1:20:13 PM</span>
															<span class='badge badge-danger'>10/31/2019 1:20:15 PM</span>
															<span class='badge badge-default'>0h:0m:2s+895ms</span>
														</div>
																											</div>
												</div>
<div class="detail-body mt-4">												
	
<table class="table table-sm">
	<thead><tr>
		<th class="status-col">Status</th>
		<th class="timestamp-col">Timestamp</th>
		<th class="details-col">Details</th>
	</tr></thead>
	<tbody>
			<tr class="event-row">
				<td><i class="fa fa-check text-pass"></i></td>
				<td>13:20:15</td>
				<td>
Movie Club Lite Membership Plan Value is correct Passed									</td>
			</tr>
	</tbody>
</table>

</div>    
											</div>
										</li>
										<li class="test-item" status="pass" author="" device="" tag=""> 
											<div class="status-avatar pass-bg">
												<i class="fa fa-check text-white"></i>
											</div>
											<div class="open-test">
												<div class="test-detail"> 
													<p class="name">MovieClubFull</p> 
													<p class="duration text-sm">0h:0m:6s+779ms</p> 
													<span class="datetime">13:20:15 PM</span>
												</div>
											</div>
											<div class="test-contents d-none">
												<div class="detail-head">
													<div class="p-v-10 d-inline-block">	
														<div class="info">
															<h5 class="test-status text-pass">MovieClubFull</h5>
															<span class='badge badge-success'>10/31/2019 1:20:15 PM</span>
															<span class='badge badge-danger'>10/31/2019 1:20:22 PM</span>
															<span class='badge badge-default'>0h:0m:6s+779ms</span>
														</div>
																											</div>
												</div>
<div class="detail-body mt-4">												
	
<table class="table table-sm">
	<thead><tr>
		<th class="status-col">Status</th>
		<th class="timestamp-col">Timestamp</th>
		<th class="details-col">Details</th>
	</tr></thead>
	<tbody>
			<tr class="event-row">
				<td><i class="fa fa-check text-pass"></i></td>
				<td>13:20:22</td>
				<td>
Switching Lite Movie Club User to Full Movie Club user Passed									</td>
			</tr>
	</tbody>
</table>

</div>    
											</div>
										</li>
										<li class="test-item" status="pass" author="" device="" tag=""> 
											<div class="status-avatar pass-bg">
												<i class="fa fa-check text-white"></i>
											</div>
											<div class="open-test">
												<div class="test-detail"> 
													<p class="name">MovieClubFullMembershipPlanValue</p> 
													<p class="duration text-sm">0h:0m:3s+362ms</p> 
													<span class="datetime">13:20:22 PM</span>
												</div>
											</div>
											<div class="test-contents d-none">
												<div class="detail-head">
													<div class="p-v-10 d-inline-block">	
														<div class="info">
															<h5 class="test-status text-pass">MovieClubFullMembershipPlanValue</h5>
															<span class='badge badge-success'>10/31/2019 1:20:22 PM</span>
															<span class='badge badge-danger'>10/31/2019 1:20:26 PM</span>
															<span class='badge badge-default'>0h:0m:3s+362ms</span>
														</div>
																											</div>
												</div>
<div class="detail-body mt-4">												
	
<table class="table table-sm">
	<thead><tr>
		<th class="status-col">Status</th>
		<th class="timestamp-col">Timestamp</th>
		<th class="details-col">Details</th>
	</tr></thead>
	<tbody>
			<tr class="event-row">
				<td><i class="fa fa-check text-pass"></i></td>
				<td>13:20:26</td>
				<td>
Movie Club Full Plan Value displayed is correct Passed									</td>
			</tr>
	</tbody>
</table>

</div>    
											</div>
										</li>
                                </ul>    
                            </div>
                        </div>
                        <div class="test-content scrollable">
                            <div class="test-content-tools">
                                <ul>
                                    <li>
                                        <a class="back-to-test" href="javascript:void(0)">
                                            <i class="fa fa-arrow-left"></i>
                                        </a>
                                    </li>
                                </ul>
                            </div>
                            <div class="test-content-detail">
                                <div class="detail-body"></div>
                            </div>
                        </div>
                    </div>
                </div>
            </div>
        </div>
    </div>
	<script type='text/javascript'>
	
</script>
<script src="https://cdn.rawgit.com/extent-framework/extent-github-cdn/f97b667/spark/js/script.js"></script>

</body>

</html>